<?xml version="1.0" encoding="UTF-8"?>
<testsuite name="NumbersTest" tests="1" skipped="0" failures="0" errors="0" timestamp="2024-06-12T17:04:23" hostname="MBPuzivaCuninka.home" time="12.588">
  <properties/>
  <testcase name="start" classname="NumbersTest" time="12.588"/>
  <system-out><![CDATA[?[1;31m
Start test 1?[0m
Welcome to Amazing Numbers!

Supported requests:
- enter a natural number to know its properties;
- enter two natural numbers to obtain the properties of the list:
  * the first parameter represents a starting number;
  * the second parameter shows how many consecutive numbers are to be printed;
- two natural numbers and properties to search for;
- a property preceded by minus must not be present in numbers;
- separate the parameters with one space;
- enter 0 to exit.

Enter a request: > > 0
?[1;31m
Start test 2?[0m
Welcome to Amazing Numbers!

Supported requests:
- enter a natural number to know its properties;
- enter two natural numbers to obtain the properties of the list:
  * the first parameter represents a starting number;
  * the second parameter shows how many consecutive numbers are to be printed;
- two natural numbers and properties to search for;
- a property preceded by minus must not be present in numbers;
- separate the parameters with one space;
- enter 0 to exit.

Enter a request: > > -65

The first parameter should be a natural number or zero.

Enter a request: > > 0
?[1;31m
Start test 3?[0m
Welcome to Amazing Numbers!

Supported requests:
- enter a natural number to know its properties;
- enter two natural numbers to obtain the properties of the list:
  * the first parameter represents a starting number;
  * the second parameter shows how many consecutive numbers are to be printed;
- two natural numbers and properties to search for;
- a property preceded by minus must not be present in numbers;
- separate the parameters with one space;
- enter 0 to exit.

Enter a request: > > -62

The first parameter should be a natural number or zero.

Enter a request: > > 0
?[1;31m
Start test 4?[0m
Welcome to Amazing Numbers!

Supported requests:
- enter a natural number to know its properties;
- enter two natural numbers to obtain the properties of the list:
  * the first parameter represents a starting number;
  * the second parameter shows how many consecutive numbers are to be printed;
- two natural numbers and properties to search for;
- a property preceded by minus must not be present in numbers;
- separate the parameters with one space;
- enter 0 to exit.

Enter a request: > > -83

The first parameter should be a natural number or zero.

Enter a request: > > 0
?[1;31m
Start test 5?[0m
Welcome to Amazing Numbers!

Supported requests:
- enter a natural number to know its properties;
- enter two natural numbers to obtain the properties of the list:
  * the first parameter represents a starting number;
  * the second parameter shows how many consecutive numbers are to be printed;
- two natural numbers and properties to search for;
- a property preceded by minus must not be present in numbers;
- separate the parameters with one space;
- enter 0 to exit.

Enter a request: > > -78

The first parameter should be a natural number or zero.

Enter a request: > > 0
?[1;31m
Start test 6?[0m
Welcome to Amazing Numbers!

Supported requests:
- enter a natural number to know its properties;
- enter two natural numbers to obtain the properties of the list:
  * the first parameter represents a starting number;
  * the second parameter shows how many consecutive numbers are to be printed;
- two natural numbers and properties to search for;
- a property preceded by minus must not be present in numbers;
- separate the parameters with one space;
- enter 0 to exit.

Enter a request: > > -1

The first parameter should be a natural number or zero.

Enter a request: > > 0
?[1;31m
Start test 7?[0m
Welcome to Amazing Numbers!

Supported requests:
- enter a natural number to know its properties;
- enter two natural numbers to obtain the properties of the list:
  * the first parameter represents a starting number;
  * the second parameter shows how many consecutive numbers are to be printed;
- two natural numbers and properties to search for;
- a property preceded by minus must not be present in numbers;
- separate the parameters with one space;
- enter 0 to exit.

Enter a request: > > 3002 -21942

The second parameter should be a natural number or zero.

Enter a request: > > 0
?[1;31m
Start test 8?[0m
Welcome to Amazing Numbers!

Supported requests:
- enter a natural number to know its properties;
- enter two natural numbers to obtain the properties of the list:
  * the first parameter represents a starting number;
  * the second parameter shows how many consecutive numbers are to be printed;
- two natural numbers and properties to search for;
- a property preceded by minus must not be present in numbers;
- separate the parameters with one space;
- enter 0 to exit.

Enter a request: > > 924 -30761

The second parameter should be a natural number or zero.

Enter a request: > > 0
?[1;31m
Start test 9?[0m
Welcome to Amazing Numbers!

Supported requests:
- enter a natural number to know its properties;
- enter two natural numbers to obtain the properties of the list:
  * the first parameter represents a starting number;
  * the second parameter shows how many consecutive numbers are to be printed;
- two natural numbers and properties to search for;
- a property preceded by minus must not be present in numbers;
- separate the parameters with one space;
- enter 0 to exit.

Enter a request: > > 2085 -16118

The second parameter should be a natural number or zero.

Enter a request: > > 0
?[1;31m
Start test 10?[0m
Welcome to Amazing Numbers!

Supported requests:
- enter a natural number to know its properties;
- enter two natural numbers to obtain the properties of the list:
  * the first parameter represents a starting number;
  * the second parameter shows how many consecutive numbers are to be printed;
- two natural numbers and properties to search for;
- a property preceded by minus must not be present in numbers;
- separate the parameters with one space;
- enter 0 to exit.

Enter a request: > > 11738 -12953

The second parameter should be a natural number or zero.

Enter a request: > > 0
?[1;31m
Start test 11?[0m
Welcome to Amazing Numbers!

Supported requests:
- enter a natural number to know its properties;
- enter two natural numbers to obtain the properties of the list:
  * the first parameter represents a starting number;
  * the second parameter shows how many consecutive numbers are to be printed;
- two natural numbers and properties to search for;
- a property preceded by minus must not be present in numbers;
- separate the parameters with one space;
- enter 0 to exit.

Enter a request: > > 31428 -11582

The second parameter should be a natural number or zero.

Enter a request: > > 0
?[1;31m
Start test 12?[0m
Welcome to Amazing Numbers!

Supported requests:
- enter a natural number to know its properties;
- enter two natural numbers to obtain the properties of the list:
  * the first parameter represents a starting number;
  * the second parameter shows how many consecutive numbers are to be printed;
- two natural numbers and properties to search for;
- a property preceded by minus must not be present in numbers;
- separate the parameters with one space;
- enter 0 to exit.

Enter a request: > > 1955 -29097

The second parameter should be a natural number or zero.

Enter a request: > > 0
?[1;31m
Start test 13?[0m
Welcome to Amazing Numbers!

Supported requests:
- enter a natural number to know its properties;
- enter two natural numbers to obtain the properties of the list:
  * the first parameter represents a starting number;
  * the second parameter shows how many consecutive numbers are to be printed;
- two natural numbers and properties to search for;
- a property preceded by minus must not be present in numbers;
- separate the parameters with one space;
- enter 0 to exit.

Enter a request: > > 17562 -15881

The second parameter should be a natural number or zero.

Enter a request: > > 0
?[1;31m
Start test 14?[0m
Welcome to Amazing Numbers!

Supported requests:
- enter a natural number to know its properties;
- enter two natural numbers to obtain the properties of the list:
  * the first parameter represents a starting number;
  * the second parameter shows how many consecutive numbers are to be printed;
- two natural numbers and properties to search for;
- a property preceded by minus must not be present in numbers;
- separate the parameters with one space;
- enter 0 to exit.

Enter a request: > > 1727 -10720

The second parameter should be a natural number or zero.

Enter a request: > > 0
?[1;31m
Start test 15?[0m
Welcome to Amazing Numbers!

Supported requests:
- enter a natural number to know its properties;
- enter two natural numbers to obtain the properties of the list:
  * the first parameter represents a starting number;
  * the second parameter shows how many consecutive numbers are to be printed;
- two natural numbers and properties to search for;
- a property preceded by minus must not be present in numbers;
- separate the parameters with one space;
- enter 0 to exit.

Enter a request: > > 22483 -19773

The second parameter should be a natural number or zero.

Enter a request: > > 0
?[1;31m
Start test 16?[0m
Welcome to Amazing Numbers!

Supported requests:
- enter a natural number to know its properties;
- enter two natural numbers to obtain the properties of the list:
  * the first parameter represents a starting number;
  * the second parameter shows how many consecutive numbers are to be printed;
- two natural numbers and properties to search for;
- a property preceded by minus must not be present in numbers;
- separate the parameters with one space;
- enter 0 to exit.

Enter a request: > > 9988 -1456

The second parameter should be a natural number or zero.

Enter a request: > > 0
?[1;31m
Start test 17?[0m
Welcome to Amazing Numbers!

Supported requests:
- enter a natural number to know its properties;
- enter two natural numbers to obtain the properties of the list:
  * the first parameter represents a starting number;
  * the second parameter shows how many consecutive numbers are to be printed;
- two natural numbers and properties to search for;
- a property preceded by minus must not be present in numbers;
- separate the parameters with one space;
- enter 0 to exit.

Enter a request: > > 1

Properties of 1
        buzz: false
        duck: false
 palindromic: true
      gapful: false
         spy: true
      square: true
       sunny: false
        even: false
         odd: true
     jumping: true
       happy: true
         sad: false

Enter a request: > > 2

Properties of 2
        buzz: false
        duck: false
 palindromic: true
      gapful: false
         spy: true
      square: false
       sunny: false
        even: true
         odd: false
     jumping: true
       happy: false
         sad: true

Enter a request: > > 3

Properties of 3
        buzz: false
        duck: false
 palindromic: true
      gapful: false
         spy: true
      square: false
       sunny: true
        even: false
         odd: true
     jumping: true
       happy: false
         sad: true

Enter a request: > > 4

Properties of 4
        buzz: false
        duck: false
 palindromic: true
      gapful: false
         spy: true
      square: true
       sunny: false
        even: true
         odd: false
     jumping: true
       happy: false
         sad: true

Enter a request: > > 5

Properties of 5
        buzz: false
        duck: false
 palindromic: true
      gapful: false
         spy: true
      square: false
       sunny: false
        even: false
         odd: true
     jumping: true
       happy: false
         sad: true

Enter a request: > > 6

Properties of 6
        buzz: false
        duck: false
 palindromic: true
      gapful: false
         spy: true
      square: false
       sunny: false
        even: true
         odd: false
     jumping: true
       happy: false
         sad: true

Enter a request: > > 7

Properties of 7
        buzz: true
        duck: false
 palindromic: true
      gapful: false
         spy: true
      square: false
       sunny: false
        even: false
         odd: true
     jumping: true
       happy: true
         sad: false

Enter a request: > > 8

Properties of 8
        buzz: false
        duck: false
 palindromic: true
      gapful: false
         spy: true
      square: false
       sunny: true
        even: true
         odd: false
     jumping: true
       happy: false
         sad: true

Enter a request: > > 9

Properties of 9
        buzz: false
        duck: false
 palindromic: true
      gapful: false
         spy: true
      square: true
       sunny: false
        even: false
         odd: true
     jumping: true
       happy: false
         sad: true

Enter a request: > > 10

Properties of 10
        buzz: false
        duck: true
 palindromic: false
      gapful: false
         spy: false
      square: false
       sunny: false
        even: true
         odd: false
     jumping: true
       happy: true
         sad: false

Enter a request: > > 11

Properties of 11
        buzz: false
        duck: false
 palindromic: true
      gapful: false
         spy: false
      square: false
       sunny: false
        even: false
         odd: true
     jumping: false
       happy: false
         sad: true

Enter a request: > > 12

Properties of 12
        buzz: false
        duck: false
 palindromic: false
      gapful: false
         spy: false
      square: false
       sunny: false
        even: true
         odd: false
     jumping: true
       happy: false
         sad: true

Enter a request: > > 13

Properties of 13
        buzz: false
        duck: false
 palindromic: false
      gapful: false
         spy: false
      square: false
       sunny: false
        even: false
         odd: true
     jumping: false
       happy: true
         sad: false

Enter a request: > > 14

Properties of 14
        buzz: true
        duck: false
 palindromic: false
      gapful: false
         spy: false
      square: false
       sunny: false
        even: true
         odd: false
     jumping: false
       happy: false
         sad: true

Enter a request: > > 5883599476912882061

Properties of 5883599476912882061
        buzz: false
        duck: true
 palindromic: false
      gapful: false
         spy: false
      square: false
       sunny: false
        even: false
         odd: true
     jumping: false
       happy: false
         sad: true

Enter a request: > > 278691395196884599

Properties of 278691395196884599
        buzz: false
        duck: false
 palindromic: false
      gapful: false
         spy: false
      square: false
       sunny: false
        even: false
         odd: true
     jumping: false
       happy: false
         sad: true

Enter a request: > > 4498532829664233734

Properties of 4498532829664233734
        buzz: false
        duck: false
 palindromic: false
      gapful: false
         spy: false
      square: false
       sunny: false
        even: true
         odd: false
     jumping: false
       happy: false
         sad: true

Enter a request: > > 8550984064469628266

Properties of 8550984064469628266
        buzz: false
        duck: true
 palindromic: false
      gapful: false
         spy: false
      square: false
       sunny: false
        even: true
         odd: false
     jumping: false
       happy: false
         sad: true

Enter a request: > > 3020674368370987774

Properties of 3020674368370987774
        buzz: false
        duck: true
 palindromic: false
      gapful: false
         spy: false
      square: false
       sunny: false
        even: true
         odd: false
     jumping: false
       happy: false
         sad: true

Enter a request: > > 8241323576754558722

Properties of 8241323576754558722
        buzz: false
        duck: false
 palindromic: false
      gapful: false
         spy: false
      square: false
       sunny: false
        even: true
         odd: false
     jumping: false
       happy: true
         sad: false

Enter a request: > > 7609936657205859374

Properties of 7609936657205859374
        buzz: false
        duck: true
 palindromic: false
      gapful: false
         spy: false
      square: false
       sunny: false
        even: true
         odd: false
     jumping: false
       happy: false
         sad: true

Enter a request: > > 4571833572254554730

Properties of 4571833572254554730
        buzz: false
        duck: true
 palindromic: false
      gapful: false
         spy: false
      square: false
       sunny: false
        even: true
         odd: false
     jumping: false
       happy: false
         sad: true

Enter a request: > > 4072700660349991973

Properties of 4072700660349991973
        buzz: false
        duck: true
 palindromic: false
      gapful: false
         spy: false
      square: false
       sunny: false
        even: false
         odd: true
     jumping: false
       happy: false
         sad: true

Enter a request: > > 8621056548016807390

Properties of 8621056548016807390
        buzz: false
        duck: true
 palindromic: false
      gapful: false
         spy: false
      square: false
       sunny: false
        even: true
         odd: false
     jumping: false
       happy: false
         sad: true

Enter a request: > > 0
?[1;31m
Start test 18?[0m
Welcome to Amazing Numbers!

Supported requests:
- enter a natural number to know its properties;
- enter two natural numbers to obtain the properties of the list:
  * the first parameter represents a starting number;
  * the second parameter shows how many consecutive numbers are to be printed;
- two natural numbers and properties to search for;
- a property preceded by minus must not be present in numbers;
- separate the parameters with one space;
- enter 0 to exit.

Enter a request: > > 1 15

              1 is palindromic, spy, square, odd, jumping , happy
              2 is palindromic, spy, even, jumping , sad
              3 is palindromic, spy, sunny, odd, jumping , sad
              4 is palindromic, spy, square, even, jumping , sad
              5 is palindromic, spy, odd, jumping , sad
              6 is palindromic, spy, even, jumping , sad
              7 is buzz, palindromic, spy, odd, jumping , happy
              8 is palindromic, spy, sunny, even, jumping , sad
              9 is palindromic, spy, square, odd, jumping , sad
             10 is duck, even, jumping , happy
             11 is palindromic, odd , sad
             12 is even, jumping , sad
             13 is odd , happy
             14 is buzz, even , sad
             15 is sunny, odd , sad

Enter a request: > > 0
?[1;31m
Start test 19?[0m
Welcome to Amazing Numbers!

Supported requests:
- enter a natural number to know its properties;
- enter two natural numbers to obtain the properties of the list:
  * the first parameter represents a starting number;
  * the second parameter shows how many consecutive numbers are to be printed;
- two natural numbers and properties to search for;
- a property preceded by minus must not be present in numbers;
- separate the parameters with one space;
- enter 0 to exit.

Enter a request: > > 6836347953995080117 2

6836347953995080117 is buzz, duck, odd , sad
6836347953995080118 is duck, even , sad

Enter a request: > > 0
?[1;31m
Start test 20?[0m
Welcome to Amazing Numbers!

Supported requests:
- enter a natural number to know its properties;
- enter two natural numbers to obtain the properties of the list:
  * the first parameter represents a starting number;
  * the second parameter shows how many consecutive numbers are to be printed;
- two natural numbers and properties to search for;
- a property preceded by minus must not be present in numbers;
- separate the parameters with one space;
- enter 0 to exit.

Enter a request: > > 6363965195467983127 3

6363965195467983127 is buzz, odd , sad
6363965195467983128 is even , sad
6363965195467983129 is odd , happy

Enter a request: > > 0
?[1;31m
Start test 21?[0m
Welcome to Amazing Numbers!

Supported requests:
- enter a natural number to know its properties;
- enter two natural numbers to obtain the properties of the list:
  * the first parameter represents a starting number;
  * the second parameter shows how many consecutive numbers are to be printed;
- two natural numbers and properties to search for;
- a property preceded by minus must not be present in numbers;
- separate the parameters with one space;
- enter 0 to exit.

Enter a request: > > 6001809645909439912 14

6001809645909439912 is duck, even , sad
6001809645909439913 is duck, odd , sad
6001809645909439914 is duck, even , sad
6001809645909439915 is buzz, duck, odd , sad
6001809645909439916 is duck, even , sad
6001809645909439917 is buzz, duck, gapful, odd , sad
6001809645909439918 is duck, even , happy
6001809645909439919 is duck, odd , sad
6001809645909439920 is duck, gapful, even , sad
6001809645909439921 is duck, odd , sad
6001809645909439922 is buzz, duck, even , sad
6001809645909439923 is duck, odd , sad
6001809645909439924 is duck, even , sad
6001809645909439925 is duck, odd , happy

Enter a request: > > 0
?[1;31m
Start test 22?[0m
Welcome to Amazing Numbers!

Supported requests:
- enter a natural number to know its properties;
- enter two natural numbers to obtain the properties of the list:
  * the first parameter represents a starting number;
  * the second parameter shows how many consecutive numbers are to be printed;
- two natural numbers and properties to search for;
- a property preceded by minus must not be present in numbers;
- separate the parameters with one space;
- enter 0 to exit.

Enter a request: > > 7188637444762923559 14

7188637444762923559 is odd , sad
7188637444762923560 is duck, even , sad
7188637444762923561 is odd , happy
7188637444762923562 is buzz, even , sad
7188637444762923563 is odd , sad
7188637444762923564 is even , sad
7188637444762923565 is odd , sad
7188637444762923566 is even , sad
7188637444762923567 is buzz, odd , sad
7188637444762923568 is even , sad
7188637444762923569 is buzz, odd , sad
7188637444762923570 is duck, even , sad
7188637444762923571 is odd , sad
7188637444762923572 is even , sad

Enter a request: > > 0
?[1;31m
Start test 23?[0m
Welcome to Amazing Numbers!

Supported requests:
- enter a natural number to know its properties;
- enter two natural numbers to obtain the properties of the list:
  * the first parameter represents a starting number;
  * the second parameter shows how many consecutive numbers are to be printed;
- two natural numbers and properties to search for;
- a property preceded by minus must not be present in numbers;
- separate the parameters with one space;
- enter 0 to exit.

Enter a request: > > 1376462932431020237 18

1376462932431020237 is buzz, duck, odd , sad
1376462932431020238 is buzz, duck, even , sad
1376462932431020239 is duck, odd , sad
1376462932431020240 is duck, gapful, even , sad
1376462932431020241 is duck, odd , sad
1376462932431020242 is duck, even , sad
1376462932431020243 is duck, odd , sad
1376462932431020244 is duck, even , sad
1376462932431020245 is buzz, duck, odd , happy
1376462932431020246 is duck, even , happy
1376462932431020247 is buzz, duck, odd , sad
1376462932431020248 is duck, even , sad
1376462932431020249 is duck, odd , happy
1376462932431020250 is duck, gapful, even , sad
1376462932431020251 is duck, odd , sad
1376462932431020252 is buzz, duck, even , sad
1376462932431020253 is duck, odd , happy
1376462932431020254 is duck, even , happy

Enter a request: > > 0
?[1;31m
Start test 24?[0m
Welcome to Amazing Numbers!

Supported requests:
- enter a natural number to know its properties;
- enter two natural numbers to obtain the properties of the list:
  * the first parameter represents a starting number;
  * the second parameter shows how many consecutive numbers are to be printed;
- two natural numbers and properties to search for;
- a property preceded by minus must not be present in numbers;
- separate the parameters with one space;
- enter 0 to exit.

Enter a request: > > 7280576000383510040 1

7280576000383510040 is duck, even , sad

Enter a request: > > 0
?[1;31m
Start test 25?[0m
Welcome to Amazing Numbers!

Supported requests:
- enter a natural number to know its properties;
- enter two natural numbers to obtain the properties of the list:
  * the first parameter represents a starting number;
  * the second parameter shows how many consecutive numbers are to be printed;
- two natural numbers and properties to search for;
- a property preceded by minus must not be present in numbers;
- separate the parameters with one space;
- enter 0 to exit.

Enter a request: > > 4231809605617016316 17

4231809605617016316 is duck, even , sad
4231809605617016317 is buzz, duck, odd , sad
4231809605617016318 is buzz, duck, even , sad
4231809605617016319 is duck, odd , sad
4231809605617016320 is duck, gapful, even , sad
4231809605617016321 is duck, odd , sad
4231809605617016322 is duck, even , happy
4231809605617016323 is duck, odd , sad
4231809605617016324 is duck, gapful, even , sad
4231809605617016325 is buzz, duck, odd , happy
4231809605617016326 is duck, even , sad
4231809605617016327 is buzz, duck, odd , sad
4231809605617016328 is duck, even , sad
4231809605617016329 is duck, odd , sad
4231809605617016330 is duck, even , sad
4231809605617016331 is duck, odd , sad
4231809605617016332 is buzz, duck, even , sad

Enter a request: > > 0
?[1;31m
Start test 26?[0m
Welcome to Amazing Numbers!

Supported requests:
- enter a natural number to know its properties;
- enter two natural numbers to obtain the properties of the list:
  * the first parameter represents a starting number;
  * the second parameter shows how many consecutive numbers are to be printed;
- two natural numbers and properties to search for;
- a property preceded by minus must not be present in numbers;
- separate the parameters with one space;
- enter 0 to exit.

Enter a request: > > 4671457767540190360 1

4671457767540190360 is duck, gapful, even , sad

Enter a request: > > 0
?[1;31m
Start test 27?[0m
Welcome to Amazing Numbers!

Supported requests:
- enter a natural number to know its properties;
- enter two natural numbers to obtain the properties of the list:
  * the first parameter represents a starting number;
  * the second parameter shows how many consecutive numbers are to be printed;
- two natural numbers and properties to search for;
- a property preceded by minus must not be present in numbers;
- separate the parameters with one space;
- enter 0 to exit.

Enter a request: > > 5778746049677711370 8

5778746049677711370 is duck, even , sad
5778746049677711371 is duck, odd , sad
5778746049677711372 is duck, even , happy
5778746049677711373 is duck, odd , happy
5778746049677711374 is duck, even , happy
5778746049677711375 is duck, odd , happy
5778746049677711376 is buzz, duck, gapful, even , sad
5778746049677711377 is buzz, duck, odd , sad

Enter a request: > > 0
?[1;31m
Start test 28?[0m
Welcome to Amazing Numbers!

Supported requests:
- enter a natural number to know its properties;
- enter two natural numbers to obtain the properties of the list:
  * the first parameter represents a starting number;
  * the second parameter shows how many consecutive numbers are to be printed;
- two natural numbers and properties to search for;
- a property preceded by minus must not be present in numbers;
- separate the parameters with one space;
- enter 0 to exit.

Enter a request: > > 3072644550384127037 20

3072644550384127037 is buzz, duck, odd , sad
3072644550384127038 is duck, even , sad
3072644550384127039 is duck, odd , sad
3072644550384127040 is buzz, duck, even , sad
3072644550384127041 is duck, odd , sad
3072644550384127042 is duck, even , sad
3072644550384127043 is duck, odd , sad
3072644550384127044 is duck, even , sad
3072644550384127045 is duck, odd , sad
3072644550384127046 is duck, even , sad
3072644550384127047 is buzz, duck, odd , sad
3072644550384127048 is duck, even , sad
3072644550384127049 is duck, odd , sad
3072644550384127050 is duck, gapful, even , sad
3072644550384127051 is duck, odd , sad
3072644550384127052 is duck, even , sad
3072644550384127053 is duck, odd , sad
3072644550384127054 is buzz, duck, even , sad
3072644550384127055 is duck, odd , sad
3072644550384127056 is duck, gapful, even , sad

Enter a request: > > 0
?[1;31m
Start test 29?[0m
Welcome to Amazing Numbers!

Supported requests:
- enter a natural number to know its properties;
- enter two natural numbers to obtain the properties of the list:
  * the first parameter represents a starting number;
  * the second parameter shows how many consecutive numbers are to be printed;
- two natural numbers and properties to search for;
- a property preceded by minus must not be present in numbers;
- separate the parameters with one space;
- enter 0 to exit.

Enter a request: > > 1 10 May

The property [may] is wrong.
Available properties: [BUZZ, DUCK, PALINDROMIC, GAPFUL, SPY, SQUARE, SUNNY, EVEN, ODD, JUMPING, HAPPY, SAD]
              1 is palindromic, spy, square, odd, jumping , happy
              2 is palindromic, spy, even, jumping , sad
              3 is palindromic, spy, sunny, odd, jumping , sad
              4 is palindromic, spy, square, even, jumping , sad
              5 is palindromic, spy, odd, jumping , sad
              6 is palindromic, spy, even, jumping , sad
              7 is buzz, palindromic, spy, odd, jumping , happy
              8 is palindromic, spy, sunny, even, jumping , sad
              9 is palindromic, spy, square, odd, jumping , sad
             10 is duck, even, jumping , happy

Enter a request: > > 0
?[1;31m
Start test 30?[0m
Welcome to Amazing Numbers!

Supported requests:
- enter a natural number to know its properties;
- enter two natural numbers to obtain the properties of the list:
  * the first parameter represents a starting number;
  * the second parameter shows how many consecutive numbers are to be printed;
- two natural numbers and properties to search for;
- a property preceded by minus must not be present in numbers;
- separate the parameters with one space;
- enter 0 to exit.

Enter a request: > > 40 2 bay

The property [bay] is wrong.
Available properties: [BUZZ, DUCK, PALINDROMIC, GAPFUL, SPY, SQUARE, SUNNY, EVEN, ODD, JUMPING, HAPPY, SAD]
             40 is duck, even , sad
             41 is odd , sad

Enter a request: > > 0
?[1;31m
Start test 31?[0m
Welcome to Amazing Numbers!

Supported requests:
- enter a natural number to know its properties;
- enter two natural numbers to obtain the properties of the list:
  * the first parameter represents a starting number;
  * the second parameter shows how many consecutive numbers are to be printed;
- two natural numbers and properties to search for;
- a property preceded by minus must not be present in numbers;
- separate the parameters with one space;
- enter 0 to exit.

Enter a request: > > 37 4 8

The property [8] is wrong.
Available properties: [BUZZ, DUCK, PALINDROMIC, GAPFUL, SPY, SQUARE, SUNNY, EVEN, ODD, JUMPING, HAPPY, SAD]
             37 is buzz, odd , sad
             38 is even , sad
             39 is odd , sad
             40 is duck, even , sad

Enter a request: > > 0
?[1;31m
Start test 32?[0m
Welcome to Amazing Numbers!

Supported requests:
- enter a natural number to know its properties;
- enter two natural numbers to obtain the properties of the list:
  * the first parameter represents a starting number;
  * the second parameter shows how many consecutive numbers are to be printed;
- two natural numbers and properties to search for;
- a property preceded by minus must not be present in numbers;
- separate the parameters with one space;
- enter 0 to exit.

Enter a request: > > 67 2 day

The property [day] is wrong.
Available properties: [BUZZ, DUCK, PALINDROMIC, GAPFUL, SPY, SQUARE, SUNNY, EVEN, ODD, JUMPING, HAPPY, SAD]
             67 is buzz, odd, jumping , sad
             68 is even , happy

Enter a request: > > 0
?[1;31m
Start test 33?[0m
Welcome to Amazing Numbers!

Supported requests:
- enter a natural number to know its properties;
- enter two natural numbers to obtain the properties of the list:
  * the first parameter represents a starting number;
  * the second parameter shows how many consecutive numbers are to be printed;
- two natural numbers and properties to search for;
- a property preceded by minus must not be present in numbers;
- separate the parameters with one space;
- enter 0 to exit.

Enter a request: > > 2 54 Prime

The property [prime] is wrong.
Available properties: [BUZZ, DUCK, PALINDROMIC, GAPFUL, SPY, SQUARE, SUNNY, EVEN, ODD, JUMPING, HAPPY, SAD]
              2 is palindromic, spy, even, jumping , sad
              3 is palindromic, spy, sunny, odd, jumping , sad
              4 is palindromic, spy, square, even, jumping , sad
              5 is palindromic, spy, odd, jumping , sad
              6 is palindromic, spy, even, jumping , sad
              7 is buzz, palindromic, spy, odd, jumping , happy
              8 is palindromic, spy, sunny, even, jumping , sad
              9 is palindromic, spy, square, odd, jumping , sad
             10 is duck, even, jumping , happy
             11 is palindromic, odd , sad
             12 is even, jumping , sad
             13 is odd , happy
             14 is buzz, even , sad
             15 is sunny, odd , sad
             16 is square, even , sad
             17 is buzz, odd , sad
             18 is even , sad
             19 is odd , happy
             20 is duck, even , sad
             21 is buzz, odd, jumping , sad
             22 is palindromic, spy, even , sad
             23 is odd, jumping , happy
             24 is sunny, even , sad
             25 is square, odd , sad
             26 is even , sad
             27 is buzz, odd , sad
             28 is buzz, even , happy
             29 is odd , sad
             30 is duck, even , sad
             31 is odd , happy
             32 is even, jumping , happy
             33 is palindromic, odd , sad
             34 is even, jumping , sad
             35 is buzz, sunny, odd , sad
             36 is square, even , sad
             37 is buzz, odd , sad
             38 is even , sad
             39 is odd , sad
             40 is duck, even , sad
             41 is odd , sad
             42 is buzz, even , sad
             43 is odd, jumping , sad
             44 is palindromic, even , happy
             45 is odd, jumping , sad
             46 is even , sad
             47 is buzz, odd , sad
             48 is sunny, even , sad
             49 is buzz, square, odd , happy
             50 is duck, even , sad
             51 is odd , sad
             52 is even , sad
             53 is odd , sad
             54 is even, jumping , sad
             55 is palindromic, odd , sad

Enter a request: > > 0
?[1;31m
Start test 34?[0m
Welcome to Amazing Numbers!

Supported requests:
- enter a natural number to know its properties;
- enter two natural numbers to obtain the properties of the list:
  * the first parameter represents a starting number;
  * the second parameter shows how many consecutive numbers are to be printed;
- two natural numbers and properties to search for;
- a property preceded by minus must not be present in numbers;
- separate the parameters with one space;
- enter 0 to exit.

Enter a request: > > 6 8 ...

The property [...] is wrong.
Available properties: [BUZZ, DUCK, PALINDROMIC, GAPFUL, SPY, SQUARE, SUNNY, EVEN, ODD, JUMPING, HAPPY, SAD]
              6 is palindromic, spy, even, jumping , sad
              7 is buzz, palindromic, spy, odd, jumping , happy
              8 is palindromic, spy, sunny, even, jumping , sad
              9 is palindromic, spy, square, odd, jumping , sad
             10 is duck, even, jumping , happy
             11 is palindromic, odd , sad
             12 is even, jumping , sad
             13 is odd , happy

Enter a request: > > 0
?[1;31m
Start test 35?[0m
Welcome to Amazing Numbers!

Supported requests:
- enter a natural number to know its properties;
- enter two natural numbers to obtain the properties of the list:
  * the first parameter represents a starting number;
  * the second parameter shows how many consecutive numbers are to be printed;
- two natural numbers and properties to search for;
- a property preceded by minus must not be present in numbers;
- separate the parameters with one space;
- enter 0 to exit.

Enter a request: > > 5 9 none

The property [none] is wrong.
Available properties: [BUZZ, DUCK, PALINDROMIC, GAPFUL, SPY, SQUARE, SUNNY, EVEN, ODD, JUMPING, HAPPY, SAD]
              5 is palindromic, spy, odd, jumping , sad
              6 is palindromic, spy, even, jumping , sad
              7 is buzz, palindromic, spy, odd, jumping , happy
              8 is palindromic, spy, sunny, even, jumping , sad
              9 is palindromic, spy, square, odd, jumping , sad
             10 is duck, even, jumping , happy
             11 is palindromic, odd , sad
             12 is even, jumping , sad
             13 is odd , happy

Enter a request: > > 0
?[1;31m
Start test 36?[0m
Welcome to Amazing Numbers!

Supported requests:
- enter a natural number to know its properties;
- enter two natural numbers to obtain the properties of the list:
  * the first parameter represents a starting number;
  * the second parameter shows how many consecutive numbers are to be printed;
- two natural numbers and properties to search for;
- a property preceded by minus must not be present in numbers;
- separate the parameters with one space;
- enter 0 to exit.

Enter a request: > > 1 10 EVEN

              2 is palindromic, spy, even, jumping , sad
              4 is palindromic, spy, square, even, jumping , sad
              6 is palindromic, spy, even, jumping , sad
              8 is palindromic, spy, sunny, even, jumping , sad
             10 is duck, even, jumping , happy
             12 is even, jumping , sad
             14 is buzz, even , sad
             16 is square, even , sad
             18 is even , sad
             20 is duck, even , sad

Enter a request: > > 1 10 ODD

              1 is palindromic, spy, square, odd, jumping , happy
              3 is palindromic, spy, sunny, odd, jumping , sad
              5 is palindromic, spy, odd, jumping , sad
              7 is buzz, palindromic, spy, odd, jumping , happy
              9 is palindromic, spy, square, odd, jumping , sad
             11 is palindromic, odd , sad
             13 is odd , happy
             15 is sunny, odd , sad
             17 is buzz, odd , sad
             19 is odd , happy

Enter a request: > > 1 10 BUZZ

              7 is buzz, palindromic, spy, odd, jumping , happy
             14 is buzz, even , sad
             17 is buzz, odd , sad
             21 is buzz, odd, jumping , sad
             27 is buzz, odd , sad
             28 is buzz, even , happy
             35 is buzz, sunny, odd , sad
             37 is buzz, odd , sad
             42 is buzz, even , sad
             47 is buzz, odd , sad

Enter a request: > > 1 10 DUCK

             10 is duck, even, jumping , happy
             20 is duck, even , sad
             30 is duck, even , sad
             40 is duck, even , sad
             50 is duck, even , sad
             60 is duck, even , sad
             70 is buzz, duck, even , happy
             80 is duck, sunny, even , sad
             90 is duck, even , sad
            100 is duck, gapful, square, even , happy

Enter a request: > > 1 10 PALINDROMIC

              1 is palindromic, spy, square, odd, jumping , happy
              2 is palindromic, spy, even, jumping , sad
              3 is palindromic, spy, sunny, odd, jumping , sad
              4 is palindromic, spy, square, even, jumping , sad
              5 is palindromic, spy, odd, jumping , sad
              6 is palindromic, spy, even, jumping , sad
              7 is buzz, palindromic, spy, odd, jumping , happy
              8 is palindromic, spy, sunny, even, jumping , sad
              9 is palindromic, spy, square, odd, jumping , sad
             11 is palindromic, odd , sad

Enter a request: > > 1 10 GAPFUL

            100 is duck, gapful, square, even , happy
            105 is buzz, duck, gapful, odd , sad
            108 is duck, gapful, even , sad
            110 is duck, gapful, even , sad
            120 is duck, gapful, sunny, even , sad
            121 is palindromic, gapful, square, odd, jumping , sad
            130 is duck, gapful, even , happy
            132 is gapful, spy, even , sad
            135 is gapful, odd , sad
            140 is buzz, duck, gapful, even , sad

Enter a request: > > 1 10 SPY

              1 is palindromic, spy, square, odd, jumping , happy
              2 is palindromic, spy, even, jumping , sad
              3 is palindromic, spy, sunny, odd, jumping , sad
              4 is palindromic, spy, square, even, jumping , sad
              5 is palindromic, spy, odd, jumping , sad
              6 is palindromic, spy, even, jumping , sad
              7 is buzz, palindromic, spy, odd, jumping , happy
              8 is palindromic, spy, sunny, even, jumping , sad
              9 is palindromic, spy, square, odd, jumping , sad
             22 is palindromic, spy, even , sad

Enter a request: > > 1 10 SQUARE

              1 is palindromic, spy, square, odd, jumping , happy
              4 is palindromic, spy, square, even, jumping , sad
              9 is palindromic, spy, square, odd, jumping , sad
             16 is square, even , sad
             25 is square, odd , sad
             36 is square, even , sad
             49 is buzz, square, odd , happy
             64 is square, even , sad
             81 is square, odd , sad
            100 is duck, gapful, square, even , happy

Enter a request: > > 1 10 SUNNY

              3 is palindromic, spy, sunny, odd, jumping , sad
              8 is palindromic, spy, sunny, even, jumping , sad
             15 is sunny, odd , sad
             24 is sunny, even , sad
             35 is buzz, sunny, odd , sad
             48 is sunny, even , sad
             63 is buzz, sunny, odd , sad
             80 is duck, sunny, even , sad
             99 is palindromic, sunny, odd , sad
            120 is duck, gapful, sunny, even , sad

Enter a request: > > 1 10 JUMPING

              1 is palindromic, spy, square, odd, jumping , happy
              2 is palindromic, spy, even, jumping , sad
              3 is palindromic, spy, sunny, odd, jumping , sad
              4 is palindromic, spy, square, even, jumping , sad
              5 is palindromic, spy, odd, jumping , sad
              6 is palindromic, spy, even, jumping , sad
              7 is buzz, palindromic, spy, odd, jumping , happy
              8 is palindromic, spy, sunny, even, jumping , sad
              9 is palindromic, spy, square, odd, jumping , sad
             10 is duck, even, jumping , happy

Enter a request: > > 1 10 HAPPY

              1 is palindromic, spy, square, odd, jumping , happy
              7 is buzz, palindromic, spy, odd, jumping , happy
             10 is duck, even, jumping , happy
             13 is odd , happy
             19 is odd , happy
             23 is odd, jumping , happy
             28 is buzz, even , happy
             31 is odd , happy
             32 is even, jumping , happy
             44 is palindromic, even , happy

Enter a request: > > 1 10 SAD

              2 is palindromic, spy, even, jumping , sad
              3 is palindromic, spy, sunny, odd, jumping , sad
              4 is palindromic, spy, square, even, jumping , sad
              5 is palindromic, spy, odd, jumping , sad
              6 is palindromic, spy, even, jumping , sad
              8 is palindromic, spy, sunny, even, jumping , sad
              9 is palindromic, spy, square, odd, jumping , sad
             11 is palindromic, odd , sad
             12 is even, jumping , sad
             14 is buzz, even , sad

Enter a request: > > 0
?[1;31m
Start test 37?[0m
Welcome to Amazing Numbers!

Supported requests:
- enter a natural number to know its properties;
- enter two natural numbers to obtain the properties of the list:
  * the first parameter represents a starting number;
  * the second parameter shows how many consecutive numbers are to be printed;
- two natural numbers and properties to search for;
- a property preceded by minus must not be present in numbers;
- separate the parameters with one space;
- enter 0 to exit.

Enter a request: > > 32111 16 SQUARE

          32400 is duck, gapful, square, even , sad
          32761 is square, odd , sad
          33124 is buzz, square, even , sad
          33489 is square, odd , sad
          33856 is square, even , sad
          34225 is square, odd , sad
          34596 is gapful, square, even , happy
          34969 is square, odd , sad
          35344 is square, even , sad
          35721 is buzz, square, odd , sad
          36100 is duck, square, even , sad
          36481 is square, odd , sad
          36864 is square, even , sad
          37249 is square, odd , sad
          37636 is square, even , happy
          38025 is duck, square, odd , sad

Enter a request: > > 0
?[1;31m
Start test 38?[0m
Welcome to Amazing Numbers!

Supported requests:
- enter a natural number to know its properties;
- enter two natural numbers to obtain the properties of the list:
  * the first parameter represents a starting number;
  * the second parameter shows how many consecutive numbers are to be printed;
- two natural numbers and properties to search for;
- a property preceded by minus must not be present in numbers;
- separate the parameters with one space;
- enter 0 to exit.

Enter a request: > > 16418 20 BUZZ

          16422 is buzz, even , sad
          16427 is buzz, odd , sad
          16429 is buzz, odd , sad
          16436 is buzz, even , sad
          16437 is buzz, odd , sad
          16443 is buzz, odd , sad
          16447 is buzz, odd , sad
          16450 is buzz, duck, gapful, even , sad
          16457 is buzz, odd , sad
          16464 is buzz, gapful, even , sad
          16467 is buzz, odd , sad
          16471 is buzz, odd , happy
          16477 is buzz, odd , sad
          16478 is buzz, even , sad
          16485 is buzz, gapful, odd , sad
          16487 is buzz, odd , sad
          16492 is buzz, even , sad
          16497 is buzz, odd , sad
          16499 is buzz, odd , sad
          16506 is buzz, duck, even , sad

Enter a request: > > 0
?[1;31m
Start test 39?[0m
Welcome to Amazing Numbers!

Supported requests:
- enter a natural number to know its properties;
- enter two natural numbers to obtain the properties of the list:
  * the first parameter represents a starting number;
  * the second parameter shows how many consecutive numbers are to be printed;
- two natural numbers and properties to search for;
- a property preceded by minus must not be present in numbers;
- separate the parameters with one space;
- enter 0 to exit.

Enter a request: > > 8881 20 SUNNY

           9024 is duck, gapful, sunny, even , sad
           9215 is gapful, sunny, odd , sad
           9408 is buzz, duck, gapful, sunny, even , sad
           9603 is duck, sunny, odd , sad
           9800 is buzz, duck, sunny, even , sad
           9999 is palindromic, gapful, sunny, odd , sad
          10200 is duck, gapful, sunny, even , sad
          10403 is duck, sunny, odd , sad
          10608 is duck, sunny, even , sad
          10815 is buzz, duck, gapful, sunny, odd , happy
          11024 is duck, sunny, even , sad
          11235 is buzz, gapful, sunny, odd , sad
          11448 is gapful, sunny, even , sad
          11663 is sunny, odd , sad
          11880 is duck, gapful, sunny, even , happy
          12099 is duck, sunny, odd , happy
          12320 is buzz, duck, gapful, sunny, even , sad
          12543 is sunny, odd , sad
          12768 is buzz, sunny, even , sad
          12995 is sunny, odd , happy

Enter a request: > > 0
?[1;31m
Start test 40?[0m
Welcome to Amazing Numbers!

Supported requests:
- enter a natural number to know its properties;
- enter two natural numbers to obtain the properties of the list:
  * the first parameter represents a starting number;
  * the second parameter shows how many consecutive numbers are to be printed;
- two natural numbers and properties to search for;
- a property preceded by minus must not be present in numbers;
- separate the parameters with one space;
- enter 0 to exit.

Enter a request: > > 28176 5 SPY

          31113 is palindromic, spy, odd , sad
          31131 is spy, odd , sad
          31311 is buzz, spy, odd , sad
          33111 is spy, odd , sad
          51112 is spy, even , happy

Enter a request: > > 0
?[1;31m
Start test 41?[0m
Welcome to Amazing Numbers!

Supported requests:
- enter a natural number to know its properties;
- enter two natural numbers to obtain the properties of the list:
  * the first parameter represents a starting number;
  * the second parameter shows how many consecutive numbers are to be printed;
- two natural numbers and properties to search for;
- a property preceded by minus must not be present in numbers;
- separate the parameters with one space;
- enter 0 to exit.

Enter a request: > > 10881 5 SPY

          11125 is spy, odd , happy
          11133 is spy, odd , sad
          11152 is spy, even , happy
          11215 is spy, odd , happy
          11222 is spy, even , sad

Enter a request: > > 0
?[1;31m
Start test 42?[0m
Welcome to Amazing Numbers!

Supported requests:
- enter a natural number to know its properties;
- enter two natural numbers to obtain the properties of the list:
  * the first parameter represents a starting number;
  * the second parameter shows how many consecutive numbers are to be printed;
- two natural numbers and properties to search for;
- a property preceded by minus must not be present in numbers;
- separate the parameters with one space;
- enter 0 to exit.

Enter a request: > > 24537 7 SQUARE

          24649 is square, odd , sad
          24964 is square, even , sad
          25281 is square, odd , sad
          25600 is duck, gapful, square, even , sad
          25921 is buzz, square, odd , sad
          26244 is square, even , sad
          26569 is square, odd , sad

Enter a request: > > 0
?[1;31m
Start test 43?[0m
Welcome to Amazing Numbers!

Supported requests:
- enter a natural number to know its properties;
- enter two natural numbers to obtain the properties of the list:
  * the first parameter represents a starting number;
  * the second parameter shows how many consecutive numbers are to be printed;
- two natural numbers and properties to search for;
- a property preceded by minus must not be present in numbers;
- separate the parameters with one space;
- enter 0 to exit.

Enter a request: > > 13626 20 GAPFUL

          13630 is duck, gapful, even , sad
          13632 is gapful, even , sad
          13635 is gapful, odd , sad
          13640 is duck, gapful, even , sad
          13650 is buzz, duck, gapful, even , sad
          13651 is gapful, odd , sad
          13660 is duck, gapful, even , happy
          13663 is gapful, odd , happy
          13664 is buzz, gapful, even , sad
          13665 is gapful, odd , sad
          13670 is duck, gapful, even , sad
          13680 is duck, gapful, even , sad
          13690 is duck, gapful, even , sad
          13692 is buzz, gapful, even , sad
          13695 is gapful, odd , sad
          13696 is gapful, even , sad
          13698 is gapful, even , sad
          13699 is buzz, gapful, odd , happy
          13700 is duck, gapful, even , sad
          13710 is duck, gapful, even , sad

Enter a request: > > 0
?[1;31m
Start test 44?[0m
Welcome to Amazing Numbers!

Supported requests:
- enter a natural number to know its properties;
- enter two natural numbers to obtain the properties of the list:
  * the first parameter represents a starting number;
  * the second parameter shows how many consecutive numbers are to be printed;
- two natural numbers and properties to search for;
- a property preceded by minus must not be present in numbers;
- separate the parameters with one space;
- enter 0 to exit.

Enter a request: > > 24366 16 GAPFUL

          24375 is gapful, odd , happy
          24380 is duck, gapful, even , sad
          24381 is buzz, gapful, odd , happy
          24384 is gapful, even , happy
          24388 is buzz, gapful, even , sad
          24389 is gapful, odd , sad
          24400 is duck, gapful, even , sad
          24403 is duck, gapful, odd , sad
          24420 is duck, gapful, even , sad
          24425 is gapful, odd , sad
          24440 is duck, gapful, even , sad
          24442 is palindromic, gapful, even , sad
          24460 is duck, gapful, even , sad
          24466 is gapful, even , sad
          24475 is gapful, odd , sad
          24480 is duck, gapful, even , happy

Enter a request: > > 0
?[1;31m
Start test 45?[0m
Welcome to Amazing Numbers!

Supported requests:
- enter a natural number to know its properties;
- enter two natural numbers to obtain the properties of the list:
  * the first parameter represents a starting number;
  * the second parameter shows how many consecutive numbers are to be printed;
- two natural numbers and properties to search for;
- a property preceded by minus must not be present in numbers;
- separate the parameters with one space;
- enter 0 to exit.

Enter a request: > > 11357 4 HAPPY

          11358 is gapful, even , happy
          11377 is buzz, odd , happy
          11382 is buzz, even , happy
          11384 is even , happy

Enter a request: > > 0
?[1;31m
Start test 46?[0m
Welcome to Amazing Numbers!

Supported requests:
- enter a natural number to know its properties;
- enter two natural numbers to obtain the properties of the list:
  * the first parameter represents a starting number;
  * the second parameter shows how many consecutive numbers are to be printed;
- two natural numbers and properties to search for;
- a property preceded by minus must not be present in numbers;
- separate the parameters with one space;
- enter 0 to exit.

Enter a request: > > 8841 12 ODD

           8841 is buzz, odd , sad
           8843 is odd , sad
           8845 is odd , sad
           8847 is buzz, odd , happy
           8849 is odd , sad
           8851 is odd , sad
           8853 is odd , sad
           8855 is buzz, odd , sad
           8857 is buzz, odd , sad
           8859 is odd , sad
           8861 is odd , sad
           8863 is odd , sad

Enter a request: > > 0
?[1;31m
Start test 47?[0m
Welcome to Amazing Numbers!

Supported requests:
- enter a natural number to know its properties;
- enter two natural numbers to obtain the properties of the list:
  * the first parameter represents a starting number;
  * the second parameter shows how many consecutive numbers are to be printed;
- two natural numbers and properties to search for;
- a property preceded by minus must not be present in numbers;
- separate the parameters with one space;
- enter 0 to exit.

Enter a request: > > 1 10 odd girl

The property [girl] is wrong.
Available properties: [BUZZ, DUCK, PALINDROMIC, GAPFUL, SPY, SQUARE, SUNNY, EVEN, ODD, JUMPING, HAPPY, SAD]
              1 is palindromic, spy, square, odd, jumping , happy
              3 is palindromic, spy, sunny, odd, jumping , sad
              5 is palindromic, spy, odd, jumping , sad
              7 is buzz, palindromic, spy, odd, jumping , happy
              9 is palindromic, spy, square, odd, jumping , sad
             11 is palindromic, odd , sad
             13 is odd , happy
             15 is sunny, odd , sad
             17 is buzz, odd , sad
             19 is odd , happy

Enter a request: > > 0
?[1;31m
Start test 48?[0m
Welcome to Amazing Numbers!

Supported requests:
- enter a natural number to know its properties;
- enter two natural numbers to obtain the properties of the list:
  * the first parameter represents a starting number;
  * the second parameter shows how many consecutive numbers are to be printed;
- two natural numbers and properties to search for;
- a property preceded by minus must not be present in numbers;
- separate the parameters with one space;
- enter 0 to exit.

Enter a request: > > 40 2 even day

The property [day] is wrong.
Available properties: [BUZZ, DUCK, PALINDROMIC, GAPFUL, SPY, SQUARE, SUNNY, EVEN, ODD, JUMPING, HAPPY, SAD]
             40 is duck, even , sad
             42 is buzz, even , sad

Enter a request: > > 0
?[1;31m
Start test 49?[0m
Welcome to Amazing Numbers!

Supported requests:
- enter a natural number to know its properties;
- enter two natural numbers to obtain the properties of the list:
  * the first parameter represents a starting number;
  * the second parameter shows how many consecutive numbers are to be printed;
- two natural numbers and properties to search for;
- a property preceded by minus must not be present in numbers;
- separate the parameters with one space;
- enter 0 to exit.

Enter a request: > > 37 4 spy 89

The property [89] is wrong.
Available properties: [BUZZ, DUCK, PALINDROMIC, GAPFUL, SPY, SQUARE, SUNNY, EVEN, ODD, JUMPING, HAPPY, SAD]
            123 is spy, odd, jumping , sad
            132 is gapful, spy, even , sad
            213 is spy, odd , sad
            231 is buzz, gapful, spy, odd , sad

Enter a request: > > 0
?[1;31m
Start test 50?[0m
Welcome to Amazing Numbers!

Supported requests:
- enter a natural number to know its properties;
- enter two natural numbers to obtain the properties of the list:
  * the first parameter represents a starting number;
  * the second parameter shows how many consecutive numbers are to be printed;
- two natural numbers and properties to search for;
- a property preceded by minus must not be present in numbers;
- separate the parameters with one space;
- enter 0 to exit.

Enter a request: > > 67 2 DUCK +

The property [+] is wrong.
Available properties: [BUZZ, DUCK, PALINDROMIC, GAPFUL, SPY, SQUARE, SUNNY, EVEN, ODD, JUMPING, HAPPY, SAD]
             70 is buzz, duck, even , happy
             80 is duck, sunny, even , sad

Enter a request: > > 0
?[1;31m
Start test 51?[0m
Welcome to Amazing Numbers!

Supported requests:
- enter a natural number to know its properties;
- enter two natural numbers to obtain the properties of the list:
  * the first parameter represents a starting number;
  * the second parameter shows how many consecutive numbers are to be printed;
- two natural numbers and properties to search for;
- a property preceded by minus must not be present in numbers;
- separate the parameters with one space;
- enter 0 to exit.

Enter a request: > > 1 10 boy friend

The property [boy] is wrong.
Available properties: [BUZZ, DUCK, PALINDROMIC, GAPFUL, SPY, SQUARE, SUNNY, EVEN, ODD, JUMPING, HAPPY, SAD]
The property [friend] is wrong.
Available properties: [BUZZ, DUCK, PALINDROMIC, GAPFUL, SPY, SQUARE, SUNNY, EVEN, ODD, JUMPING, HAPPY, SAD]
              1 is palindromic, spy, square, odd, jumping , happy
              2 is palindromic, spy, even, jumping , sad
              3 is palindromic, spy, sunny, odd, jumping , sad
              4 is palindromic, spy, square, even, jumping , sad
              5 is palindromic, spy, odd, jumping , sad
              6 is palindromic, spy, even, jumping , sad
              7 is buzz, palindromic, spy, odd, jumping , happy
              8 is palindromic, spy, sunny, even, jumping , sad
              9 is palindromic, spy, square, odd, jumping , sad
             10 is duck, even, jumping , happy

Enter a request: > > 0
?[1;31m
Start test 52?[0m
Welcome to Amazing Numbers!

Supported requests:
- enter a natural number to know its properties;
- enter two natural numbers to obtain the properties of the list:
  * the first parameter represents a starting number;
  * the second parameter shows how many consecutive numbers are to be printed;
- two natural numbers and properties to search for;
- a property preceded by minus must not be present in numbers;
- separate the parameters with one space;
- enter 0 to exit.

Enter a request: > > 40 2 long day

The property [long] is wrong.
Available properties: [BUZZ, DUCK, PALINDROMIC, GAPFUL, SPY, SQUARE, SUNNY, EVEN, ODD, JUMPING, HAPPY, SAD]
The property [day] is wrong.
Available properties: [BUZZ, DUCK, PALINDROMIC, GAPFUL, SPY, SQUARE, SUNNY, EVEN, ODD, JUMPING, HAPPY, SAD]
             40 is duck, even , sad
             41 is odd , sad

Enter a request: > > 0
?[1;31m
Start test 53?[0m
Welcome to Amazing Numbers!

Supported requests:
- enter a natural number to know its properties;
- enter two natural numbers to obtain the properties of the list:
  * the first parameter represents a starting number;
  * the second parameter shows how many consecutive numbers are to be printed;
- two natural numbers and properties to search for;
- a property preceded by minus must not be present in numbers;
- separate the parameters with one space;
- enter 0 to exit.

Enter a request: > > 37 4 hot girl

The property [hot] is wrong.
Available properties: [BUZZ, DUCK, PALINDROMIC, GAPFUL, SPY, SQUARE, SUNNY, EVEN, ODD, JUMPING, HAPPY, SAD]
The property [girl] is wrong.
Available properties: [BUZZ, DUCK, PALINDROMIC, GAPFUL, SPY, SQUARE, SUNNY, EVEN, ODD, JUMPING, HAPPY, SAD]
             37 is buzz, odd , sad
             38 is even , sad
             39 is odd , sad
             40 is duck, even , sad

Enter a request: > > 0
?[1;31m
Start test 54?[0m
Welcome to Amazing Numbers!

Supported requests:
- enter a natural number to know its properties;
- enter two natural numbers to obtain the properties of the list:
  * the first parameter represents a starting number;
  * the second parameter shows how many consecutive numbers are to be printed;
- two natural numbers and properties to search for;
- a property preceded by minus must not be present in numbers;
- separate the parameters with one space;
- enter 0 to exit.

Enter a request: > > 67 2 strong drake

The property [strong] is wrong.
Available properties: [BUZZ, DUCK, PALINDROMIC, GAPFUL, SPY, SQUARE, SUNNY, EVEN, ODD, JUMPING, HAPPY, SAD]
The property [drake] is wrong.
Available properties: [BUZZ, DUCK, PALINDROMIC, GAPFUL, SPY, SQUARE, SUNNY, EVEN, ODD, JUMPING, HAPPY, SAD]
             67 is buzz, odd, jumping , sad
             68 is even , happy

Enter a request: > > 0
?[1;31m
Start test 55?[0m
Welcome to Amazing Numbers!

Supported requests:
- enter a natural number to know its properties;
- enter two natural numbers to obtain the properties of the list:
  * the first parameter represents a starting number;
  * the second parameter shows how many consecutive numbers are to be printed;
- two natural numbers and properties to search for;
- a property preceded by minus must not be present in numbers;
- separate the parameters with one space;
- enter 0 to exit.

Enter a request: > > 1 7 even spy

              2 is palindromic, spy, even, jumping , sad
              4 is palindromic, spy, square, even, jumping , sad
              6 is palindromic, spy, even, jumping , sad
              8 is palindromic, spy, sunny, even, jumping , sad
             22 is palindromic, spy, even , sad
            132 is gapful, spy, even , sad
            312 is spy, even , sad

Enter a request: > > 0
?[1;31m
Start test 56?[0m
Welcome to Amazing Numbers!

Supported requests:
- enter a natural number to know its properties;
- enter two natural numbers to obtain the properties of the list:
  * the first parameter represents a starting number;
  * the second parameter shows how many consecutive numbers are to be printed;
- two natural numbers and properties to search for;
- a property preceded by minus must not be present in numbers;
- separate the parameters with one space;
- enter 0 to exit.

Enter a request: > > 1 10 odd buzz

              7 is buzz, palindromic, spy, odd, jumping , happy
             17 is buzz, odd , sad
             21 is buzz, odd, jumping , sad
             27 is buzz, odd , sad
             35 is buzz, sunny, odd , sad
             37 is buzz, odd , sad
             47 is buzz, odd , sad
             49 is buzz, square, odd , happy
             57 is buzz, odd , sad
             63 is buzz, sunny, odd , sad

Enter a request: > > 0
?[1;31m
Start test 57?[0m
Welcome to Amazing Numbers!

Supported requests:
- enter a natural number to know its properties;
- enter two natural numbers to obtain the properties of the list:
  * the first parameter represents a starting number;
  * the second parameter shows how many consecutive numbers are to be printed;
- two natural numbers and properties to search for;
- a property preceded by minus must not be present in numbers;
- separate the parameters with one space;
- enter 0 to exit.

Enter a request: > > 1 9 buzz gapful

            105 is buzz, duck, gapful, odd , sad
            140 is buzz, duck, gapful, even , sad
            154 is buzz, gapful, even , sad
            187 is buzz, gapful, odd , sad
            231 is buzz, gapful, spy, odd , sad
            280 is buzz, duck, gapful, even , happy
            297 is buzz, gapful, odd , sad
            315 is buzz, gapful, odd , sad
            385 is buzz, gapful, odd , sad

Enter a request: > > 0
?[1;31m
Start test 58?[0m
Welcome to Amazing Numbers!

Supported requests:
- enter a natural number to know its properties;
- enter two natural numbers to obtain the properties of the list:
  * the first parameter represents a starting number;
  * the second parameter shows how many consecutive numbers are to be printed;
- two natural numbers and properties to search for;
- a property preceded by minus must not be present in numbers;
- separate the parameters with one space;
- enter 0 to exit.

Enter a request: > > 1 10 spy buzz

              7 is buzz, palindromic, spy, odd, jumping , happy
            231 is buzz, gapful, spy, odd , sad
           1421 is buzz, spy, odd , sad
           2114 is buzz, spy, even , sad
          15211 is buzz, spy, odd , happy
          21511 is buzz, spy, odd , happy
          22211 is buzz, spy, odd , sad
          31311 is buzz, spy, odd , sad
          51121 is buzz, spy, odd , happy
         111216 is buzz, gapful, spy, even , happy

Enter a request: > > 0
?[1;31m
Start test 59?[0m
Welcome to Amazing Numbers!

Supported requests:
- enter a natural number to know its properties;
- enter two natural numbers to obtain the properties of the list:
  * the first parameter represents a starting number;
  * the second parameter shows how many consecutive numbers are to be printed;
- two natural numbers and properties to search for;
- a property preceded by minus must not be present in numbers;
- separate the parameters with one space;
- enter 0 to exit.

Enter a request: > > 100000 2 even spy

         111126 is spy, even , happy
         111162 is spy, even , happy

Enter a request: > > 0
?[1;31m
Start test 60?[0m
Welcome to Amazing Numbers!

Supported requests:
- enter a natural number to know its properties;
- enter two natural numbers to obtain the properties of the list:
  * the first parameter represents a starting number;
  * the second parameter shows how many consecutive numbers are to be printed;
- two natural numbers and properties to search for;
- a property preceded by minus must not be present in numbers;
- separate the parameters with one space;
- enter 0 to exit.

Enter a request: > > 100 4 odd gapful

            105 is buzz, duck, gapful, odd , sad
            121 is palindromic, gapful, square, odd, jumping , sad
            135 is gapful, odd , sad
            143 is gapful, sunny, odd , sad

Enter a request: > > 0
?[1;31m
Start test 61?[0m
Welcome to Amazing Numbers!

Supported requests:
- enter a natural number to know its properties;
- enter two natural numbers to obtain the properties of the list:
  * the first parameter represents a starting number;
  * the second parameter shows how many consecutive numbers are to be printed;
- two natural numbers and properties to search for;
- a property preceded by minus must not be present in numbers;
- separate the parameters with one space;
- enter 0 to exit.

Enter a request: > > 2000 4 palindromic duck

           2002 is buzz, duck, palindromic, gapful, even , sad
           3003 is buzz, duck, palindromic, gapful, odd , sad
           4004 is buzz, duck, palindromic, gapful, even , happy
           5005 is buzz, duck, palindromic, gapful, odd , sad

Enter a request: > > 0
?[1;31m
Start test 62?[0m
Welcome to Amazing Numbers!

Supported requests:
- enter a natural number to know its properties;
- enter two natural numbers to obtain the properties of the list:
  * the first parameter represents a starting number;
  * the second parameter shows how many consecutive numbers are to be printed;
- two natural numbers and properties to search for;
- a property preceded by minus must not be present in numbers;
- separate the parameters with one space;
- enter 0 to exit.

Enter a request: > > 26534 3 buzz evens palindromic

The property [evens] is wrong.
Available properties: [BUZZ, DUCK, PALINDROMIC, GAPFUL, SPY, SQUARE, SUNNY, EVEN, ODD, JUMPING, HAPPY, SAD]
          27272 is buzz, palindromic, even , sad
          27972 is buzz, palindromic, even , sad
          28182 is buzz, palindromic, gapful, even , sad

Enter a request: > > 0
?[1;31m
Start test 63?[0m
Welcome to Amazing Numbers!

Supported requests:
- enter a natural number to know its properties;
- enter two natural numbers to obtain the properties of the list:
  * the first parameter represents a starting number;
  * the second parameter shows how many consecutive numbers are to be printed;
- two natural numbers and properties to search for;
- a property preceded by minus must not be present in numbers;
- separate the parameters with one space;
- enter 0 to exit.

Enter a request: > > 4384 2 odd -buzz -palindromic shiny gapful

The property [shiny] is wrong.
Available properties: [BUZZ, DUCK, PALINDROMIC, GAPFUL, SPY, SQUARE, SUNNY, EVEN, ODD, JUMPING, HAPPY, SAD]
           4455 is gapful, odd , happy
           4545 is gapful, odd, jumping , happy

Enter a request: > > 0
?[1;31m
Start test 64?[0m
Welcome to Amazing Numbers!

Supported requests:
- enter a natural number to know its properties;
- enter two natural numbers to obtain the properties of the list:
  * the first parameter represents a starting number;
  * the second parameter shows how many consecutive numbers are to be printed;
- two natural numbers and properties to search for;
- a property preceded by minus must not be present in numbers;
- separate the parameters with one space;
- enter 0 to exit.

Enter a request: > > 1 7 hot sunny odd odd -even

The property [hot] is wrong.
Available properties: [BUZZ, DUCK, PALINDROMIC, GAPFUL, SPY, SQUARE, SUNNY, EVEN, ODD, JUMPING, HAPPY, SAD]
              3 is palindromic, spy, sunny, odd, jumping , sad
             15 is sunny, odd , sad
             35 is buzz, sunny, odd , sad
             63 is buzz, sunny, odd , sad
             99 is palindromic, sunny, odd , sad
            143 is gapful, sunny, odd , sad
            195 is gapful, sunny, odd , sad

Enter a request: > > 0
?[1;31m
Start test 65?[0m
Welcome to Amazing Numbers!

Supported requests:
- enter a natural number to know its properties;
- enter two natural numbers to obtain the properties of the list:
  * the first parameter represents a starting number;
  * the second parameter shows how many consecutive numbers are to be printed;
- two natural numbers and properties to search for;
- a property preceded by minus must not be present in numbers;
- separate the parameters with one space;
- enter 0 to exit.

Enter a request: > > 78343 4 sunny -duck mac odd

The property [mac] is wrong.
Available properties: [BUZZ, DUCK, PALINDROMIC, GAPFUL, SPY, SQUARE, SUNNY, EVEN, ODD, JUMPING, HAPPY, SAD]
          78399 is sunny, odd , sad
          79523 is sunny, odd , sad
          81795 is buzz, sunny, odd , sad
          82943 is buzz, sunny, odd , sad

Enter a request: > > 0
?[1;31m
Start test 66?[0m
Welcome to Amazing Numbers!

Supported requests:
- enter a natural number to know its properties;
- enter two natural numbers to obtain the properties of the list:
  * the first parameter represents a starting number;
  * the second parameter shows how many consecutive numbers are to be printed;
- two natural numbers and properties to search for;
- a property preceded by minus must not be present in numbers;
- separate the parameters with one space;
- enter 0 to exit.

Enter a request: > > 3 4 -even -sunny -hot

The property [-hot] is wrong.
Available properties: [BUZZ, DUCK, PALINDROMIC, GAPFUL, SPY, SQUARE, SUNNY, EVEN, ODD, JUMPING, HAPPY, SAD]
              5 is palindromic, spy, odd, jumping , sad
              7 is buzz, palindromic, spy, odd, jumping , happy
              9 is palindromic, spy, square, odd, jumping , sad
             11 is palindromic, odd , sad

Enter a request: > > 0
?[1;31m
Start test 67?[0m
Welcome to Amazing Numbers!

Supported requests:
- enter a natural number to know its properties;
- enter two natural numbers to obtain the properties of the list:
  * the first parameter represents a starting number;
  * the second parameter shows how many consecutive numbers are to be printed;
- two natural numbers and properties to search for;
- a property preceded by minus must not be present in numbers;
- separate the parameters with one space;
- enter 0 to exit.

Enter a request: > > 1 7 odd spy palindromic

              1 is palindromic, spy, square, odd, jumping , happy
              3 is palindromic, spy, sunny, odd, jumping , sad
              5 is palindromic, spy, odd, jumping , sad
              7 is buzz, palindromic, spy, odd, jumping , happy
              9 is palindromic, spy, square, odd, jumping , sad
          12221 is palindromic, gapful, spy, odd , sad
          13131 is palindromic, spy, odd , sad

Enter a request: > > 0
?[1;31m
Start test 68?[0m
Welcome to Amazing Numbers!

Supported requests:
- enter a natural number to know its properties;
- enter two natural numbers to obtain the properties of the list:
  * the first parameter represents a starting number;
  * the second parameter shows how many consecutive numbers are to be printed;
- two natural numbers and properties to search for;
- a property preceded by minus must not be present in numbers;
- separate the parameters with one space;
- enter 0 to exit.

Enter a request: > > 1 10 even palindromic duck buzz

           2002 is buzz, duck, palindromic, gapful, even , sad
           4004 is buzz, duck, palindromic, gapful, even , happy
           6006 is buzz, duck, palindromic, gapful, even , sad
           8008 is buzz, duck, palindromic, gapful, even , sad
          20202 is buzz, duck, palindromic, even , sad
          20902 is buzz, duck, palindromic, even , sad
          22022 is buzz, duck, palindromic, gapful, even , sad
          29092 is buzz, duck, palindromic, even , sad
          40404 is buzz, duck, palindromic, even , sad
          44044 is buzz, duck, palindromic, gapful, even , sad

Enter a request: > > 0
?[1;31m
Start test 69?[0m
Welcome to Amazing Numbers!

Supported requests:
- enter a natural number to know its properties;
- enter two natural numbers to obtain the properties of the list:
  * the first parameter represents a starting number;
  * the second parameter shows how many consecutive numbers are to be printed;
- two natural numbers and properties to search for;
- a property preceded by minus must not be present in numbers;
- separate the parameters with one space;
- enter 0 to exit.

Enter a request: > > 1 9 even palindromic duck buzz gapful

           2002 is buzz, duck, palindromic, gapful, even , sad
           4004 is buzz, duck, palindromic, gapful, even , happy
           6006 is buzz, duck, palindromic, gapful, even , sad
           8008 is buzz, duck, palindromic, gapful, even , sad
          22022 is buzz, duck, palindromic, gapful, even , sad
          44044 is buzz, duck, palindromic, gapful, even , sad
          66066 is buzz, duck, palindromic, gapful, even , sad
          88088 is buzz, duck, palindromic, gapful, even , sad
         202202 is buzz, duck, palindromic, gapful, even , sad

Enter a request: > > 0
?[1;31m
Start test 70?[0m
Welcome to Amazing Numbers!

Supported requests:
- enter a natural number to know its properties;
- enter two natural numbers to obtain the properties of the list:
  * the first parameter represents a starting number;
  * the second parameter shows how many consecutive numbers are to be printed;
- two natural numbers and properties to search for;
- a property preceded by minus must not be present in numbers;
- separate the parameters with one space;
- enter 0 to exit.

Enter a request: > > 1 10 even sunny duck buzz gapful

           1680 is buzz, duck, gapful, sunny, even , sad
           4760 is buzz, duck, gapful, sunny, even , sad
           9408 is buzz, duck, gapful, sunny, even , sad
          12320 is buzz, duck, gapful, sunny, even , sad
          19320 is buzz, duck, gapful, sunny, even , sad
          19880 is buzz, duck, gapful, sunny, even , sad
          23408 is buzz, duck, gapful, sunny, even , sad
          24024 is buzz, duck, gapful, sunny, even , sad
          28560 is buzz, duck, gapful, sunny, even , happy
          32760 is buzz, duck, gapful, sunny, even , sad

Enter a request: > > 0
?[1;31m
Start test 71?[0m
Welcome to Amazing Numbers!

Supported requests:
- enter a natural number to know its properties;
- enter two natural numbers to obtain the properties of the list:
  * the first parameter represents a starting number;
  * the second parameter shows how many consecutive numbers are to be printed;
- two natural numbers and properties to search for;
- a property preceded by minus must not be present in numbers;
- separate the parameters with one space;
- enter 0 to exit.

Enter a request: > > 100000 2 even spy buzz gapful

         111216 is buzz, gapful, spy, even , happy
         161112 is buzz, gapful, spy, even , happy

Enter a request: > > 0
?[1;31m
Start test 72?[0m
Welcome to Amazing Numbers!

Supported requests:
- enter a natural number to know its properties;
- enter two natural numbers to obtain the properties of the list:
  * the first parameter represents a starting number;
  * the second parameter shows how many consecutive numbers are to be printed;
- two natural numbers and properties to search for;
- a property preceded by minus must not be present in numbers;
- separate the parameters with one space;
- enter 0 to exit.

Enter a request: > > 100 4 odd spy gapful

            231 is buzz, gapful, spy, odd , sad
          12221 is palindromic, gapful, spy, odd , sad
         216111 is buzz, gapful, spy, odd , happy
        1111341 is buzz, gapful, spy, odd , sad

Enter a request: > > 0
?[1;31m
Start test 73?[0m
Welcome to Amazing Numbers!

Supported requests:
- enter a natural number to know its properties;
- enter two natural numbers to obtain the properties of the list:
  * the first parameter represents a starting number;
  * the second parameter shows how many consecutive numbers are to be printed;
- two natural numbers and properties to search for;
- a property preceded by minus must not be present in numbers;
- separate the parameters with one space;
- enter 0 to exit.

Enter a request: > > 2000 4 even palindromic duck

           2002 is buzz, duck, palindromic, gapful, even , sad
           4004 is buzz, duck, palindromic, gapful, even , happy
           6006 is buzz, duck, palindromic, gapful, even , sad
           8008 is buzz, duck, palindromic, gapful, even , sad

Enter a request: > > 0
?[1;31m
Start test 74?[0m
Welcome to Amazing Numbers!

Supported requests:
- enter a natural number to know its properties;
- enter two natural numbers to obtain the properties of the list:
  * the first parameter represents a starting number;
  * the second parameter shows how many consecutive numbers are to be printed;
- two natural numbers and properties to search for;
- a property preceded by minus must not be present in numbers;
- separate the parameters with one space;
- enter 0 to exit.

Enter a request: > > 1 15 odd spy -duck spy buzz

              7 is buzz, palindromic, spy, odd, jumping , happy
            231 is buzz, gapful, spy, odd , sad
           1421 is buzz, spy, odd , sad
          15211 is buzz, spy, odd , happy
          21511 is buzz, spy, odd , happy
          22211 is buzz, spy, odd , sad
          31311 is buzz, spy, odd , sad
          51121 is buzz, spy, odd , happy
         112161 is buzz, spy, odd , happy
         121611 is buzz, spy, odd , happy
         216111 is buzz, gapful, spy, odd , happy
         611121 is buzz, spy, odd , happy
        1111127 is buzz, spy, odd , sad
        1111217 is buzz, spy, odd , sad
        1111271 is buzz, spy, odd , sad

Enter a request: > > 0
?[1;31m
Start test 75?[0m
Welcome to Amazing Numbers!

Supported requests:
- enter a natural number to know its properties;
- enter two natural numbers to obtain the properties of the list:
  * the first parameter represents a starting number;
  * the second parameter shows how many consecutive numbers are to be printed;
- two natural numbers and properties to search for;
- a property preceded by minus must not be present in numbers;
- separate the parameters with one space;
- enter 0 to exit.

Enter a request: > > 1 2 jumping happy -spy

             10 is duck, even, jumping , happy
             23 is odd, jumping , happy

Enter a request: > > 0
?[1;31m
Start test 76?[0m
Welcome to Amazing Numbers!

Supported requests:
- enter a natural number to know its properties;
- enter two natural numbers to obtain the properties of the list:
  * the first parameter represents a starting number;
  * the second parameter shows how many consecutive numbers are to be printed;
- two natural numbers and properties to search for;
- a property preceded by minus must not be present in numbers;
- separate the parameters with one space;
- enter 0 to exit.

Enter a request: > > 5 1 odd even

The request contains mutually exclusive properties: [ODD, EVEN], 
There are no numbers with these properties.

Enter a request: > > 0
?[1;31m
Start test 77?[0m
Welcome to Amazing Numbers!

Supported requests:
- enter a natural number to know its properties;
- enter two natural numbers to obtain the properties of the list:
  * the first parameter represents a starting number;
  * the second parameter shows how many consecutive numbers are to be printed;
- two natural numbers and properties to search for;
- a property preceded by minus must not be present in numbers;
- separate the parameters with one space;
- enter 0 to exit.

Enter a request: > > 4 3 even odd

The request contains mutually exclusive properties: [EVEN, ODD], 
There are no numbers with these properties.

Enter a request: > > 0
?[1;31m
Start test 78?[0m
Welcome to Amazing Numbers!

Supported requests:
- enter a natural number to know its properties;
- enter two natural numbers to obtain the properties of the list:
  * the first parameter represents a starting number;
  * the second parameter shows how many consecutive numbers are to be printed;
- two natural numbers and properties to search for;
- a property preceded by minus must not be present in numbers;
- separate the parameters with one space;
- enter 0 to exit.

Enter a request: > > 32 2 sunny square

The request contains mutually exclusive properties: [SUNNY, SQUARE], 
There are no numbers with these properties.

Enter a request: > > 0
?[1;31m
Start test 79?[0m
Welcome to Amazing Numbers!

Supported requests:
- enter a natural number to know its properties;
- enter two natural numbers to obtain the properties of the list:
  * the first parameter represents a starting number;
  * the second parameter shows how many consecutive numbers are to be printed;
- two natural numbers and properties to search for;
- a property preceded by minus must not be present in numbers;
- separate the parameters with one space;
- enter 0 to exit.

Enter a request: > > 3153 2 spy duck

The request contains mutually exclusive properties: [SPY, DUCK], 
There are no numbers with these properties.

Enter a request: > > 0
?[1;31m
Start test 80?[0m
Welcome to Amazing Numbers!

Supported requests:
- enter a natural number to know its properties;
- enter two natural numbers to obtain the properties of the list:
  * the first parameter represents a starting number;
  * the second parameter shows how many consecutive numbers are to be printed;
- two natural numbers and properties to search for;
- a property preceded by minus must not be present in numbers;
- separate the parameters with one space;
- enter 0 to exit.

Enter a request: > > 6 7 duck spy

The request contains mutually exclusive properties: [DUCK, SPY], 
There are no numbers with these properties.

Enter a request: > > 0
?[1;31m
Start test 81?[0m
Welcome to Amazing Numbers!

Supported requests:
- enter a natural number to know its properties;
- enter two natural numbers to obtain the properties of the list:
  * the first parameter represents a starting number;
  * the second parameter shows how many consecutive numbers are to be printed;
- two natural numbers and properties to search for;
- a property preceded by minus must not be present in numbers;
- separate the parameters with one space;
- enter 0 to exit.

Enter a request: > > 1 2 spy odd sunny even

The request contains mutually exclusive properties: [SPY, ODD, SUNNY, EVEN], 
There are no numbers with these properties.

Enter a request: > > 0
?[1;31m
Start test 82?[0m
Welcome to Amazing Numbers!

Supported requests:
- enter a natural number to know its properties;
- enter two natural numbers to obtain the properties of the list:
  * the first parameter represents a starting number;
  * the second parameter shows how many consecutive numbers are to be printed;
- two natural numbers and properties to search for;
- a property preceded by minus must not be present in numbers;
- separate the parameters with one space;
- enter 0 to exit.

Enter a request: > > 7 2 sunny even duck buzz square

The request contains mutually exclusive properties: [SUNNY, EVEN, DUCK, BUZZ, SQUARE], 
There are no numbers with these properties.

Enter a request: > > 0
?[1;31m
Start test 83?[0m
Welcome to Amazing Numbers!

Supported requests:
- enter a natural number to know its properties;
- enter two natural numbers to obtain the properties of the list:
  * the first parameter represents a starting number;
  * the second parameter shows how many consecutive numbers are to be printed;
- two natural numbers and properties to search for;
- a property preceded by minus must not be present in numbers;
- separate the parameters with one space;
- enter 0 to exit.

Enter a request: > > 9 5 even spy buzz duck

The request contains mutually exclusive properties: [EVEN, SPY, BUZZ, DUCK], 
There are no numbers with these properties.

Enter a request: > > 0
?[1;31m
Start test 84?[0m
Welcome to Amazing Numbers!

Supported requests:
- enter a natural number to know its properties;
- enter two natural numbers to obtain the properties of the list:
  * the first parameter represents a starting number;
  * the second parameter shows how many consecutive numbers are to be printed;
- two natural numbers and properties to search for;
- a property preceded by minus must not be present in numbers;
- separate the parameters with one space;
- enter 0 to exit.

Enter a request: > > 6 6 -odd -even

The request contains mutually exclusive properties: [-ODD, -EVEN]
There are no numbers with these properties.

Enter a request: > > 0
?[1;31m
Start test 85?[0m
Welcome to Amazing Numbers!

Supported requests:
- enter a natural number to know its properties;
- enter two natural numbers to obtain the properties of the list:
  * the first parameter represents a starting number;
  * the second parameter shows how many consecutive numbers are to be printed;
- two natural numbers and properties to search for;
- a property preceded by minus must not be present in numbers;
- separate the parameters with one space;
- enter 0 to exit.

Enter a request: > > 6 7 odd -odd

The request contains mutually exclusive properties: [ODD, -ODD]
There are no numbers with these properties.

Enter a request: > > 0
?[1;31m
Start test 86?[0m
Welcome to Amazing Numbers!

Supported requests:
- enter a natural number to know its properties;
- enter two natural numbers to obtain the properties of the list:
  * the first parameter represents a starting number;
  * the second parameter shows how many consecutive numbers are to be printed;
- two natural numbers and properties to search for;
- a property preceded by minus must not be present in numbers;
- separate the parameters with one space;
- enter 0 to exit.

Enter a request: > > 8 1 -even even

The request contains mutually exclusive properties: [EVEN, -EVEN]
There are no numbers with these properties.

Enter a request: > > 0
?[1;31m
Start test 87?[0m
Welcome to Amazing Numbers!

Supported requests:
- enter a natural number to know its properties;
- enter two natural numbers to obtain the properties of the list:
  * the first parameter represents a starting number;
  * the second parameter shows how many consecutive numbers are to be printed;
- two natural numbers and properties to search for;
- a property preceded by minus must not be present in numbers;
- separate the parameters with one space;
- enter 0 to exit.

Enter a request: > > 3 5 odd duck buzz -duck sunny

The request contains mutually exclusive properties: [DUCK, -DUCK]
There are no numbers with these properties.

Enter a request: > > 0
?[1;31m
Start test 88?[0m
Welcome to Amazing Numbers!

Supported requests:
- enter a natural number to know its properties;
- enter two natural numbers to obtain the properties of the list:
  * the first parameter represents a starting number;
  * the second parameter shows how many consecutive numbers are to be printed;
- two natural numbers and properties to search for;
- a property preceded by minus must not be present in numbers;
- separate the parameters with one space;
- enter 0 to exit.

Enter a request: > > 1 15 -EVEN

              1 is palindromic, spy, square, odd, jumping , happy
              3 is palindromic, spy, sunny, odd, jumping , sad
              5 is palindromic, spy, odd, jumping , sad
              7 is buzz, palindromic, spy, odd, jumping , happy
              9 is palindromic, spy, square, odd, jumping , sad
             11 is palindromic, odd , sad
             13 is odd , happy
             15 is sunny, odd , sad
             17 is buzz, odd , sad
             19 is odd , happy
             21 is buzz, odd, jumping , sad
             23 is odd, jumping , happy
             25 is square, odd , sad
             27 is buzz, odd , sad
             29 is odd , sad

Enter a request: > > 1 15 -ODD

              2 is palindromic, spy, even, jumping , sad
              4 is palindromic, spy, square, even, jumping , sad
              6 is palindromic, spy, even, jumping , sad
              8 is palindromic, spy, sunny, even, jumping , sad
             10 is duck, even, jumping , happy
             12 is even, jumping , sad
             14 is buzz, even , sad
             16 is square, even , sad
             18 is even , sad
             20 is duck, even , sad
             22 is palindromic, spy, even , sad
             24 is sunny, even , sad
             26 is even , sad
             28 is buzz, even , happy
             30 is duck, even , sad

Enter a request: > > 1 15 -BUZZ

              1 is palindromic, spy, square, odd, jumping , happy
              2 is palindromic, spy, even, jumping , sad
              3 is palindromic, spy, sunny, odd, jumping , sad
              4 is palindromic, spy, square, even, jumping , sad
              5 is palindromic, spy, odd, jumping , sad
              6 is palindromic, spy, even, jumping , sad
              8 is palindromic, spy, sunny, even, jumping , sad
              9 is palindromic, spy, square, odd, jumping , sad
             10 is duck, even, jumping , happy
             11 is palindromic, odd , sad
             12 is even, jumping , sad
             13 is odd , happy
             15 is sunny, odd , sad
             16 is square, even , sad
             18 is even , sad

Enter a request: > > 1 15 -DUCK

              1 is palindromic, spy, square, odd, jumping , happy
              2 is palindromic, spy, even, jumping , sad
              3 is palindromic, spy, sunny, odd, jumping , sad
              4 is palindromic, spy, square, even, jumping , sad
              5 is palindromic, spy, odd, jumping , sad
              6 is palindromic, spy, even, jumping , sad
              7 is buzz, palindromic, spy, odd, jumping , happy
              8 is palindromic, spy, sunny, even, jumping , sad
              9 is palindromic, spy, square, odd, jumping , sad
             11 is palindromic, odd , sad
             12 is even, jumping , sad
             13 is odd , happy
             14 is buzz, even , sad
             15 is sunny, odd , sad
             16 is square, even , sad

Enter a request: > > 1 15 -PALINDROMIC

             10 is duck, even, jumping , happy
             12 is even, jumping , sad
             13 is odd , happy
             14 is buzz, even , sad
             15 is sunny, odd , sad
             16 is square, even , sad
             17 is buzz, odd , sad
             18 is even , sad
             19 is odd , happy
             20 is duck, even , sad
             21 is buzz, odd, jumping , sad
             23 is odd, jumping , happy
             24 is sunny, even , sad
             25 is square, odd , sad
             26 is even , sad

Enter a request: > > 1 15 -GAPFUL

              1 is palindromic, spy, square, odd, jumping , happy
              2 is palindromic, spy, even, jumping , sad
              3 is palindromic, spy, sunny, odd, jumping , sad
              4 is palindromic, spy, square, even, jumping , sad
              5 is palindromic, spy, odd, jumping , sad
              6 is palindromic, spy, even, jumping , sad
              7 is buzz, palindromic, spy, odd, jumping , happy
              8 is palindromic, spy, sunny, even, jumping , sad
              9 is palindromic, spy, square, odd, jumping , sad
             10 is duck, even, jumping , happy
             11 is palindromic, odd , sad
             12 is even, jumping , sad
             13 is odd , happy
             14 is buzz, even , sad
             15 is sunny, odd , sad

Enter a request: > > 1 15 -SPY

             10 is duck, even, jumping , happy
             11 is palindromic, odd , sad
             12 is even, jumping , sad
             13 is odd , happy
             14 is buzz, even , sad
             15 is sunny, odd , sad
             16 is square, even , sad
             17 is buzz, odd , sad
             18 is even , sad
             19 is odd , happy
             20 is duck, even , sad
             21 is buzz, odd, jumping , sad
             23 is odd, jumping , happy
             24 is sunny, even , sad
             25 is square, odd , sad

Enter a request: > > 1 15 -SQUARE

              2 is palindromic, spy, even, jumping , sad
              3 is palindromic, spy, sunny, odd, jumping , sad
              5 is palindromic, spy, odd, jumping , sad
              6 is palindromic, spy, even, jumping , sad
              7 is buzz, palindromic, spy, odd, jumping , happy
              8 is palindromic, spy, sunny, even, jumping , sad
             10 is duck, even, jumping , happy
             11 is palindromic, odd , sad
             12 is even, jumping , sad
             13 is odd , happy
             14 is buzz, even , sad
             15 is sunny, odd , sad
             17 is buzz, odd , sad
             18 is even , sad
             19 is odd , happy

Enter a request: > > 1 15 -SUNNY

              1 is palindromic, spy, square, odd, jumping , happy
              2 is palindromic, spy, even, jumping , sad
              4 is palindromic, spy, square, even, jumping , sad
              5 is palindromic, spy, odd, jumping , sad
              6 is palindromic, spy, even, jumping , sad
              7 is buzz, palindromic, spy, odd, jumping , happy
              9 is palindromic, spy, square, odd, jumping , sad
             10 is duck, even, jumping , happy
             11 is palindromic, odd , sad
             12 is even, jumping , sad
             13 is odd , happy
             14 is buzz, even , sad
             16 is square, even , sad
             17 is buzz, odd , sad
             18 is even , sad

Enter a request: > > 1 15 -JUMPING

             11 is palindromic, odd , sad
             13 is odd , happy
             14 is buzz, even , sad
             15 is sunny, odd , sad
             16 is square, even , sad
             17 is buzz, odd , sad
             18 is even , sad
             19 is odd , happy
             20 is duck, even , sad
             22 is palindromic, spy, even , sad
             24 is sunny, even , sad
             25 is square, odd , sad
             26 is even , sad
             27 is buzz, odd , sad
             28 is buzz, even , happy

Enter a request: > > 1 15 -HAPPY

              2 is palindromic, spy, even, jumping , sad
              3 is palindromic, spy, sunny, odd, jumping , sad
              4 is palindromic, spy, square, even, jumping , sad
              5 is palindromic, spy, odd, jumping , sad
              6 is palindromic, spy, even, jumping , sad
              8 is palindromic, spy, sunny, even, jumping , sad
              9 is palindromic, spy, square, odd, jumping , sad
             11 is palindromic, odd , sad
             12 is even, jumping , sad
             14 is buzz, even , sad
             15 is sunny, odd , sad
             16 is square, even , sad
             17 is buzz, odd , sad
             18 is even , sad
             20 is duck, even , sad

Enter a request: > > 1 15 -SAD

              1 is palindromic, spy, square, odd, jumping , happy
              7 is buzz, palindromic, spy, odd, jumping , happy
             10 is duck, even, jumping , happy
             13 is odd , happy
             19 is odd , happy
             23 is odd, jumping , happy
             28 is buzz, even , happy
             31 is odd , happy
             32 is even, jumping , happy
             44 is palindromic, even , happy
             49 is buzz, square, odd , happy
             68 is even , happy
             70 is buzz, duck, even , happy
             79 is odd , happy
             82 is even , happy

Enter a request: > > 0
]]></system-out>
  <system-err><![CDATA[]]></system-err>
</testsuite>
