<?xml version="1.0" encoding="UTF-8"?>
<testsuite name="NumbersTest" tests="1" skipped="0" failures="0" errors="0" timestamp="2024-06-12T17:24:40" hostname="MBPuzivaCuninka.home" time="11.734">
  <properties/>
  <testcase name="start" classname="NumbersTest" time="11.734"/>
  <system-out><![CDATA[?[1;31m
Start test 1?[0m
Welcome to Amazing Numbers!

Supported requests:
- enter a natural number to know its properties;
- enter two natural numbers to obtain the properties of the list:
  * the first parameter represents a starting number;
  * the second parameter shows how many consecutive numbers are to be printed;
- two natural numbers and properties to search for;
- a property preceded by minus must not be present in numbers;
- separate the parameters with one space;
- enter 0 to exit.

Enter a request: > > 0
?[1;31m
Start test 2?[0m
Welcome to Amazing Numbers!

Supported requests:
- enter a natural number to know its properties;
- enter two natural numbers to obtain the properties of the list:
  * the first parameter represents a starting number;
  * the second parameter shows how many consecutive numbers are to be printed;
- two natural numbers and properties to search for;
- a property preceded by minus must not be present in numbers;
- separate the parameters with one space;
- enter 0 to exit.

Enter a request: > > -81

The first parameter should be a natural number or zero.

Enter a request: > > 0
?[1;31m
Start test 3?[0m
Welcome to Amazing Numbers!

Supported requests:
- enter a natural number to know its properties;
- enter two natural numbers to obtain the properties of the list:
  * the first parameter represents a starting number;
  * the second parameter shows how many consecutive numbers are to be printed;
- two natural numbers and properties to search for;
- a property preceded by minus must not be present in numbers;
- separate the parameters with one space;
- enter 0 to exit.

Enter a request: > > -71

The first parameter should be a natural number or zero.

Enter a request: > > 0
?[1;31m
Start test 4?[0m
Welcome to Amazing Numbers!

Supported requests:
- enter a natural number to know its properties;
- enter two natural numbers to obtain the properties of the list:
  * the first parameter represents a starting number;
  * the second parameter shows how many consecutive numbers are to be printed;
- two natural numbers and properties to search for;
- a property preceded by minus must not be present in numbers;
- separate the parameters with one space;
- enter 0 to exit.

Enter a request: > > -90

The first parameter should be a natural number or zero.

Enter a request: > > 0
?[1;31m
Start test 5?[0m
Welcome to Amazing Numbers!

Supported requests:
- enter a natural number to know its properties;
- enter two natural numbers to obtain the properties of the list:
  * the first parameter represents a starting number;
  * the second parameter shows how many consecutive numbers are to be printed;
- two natural numbers and properties to search for;
- a property preceded by minus must not be present in numbers;
- separate the parameters with one space;
- enter 0 to exit.

Enter a request: > > -61

The first parameter should be a natural number or zero.

Enter a request: > > 0
?[1;31m
Start test 6?[0m
Welcome to Amazing Numbers!

Supported requests:
- enter a natural number to know its properties;
- enter two natural numbers to obtain the properties of the list:
  * the first parameter represents a starting number;
  * the second parameter shows how many consecutive numbers are to be printed;
- two natural numbers and properties to search for;
- a property preceded by minus must not be present in numbers;
- separate the parameters with one space;
- enter 0 to exit.

Enter a request: > > -112

The first parameter should be a natural number or zero.

Enter a request: > > 0
?[1;31m
Start test 7?[0m
Welcome to Amazing Numbers!

Supported requests:
- enter a natural number to know its properties;
- enter two natural numbers to obtain the properties of the list:
  * the first parameter represents a starting number;
  * the second parameter shows how many consecutive numbers are to be printed;
- two natural numbers and properties to search for;
- a property preceded by minus must not be present in numbers;
- separate the parameters with one space;
- enter 0 to exit.

Enter a request: > > 31462 -21854

The second parameter should be a natural number or zero.

Enter a request: > > 0
?[1;31m
Start test 8?[0m
Welcome to Amazing Numbers!

Supported requests:
- enter a natural number to know its properties;
- enter two natural numbers to obtain the properties of the list:
  * the first parameter represents a starting number;
  * the second parameter shows how many consecutive numbers are to be printed;
- two natural numbers and properties to search for;
- a property preceded by minus must not be present in numbers;
- separate the parameters with one space;
- enter 0 to exit.

Enter a request: > > 20374 -25544

The second parameter should be a natural number or zero.

Enter a request: > > 0
?[1;31m
Start test 9?[0m
Welcome to Amazing Numbers!

Supported requests:
- enter a natural number to know its properties;
- enter two natural numbers to obtain the properties of the list:
  * the first parameter represents a starting number;
  * the second parameter shows how many consecutive numbers are to be printed;
- two natural numbers and properties to search for;
- a property preceded by minus must not be present in numbers;
- separate the parameters with one space;
- enter 0 to exit.

Enter a request: > > 16863 -10105

The second parameter should be a natural number or zero.

Enter a request: > > 0
?[1;31m
Start test 10?[0m
Welcome to Amazing Numbers!

Supported requests:
- enter a natural number to know its properties;
- enter two natural numbers to obtain the properties of the list:
  * the first parameter represents a starting number;
  * the second parameter shows how many consecutive numbers are to be printed;
- two natural numbers and properties to search for;
- a property preceded by minus must not be present in numbers;
- separate the parameters with one space;
- enter 0 to exit.

Enter a request: > > 23698 -31432

The second parameter should be a natural number or zero.

Enter a request: > > 0
?[1;31m
Start test 11?[0m
Welcome to Amazing Numbers!

Supported requests:
- enter a natural number to know its properties;
- enter two natural numbers to obtain the properties of the list:
  * the first parameter represents a starting number;
  * the second parameter shows how many consecutive numbers are to be printed;
- two natural numbers and properties to search for;
- a property preceded by minus must not be present in numbers;
- separate the parameters with one space;
- enter 0 to exit.

Enter a request: > > 20013 -19567

The second parameter should be a natural number or zero.

Enter a request: > > 0
?[1;31m
Start test 12?[0m
Welcome to Amazing Numbers!

Supported requests:
- enter a natural number to know its properties;
- enter two natural numbers to obtain the properties of the list:
  * the first parameter represents a starting number;
  * the second parameter shows how many consecutive numbers are to be printed;
- two natural numbers and properties to search for;
- a property preceded by minus must not be present in numbers;
- separate the parameters with one space;
- enter 0 to exit.

Enter a request: > > 16215 -12090

The second parameter should be a natural number or zero.

Enter a request: > > 0
?[1;31m
Start test 13?[0m
Welcome to Amazing Numbers!

Supported requests:
- enter a natural number to know its properties;
- enter two natural numbers to obtain the properties of the list:
  * the first parameter represents a starting number;
  * the second parameter shows how many consecutive numbers are to be printed;
- two natural numbers and properties to search for;
- a property preceded by minus must not be present in numbers;
- separate the parameters with one space;
- enter 0 to exit.

Enter a request: > > 19071 -28608

The second parameter should be a natural number or zero.

Enter a request: > > 0
?[1;31m
Start test 14?[0m
Welcome to Amazing Numbers!

Supported requests:
- enter a natural number to know its properties;
- enter two natural numbers to obtain the properties of the list:
  * the first parameter represents a starting number;
  * the second parameter shows how many consecutive numbers are to be printed;
- two natural numbers and properties to search for;
- a property preceded by minus must not be present in numbers;
- separate the parameters with one space;
- enter 0 to exit.

Enter a request: > > 14447 -17962

The second parameter should be a natural number or zero.

Enter a request: > > 0
?[1;31m
Start test 15?[0m
Welcome to Amazing Numbers!

Supported requests:
- enter a natural number to know its properties;
- enter two natural numbers to obtain the properties of the list:
  * the first parameter represents a starting number;
  * the second parameter shows how many consecutive numbers are to be printed;
- two natural numbers and properties to search for;
- a property preceded by minus must not be present in numbers;
- separate the parameters with one space;
- enter 0 to exit.

Enter a request: > > 23004 -5784

The second parameter should be a natural number or zero.

Enter a request: > > 0
?[1;31m
Start test 16?[0m
Welcome to Amazing Numbers!

Supported requests:
- enter a natural number to know its properties;
- enter two natural numbers to obtain the properties of the list:
  * the first parameter represents a starting number;
  * the second parameter shows how many consecutive numbers are to be printed;
- two natural numbers and properties to search for;
- a property preceded by minus must not be present in numbers;
- separate the parameters with one space;
- enter 0 to exit.

Enter a request: > > 1404 -11795

The second parameter should be a natural number or zero.

Enter a request: > > 0
?[1;31m
Start test 17?[0m
Welcome to Amazing Numbers!

Supported requests:
- enter a natural number to know its properties;
- enter two natural numbers to obtain the properties of the list:
  * the first parameter represents a starting number;
  * the second parameter shows how many consecutive numbers are to be printed;
- two natural numbers and properties to search for;
- a property preceded by minus must not be present in numbers;
- separate the parameters with one space;
- enter 0 to exit.

Enter a request: > > 1

Properties of 1
        buzz: false
        duck: false
 palindromic: true
      gapful: false
         spy: true
      square: true
       sunny: false
        even: false
         odd: true
     jumping: true
       happy: true
         sad: false

Enter a request: > > 2

Properties of 2
        buzz: false
        duck: false
 palindromic: true
      gapful: false
         spy: true
      square: false
       sunny: false
        even: true
         odd: false
     jumping: true
       happy: false
         sad: true

Enter a request: > > 3

Properties of 3
        buzz: false
        duck: false
 palindromic: true
      gapful: false
         spy: true
      square: false
       sunny: true
        even: false
         odd: true
     jumping: true
       happy: false
         sad: true

Enter a request: > > 4

Properties of 4
        buzz: false
        duck: false
 palindromic: true
      gapful: false
         spy: true
      square: true
       sunny: false
        even: true
         odd: false
     jumping: true
       happy: false
         sad: true

Enter a request: > > 5

Properties of 5
        buzz: false
        duck: false
 palindromic: true
      gapful: false
         spy: true
      square: false
       sunny: false
        even: false
         odd: true
     jumping: true
       happy: false
         sad: true

Enter a request: > > 6

Properties of 6
        buzz: false
        duck: false
 palindromic: true
      gapful: false
         spy: true
      square: false
       sunny: false
        even: true
         odd: false
     jumping: true
       happy: false
         sad: true

Enter a request: > > 7

Properties of 7
        buzz: true
        duck: false
 palindromic: true
      gapful: false
         spy: true
      square: false
       sunny: false
        even: false
         odd: true
     jumping: true
       happy: true
         sad: false

Enter a request: > > 8

Properties of 8
        buzz: false
        duck: false
 palindromic: true
      gapful: false
         spy: true
      square: false
       sunny: true
        even: true
         odd: false
     jumping: true
       happy: false
         sad: true

Enter a request: > > 9

Properties of 9
        buzz: false
        duck: false
 palindromic: true
      gapful: false
         spy: true
      square: true
       sunny: false
        even: false
         odd: true
     jumping: true
       happy: false
         sad: true

Enter a request: > > 10

Properties of 10
        buzz: false
        duck: true
 palindromic: false
      gapful: false
         spy: false
      square: false
       sunny: false
        even: true
         odd: false
     jumping: true
       happy: true
         sad: false

Enter a request: > > 11

Properties of 11
        buzz: false
        duck: false
 palindromic: true
      gapful: false
         spy: false
      square: false
       sunny: false
        even: false
         odd: true
     jumping: false
       happy: false
         sad: true

Enter a request: > > 12

Properties of 12
        buzz: false
        duck: false
 palindromic: false
      gapful: false
         spy: false
      square: false
       sunny: false
        even: true
         odd: false
     jumping: true
       happy: false
         sad: true

Enter a request: > > 13

Properties of 13
        buzz: false
        duck: false
 palindromic: false
      gapful: false
         spy: false
      square: false
       sunny: false
        even: false
         odd: true
     jumping: false
       happy: true
         sad: false

Enter a request: > > 14

Properties of 14
        buzz: true
        duck: false
 palindromic: false
      gapful: false
         spy: false
      square: false
       sunny: false
        even: true
         odd: false
     jumping: false
       happy: false
         sad: true

Enter a request: > > 7818098608001686185

Properties of 7818098608001686185
        buzz: false
        duck: true
 palindromic: false
      gapful: false
         spy: false
      square: false
       sunny: false
        even: false
         odd: true
     jumping: false
       happy: false
         sad: true

Enter a request: > > 6911359343032984259

Properties of 6911359343032984259
        buzz: true
        duck: true
 palindromic: false
      gapful: false
         spy: false
      square: false
       sunny: false
        even: false
         odd: true
     jumping: false
       happy: false
         sad: true

Enter a request: > > 4032595866023950547

Properties of 4032595866023950547
        buzz: true
        duck: true
 palindromic: false
      gapful: false
         spy: false
      square: false
       sunny: false
        even: false
         odd: true
     jumping: false
       happy: false
         sad: true

Enter a request: > > 4279197977055912012

Properties of 4279197977055912012
        buzz: false
        duck: true
 palindromic: false
      gapful: false
         spy: false
      square: false
       sunny: false
        even: true
         odd: false
     jumping: false
       happy: false
         sad: true

Enter a request: > > 3068016126210527274

Properties of 3068016126210527274
        buzz: false
        duck: true
 palindromic: false
      gapful: false
         spy: false
      square: false
       sunny: false
        even: true
         odd: false
     jumping: false
       happy: false
         sad: true

Enter a request: > > 789805034462465851

Properties of 789805034462465851
        buzz: false
        duck: true
 palindromic: false
      gapful: false
         spy: false
      square: false
       sunny: false
        even: false
         odd: true
     jumping: false
       happy: false
         sad: true

Enter a request: > > 2252391636526401915

Properties of 2252391636526401915
        buzz: false
        duck: true
 palindromic: false
      gapful: false
         spy: false
      square: false
       sunny: false
        even: false
         odd: true
     jumping: false
       happy: false
         sad: true

Enter a request: > > 3134482705857114281

Properties of 3134482705857114281
        buzz: false
        duck: true
 palindromic: false
      gapful: false
         spy: false
      square: false
       sunny: false
        even: false
         odd: true
     jumping: false
       happy: false
         sad: true

Enter a request: > > 2901100923613872351

Properties of 2901100923613872351
        buzz: false
        duck: true
 palindromic: false
      gapful: false
         spy: false
      square: false
       sunny: false
        even: false
         odd: true
     jumping: false
       happy: true
         sad: false

Enter a request: > > 8071459957782722952

Properties of 8071459957782722952
        buzz: false
        duck: true
 palindromic: false
      gapful: false
         spy: false
      square: false
       sunny: false
        even: true
         odd: false
     jumping: false
       happy: false
         sad: true

Enter a request: > > 0
?[1;31m
Start test 18?[0m
Welcome to Amazing Numbers!

Supported requests:
- enter a natural number to know its properties;
- enter two natural numbers to obtain the properties of the list:
  * the first parameter represents a starting number;
  * the second parameter shows how many consecutive numbers are to be printed;
- two natural numbers and properties to search for;
- a property preceded by minus must not be present in numbers;
- separate the parameters with one space;
- enter 0 to exit.

Enter a request: > > 1 15

              1 is palindromic, spy, square, odd, jumping , happy
              2 is palindromic, spy, even, jumping , sad
              3 is palindromic, spy, sunny, odd, jumping , sad
              4 is palindromic, spy, square, even, jumping , sad
              5 is palindromic, spy, odd, jumping , sad
              6 is palindromic, spy, even, jumping , sad
              7 is buzz, palindromic, spy, odd, jumping , happy
              8 is palindromic, spy, sunny, even, jumping , sad
              9 is palindromic, spy, square, odd, jumping , sad
             10 is duck, even, jumping , happy
             11 is palindromic, odd , sad
             12 is even, jumping , sad
             13 is odd , happy
             14 is buzz, even , sad
             15 is sunny, odd , sad

Enter a request: > > 0
?[1;31m
Start test 19?[0m
Welcome to Amazing Numbers!

Supported requests:
- enter a natural number to know its properties;
- enter two natural numbers to obtain the properties of the list:
  * the first parameter represents a starting number;
  * the second parameter shows how many consecutive numbers are to be printed;
- two natural numbers and properties to search for;
- a property preceded by minus must not be present in numbers;
- separate the parameters with one space;
- enter 0 to exit.

Enter a request: > > 1771224551765378600 12

1771224551765378600 is duck, gapful, even , sad
1771224551765378601 is duck, odd , sad
1771224551765378602 is duck, even , sad
1771224551765378603 is duck, odd , sad
1771224551765378604 is duck, even , sad
1771224551765378605 is buzz, duck, odd , sad
1771224551765378606 is duck, even , sad
1771224551765378607 is buzz, duck, odd , sad
1771224551765378608 is duck, even , sad
1771224551765378609 is duck, odd , sad
1771224551765378610 is duck, gapful, even , sad
1771224551765378611 is gapful, odd , sad

Enter a request: > > 0
?[1;31m
Start test 20?[0m
Welcome to Amazing Numbers!

Supported requests:
- enter a natural number to know its properties;
- enter two natural numbers to obtain the properties of the list:
  * the first parameter represents a starting number;
  * the second parameter shows how many consecutive numbers are to be printed;
- two natural numbers and properties to search for;
- a property preceded by minus must not be present in numbers;
- separate the parameters with one space;
- enter 0 to exit.

Enter a request: > > 3726488836762923004 7

3726488836762923004 is duck, even , sad
3726488836762923005 is duck, odd , sad
3726488836762923006 is duck, even , sad
3726488836762923007 is buzz, duck, odd , sad
3726488836762923008 is duck, even , sad
3726488836762923009 is duck, odd , sad
3726488836762923010 is duck, even , sad

Enter a request: > > 0
?[1;31m
Start test 21?[0m
Welcome to Amazing Numbers!

Supported requests:
- enter a natural number to know its properties;
- enter two natural numbers to obtain the properties of the list:
  * the first parameter represents a starting number;
  * the second parameter shows how many consecutive numbers are to be printed;
- two natural numbers and properties to search for;
- a property preceded by minus must not be present in numbers;
- separate the parameters with one space;
- enter 0 to exit.

Enter a request: > > 8911032928967622728 6

8911032928967622728 is duck, gapful, even , sad
8911032928967622729 is duck, odd , happy
8911032928967622730 is duck, even , sad
8911032928967622731 is duck, odd , sad
8911032928967622732 is duck, even , sad
8911032928967622733 is buzz, duck, odd , sad

Enter a request: > > 0
?[1;31m
Start test 22?[0m
Welcome to Amazing Numbers!

Supported requests:
- enter a natural number to know its properties;
- enter two natural numbers to obtain the properties of the list:
  * the first parameter represents a starting number;
  * the second parameter shows how many consecutive numbers are to be printed;
- two natural numbers and properties to search for;
- a property preceded by minus must not be present in numbers;
- separate the parameters with one space;
- enter 0 to exit.

Enter a request: > > 5600490666152306140 11

5600490666152306140 is duck, even , sad
5600490666152306141 is buzz, duck, odd , sad
5600490666152306142 is duck, even , happy
5600490666152306143 is duck, odd , happy
5600490666152306144 is duck, even , sad
5600490666152306145 is duck, odd , happy
5600490666152306146 is duck, even , sad
5600490666152306147 is buzz, duck, odd , sad
5600490666152306148 is buzz, duck, even , sad
5600490666152306149 is duck, odd , sad
5600490666152306150 is duck, gapful, even , happy

Enter a request: > > 0
?[1;31m
Start test 23?[0m
Welcome to Amazing Numbers!

Supported requests:
- enter a natural number to know its properties;
- enter two natural numbers to obtain the properties of the list:
  * the first parameter represents a starting number;
  * the second parameter shows how many consecutive numbers are to be printed;
- two natural numbers and properties to search for;
- a property preceded by minus must not be present in numbers;
- separate the parameters with one space;
- enter 0 to exit.

Enter a request: > > 3082533188539105161 3

3082533188539105161 is buzz, duck, odd , sad
3082533188539105162 is duck, even , sad
3082533188539105163 is duck, odd , sad

Enter a request: > > 0
?[1;31m
Start test 24?[0m
Welcome to Amazing Numbers!

Supported requests:
- enter a natural number to know its properties;
- enter two natural numbers to obtain the properties of the list:
  * the first parameter represents a starting number;
  * the second parameter shows how many consecutive numbers are to be printed;
- two natural numbers and properties to search for;
- a property preceded by minus must not be present in numbers;
- separate the parameters with one space;
- enter 0 to exit.

Enter a request: > > 2596667073010999968 1

2596667073010999968 is buzz, duck, gapful, even , sad

Enter a request: > > 0
?[1;31m
Start test 25?[0m
Welcome to Amazing Numbers!

Supported requests:
- enter a natural number to know its properties;
- enter two natural numbers to obtain the properties of the list:
  * the first parameter represents a starting number;
  * the second parameter shows how many consecutive numbers are to be printed;
- two natural numbers and properties to search for;
- a property preceded by minus must not be present in numbers;
- separate the parameters with one space;
- enter 0 to exit.

Enter a request: > > 5851876431761205154 10

5851876431761205154 is duck, even , sad
5851876431761205155 is duck, odd , sad
5851876431761205156 is duck, even , sad
5851876431761205157 is buzz, duck, odd , sad
5851876431761205158 is duck, even , sad
5851876431761205159 is duck, odd , sad
5851876431761205160 is buzz, duck, even , sad
5851876431761205161 is duck, odd , sad
5851876431761205162 is duck, even , happy
5851876431761205163 is duck, odd , sad

Enter a request: > > 0
?[1;31m
Start test 26?[0m
Welcome to Amazing Numbers!

Supported requests:
- enter a natural number to know its properties;
- enter two natural numbers to obtain the properties of the list:
  * the first parameter represents a starting number;
  * the second parameter shows how many consecutive numbers are to be printed;
- two natural numbers and properties to search for;
- a property preceded by minus must not be present in numbers;
- separate the parameters with one space;
- enter 0 to exit.

Enter a request: > > 3013932569872394441 17

3013932569872394441 is duck, odd , sad
3013932569872394442 is duck, even , sad
3013932569872394443 is buzz, duck, odd , sad
3013932569872394444 is duck, even , sad
3013932569872394445 is duck, odd , sad
3013932569872394446 is duck, even , sad
3013932569872394447 is buzz, duck, odd , sad
3013932569872394448 is duck, even , sad
3013932569872394449 is duck, odd , sad
3013932569872394450 is buzz, duck, even , sad
3013932569872394451 is duck, odd , sad
3013932569872394452 is duck, even , sad
3013932569872394453 is duck, odd , sad
3013932569872394454 is duck, even , sad
3013932569872394455 is duck, odd , sad
3013932569872394456 is duck, even , sad
3013932569872394457 is buzz, duck, odd , sad

Enter a request: > > 0
?[1;31m
Start test 27?[0m
Welcome to Amazing Numbers!

Supported requests:
- enter a natural number to know its properties;
- enter two natural numbers to obtain the properties of the list:
  * the first parameter represents a starting number;
  * the second parameter shows how many consecutive numbers are to be printed;
- two natural numbers and properties to search for;
- a property preceded by minus must not be present in numbers;
- separate the parameters with one space;
- enter 0 to exit.

Enter a request: > > 6198636666387081869 15

6198636666387081869 is duck, odd , happy
6198636666387081870 is duck, even , happy
6198636666387081871 is duck, odd , sad
6198636666387081872 is duck, even , sad
6198636666387081873 is duck, odd , happy
6198636666387081874 is duck, even , sad
6198636666387081875 is buzz, duck, odd , sad
6198636666387081876 is duck, even , sad
6198636666387081877 is buzz, duck, odd , sad
6198636666387081878 is duck, even , sad
6198636666387081879 is duck, odd , sad
6198636666387081880 is duck, even , sad
6198636666387081881 is duck, odd , sad
6198636666387081882 is buzz, duck, even , sad
6198636666387081883 is duck, odd , sad

Enter a request: > > 0
?[1;31m
Start test 28?[0m
Welcome to Amazing Numbers!

Supported requests:
- enter a natural number to know its properties;
- enter two natural numbers to obtain the properties of the list:
  * the first parameter represents a starting number;
  * the second parameter shows how many consecutive numbers are to be printed;
- two natural numbers and properties to search for;
- a property preceded by minus must not be present in numbers;
- separate the parameters with one space;
- enter 0 to exit.

Enter a request: > > 2769625062707811264 9

2769625062707811264 is duck, gapful, even , sad
2769625062707811265 is duck, odd , sad
2769625062707811266 is buzz, duck, even , sad
2769625062707811267 is buzz, duck, odd , sad
2769625062707811268 is duck, even , sad
2769625062707811269 is duck, odd , sad
2769625062707811270 is duck, even , sad
2769625062707811271 is duck, odd , sad
2769625062707811272 is duck, even , happy

Enter a request: > > 0
?[1;31m
Start test 29?[0m
Welcome to Amazing Numbers!

Supported requests:
- enter a natural number to know its properties;
- enter two natural numbers to obtain the properties of the list:
  * the first parameter represents a starting number;
  * the second parameter shows how many consecutive numbers are to be printed;
- two natural numbers and properties to search for;
- a property preceded by minus must not be present in numbers;
- separate the parameters with one space;
- enter 0 to exit.

Enter a request: > > 1 10 May

The property [may] is wrong.
Available properties: [BUZZ, DUCK, PALINDROMIC, GAPFUL, SPY, SQUARE, SUNNY, EVEN, ODD, JUMPING, HAPPY, SAD]
              1 is palindromic, spy, square, odd, jumping , happy
              2 is palindromic, spy, even, jumping , sad
              3 is palindromic, spy, sunny, odd, jumping , sad
              4 is palindromic, spy, square, even, jumping , sad
              5 is palindromic, spy, odd, jumping , sad
              6 is palindromic, spy, even, jumping , sad
              7 is buzz, palindromic, spy, odd, jumping , happy
              8 is palindromic, spy, sunny, even, jumping , sad
              9 is palindromic, spy, square, odd, jumping , sad
             10 is duck, even, jumping , happy

Enter a request: > > 0
?[1;31m
Start test 30?[0m
Welcome to Amazing Numbers!

Supported requests:
- enter a natural number to know its properties;
- enter two natural numbers to obtain the properties of the list:
  * the first parameter represents a starting number;
  * the second parameter shows how many consecutive numbers are to be printed;
- two natural numbers and properties to search for;
- a property preceded by minus must not be present in numbers;
- separate the parameters with one space;
- enter 0 to exit.

Enter a request: > > 40 2 bay

The property [bay] is wrong.
Available properties: [BUZZ, DUCK, PALINDROMIC, GAPFUL, SPY, SQUARE, SUNNY, EVEN, ODD, JUMPING, HAPPY, SAD]
             40 is duck, even , sad
             41 is odd , sad

Enter a request: > > 0
?[1;31m
Start test 31?[0m
Welcome to Amazing Numbers!

Supported requests:
- enter a natural number to know its properties;
- enter two natural numbers to obtain the properties of the list:
  * the first parameter represents a starting number;
  * the second parameter shows how many consecutive numbers are to be printed;
- two natural numbers and properties to search for;
- a property preceded by minus must not be present in numbers;
- separate the parameters with one space;
- enter 0 to exit.

Enter a request: > > 37 4 8

The property [8] is wrong.
Available properties: [BUZZ, DUCK, PALINDROMIC, GAPFUL, SPY, SQUARE, SUNNY, EVEN, ODD, JUMPING, HAPPY, SAD]
             37 is buzz, odd , sad
             38 is even , sad
             39 is odd , sad
             40 is duck, even , sad

Enter a request: > > 0
?[1;31m
Start test 32?[0m
Welcome to Amazing Numbers!

Supported requests:
- enter a natural number to know its properties;
- enter two natural numbers to obtain the properties of the list:
  * the first parameter represents a starting number;
  * the second parameter shows how many consecutive numbers are to be printed;
- two natural numbers and properties to search for;
- a property preceded by minus must not be present in numbers;
- separate the parameters with one space;
- enter 0 to exit.

Enter a request: > > 67 2 day

The property [day] is wrong.
Available properties: [BUZZ, DUCK, PALINDROMIC, GAPFUL, SPY, SQUARE, SUNNY, EVEN, ODD, JUMPING, HAPPY, SAD]
             67 is buzz, odd, jumping , sad
             68 is even , happy

Enter a request: > > 0
?[1;31m
Start test 33?[0m
Welcome to Amazing Numbers!

Supported requests:
- enter a natural number to know its properties;
- enter two natural numbers to obtain the properties of the list:
  * the first parameter represents a starting number;
  * the second parameter shows how many consecutive numbers are to be printed;
- two natural numbers and properties to search for;
- a property preceded by minus must not be present in numbers;
- separate the parameters with one space;
- enter 0 to exit.

Enter a request: > > 2 54 Prime

The property [prime] is wrong.
Available properties: [BUZZ, DUCK, PALINDROMIC, GAPFUL, SPY, SQUARE, SUNNY, EVEN, ODD, JUMPING, HAPPY, SAD]
              2 is palindromic, spy, even, jumping , sad
              3 is palindromic, spy, sunny, odd, jumping , sad
              4 is palindromic, spy, square, even, jumping , sad
              5 is palindromic, spy, odd, jumping , sad
              6 is palindromic, spy, even, jumping , sad
              7 is buzz, palindromic, spy, odd, jumping , happy
              8 is palindromic, spy, sunny, even, jumping , sad
              9 is palindromic, spy, square, odd, jumping , sad
             10 is duck, even, jumping , happy
             11 is palindromic, odd , sad
             12 is even, jumping , sad
             13 is odd , happy
             14 is buzz, even , sad
             15 is sunny, odd , sad
             16 is square, even , sad
             17 is buzz, odd , sad
             18 is even , sad
             19 is odd , happy
             20 is duck, even , sad
             21 is buzz, odd, jumping , sad
             22 is palindromic, spy, even , sad
             23 is odd, jumping , happy
             24 is sunny, even , sad
             25 is square, odd , sad
             26 is even , sad
             27 is buzz, odd , sad
             28 is buzz, even , happy
             29 is odd , sad
             30 is duck, even , sad
             31 is odd , happy
             32 is even, jumping , happy
             33 is palindromic, odd , sad
             34 is even, jumping , sad
             35 is buzz, sunny, odd , sad
             36 is square, even , sad
             37 is buzz, odd , sad
             38 is even , sad
             39 is odd , sad
             40 is duck, even , sad
             41 is odd , sad
             42 is buzz, even , sad
             43 is odd, jumping , sad
             44 is palindromic, even , happy
             45 is odd, jumping , sad
             46 is even , sad
             47 is buzz, odd , sad
             48 is sunny, even , sad
             49 is buzz, square, odd , happy
             50 is duck, even , sad
             51 is odd , sad
             52 is even , sad
             53 is odd , sad
             54 is even, jumping , sad
             55 is palindromic, odd , sad

Enter a request: > > 0
?[1;31m
Start test 34?[0m
Welcome to Amazing Numbers!

Supported requests:
- enter a natural number to know its properties;
- enter two natural numbers to obtain the properties of the list:
  * the first parameter represents a starting number;
  * the second parameter shows how many consecutive numbers are to be printed;
- two natural numbers and properties to search for;
- a property preceded by minus must not be present in numbers;
- separate the parameters with one space;
- enter 0 to exit.

Enter a request: > > 6 8 ...

The property [...] is wrong.
Available properties: [BUZZ, DUCK, PALINDROMIC, GAPFUL, SPY, SQUARE, SUNNY, EVEN, ODD, JUMPING, HAPPY, SAD]
              6 is palindromic, spy, even, jumping , sad
              7 is buzz, palindromic, spy, odd, jumping , happy
              8 is palindromic, spy, sunny, even, jumping , sad
              9 is palindromic, spy, square, odd, jumping , sad
             10 is duck, even, jumping , happy
             11 is palindromic, odd , sad
             12 is even, jumping , sad
             13 is odd , happy

Enter a request: > > 0
?[1;31m
Start test 35?[0m
Welcome to Amazing Numbers!

Supported requests:
- enter a natural number to know its properties;
- enter two natural numbers to obtain the properties of the list:
  * the first parameter represents a starting number;
  * the second parameter shows how many consecutive numbers are to be printed;
- two natural numbers and properties to search for;
- a property preceded by minus must not be present in numbers;
- separate the parameters with one space;
- enter 0 to exit.

Enter a request: > > 5 9 none

The property [none] is wrong.
Available properties: [BUZZ, DUCK, PALINDROMIC, GAPFUL, SPY, SQUARE, SUNNY, EVEN, ODD, JUMPING, HAPPY, SAD]
              5 is palindromic, spy, odd, jumping , sad
              6 is palindromic, spy, even, jumping , sad
              7 is buzz, palindromic, spy, odd, jumping , happy
              8 is palindromic, spy, sunny, even, jumping , sad
              9 is palindromic, spy, square, odd, jumping , sad
             10 is duck, even, jumping , happy
             11 is palindromic, odd , sad
             12 is even, jumping , sad
             13 is odd , happy

Enter a request: > > 0
?[1;31m
Start test 36?[0m
Welcome to Amazing Numbers!

Supported requests:
- enter a natural number to know its properties;
- enter two natural numbers to obtain the properties of the list:
  * the first parameter represents a starting number;
  * the second parameter shows how many consecutive numbers are to be printed;
- two natural numbers and properties to search for;
- a property preceded by minus must not be present in numbers;
- separate the parameters with one space;
- enter 0 to exit.

Enter a request: > > 1 10 EVEN

              2 is palindromic, spy, even, jumping , sad
              4 is palindromic, spy, square, even, jumping , sad
              6 is palindromic, spy, even, jumping , sad
              8 is palindromic, spy, sunny, even, jumping , sad
             10 is duck, even, jumping , happy
             12 is even, jumping , sad
             14 is buzz, even , sad
             16 is square, even , sad
             18 is even , sad
             20 is duck, even , sad

Enter a request: > > 1 10 ODD

              1 is palindromic, spy, square, odd, jumping , happy
              3 is palindromic, spy, sunny, odd, jumping , sad
              5 is palindromic, spy, odd, jumping , sad
              7 is buzz, palindromic, spy, odd, jumping , happy
              9 is palindromic, spy, square, odd, jumping , sad
             11 is palindromic, odd , sad
             13 is odd , happy
             15 is sunny, odd , sad
             17 is buzz, odd , sad
             19 is odd , happy

Enter a request: > > 1 10 BUZZ

              7 is buzz, palindromic, spy, odd, jumping , happy
             14 is buzz, even , sad
             17 is buzz, odd , sad
             21 is buzz, odd, jumping , sad
             27 is buzz, odd , sad
             28 is buzz, even , happy
             35 is buzz, sunny, odd , sad
             37 is buzz, odd , sad
             42 is buzz, even , sad
             47 is buzz, odd , sad

Enter a request: > > 1 10 DUCK

             10 is duck, even, jumping , happy
             20 is duck, even , sad
             30 is duck, even , sad
             40 is duck, even , sad
             50 is duck, even , sad
             60 is duck, even , sad
             70 is buzz, duck, even , happy
             80 is duck, sunny, even , sad
             90 is duck, even , sad
            100 is duck, gapful, square, even , happy

Enter a request: > > 1 10 PALINDROMIC

              1 is palindromic, spy, square, odd, jumping , happy
              2 is palindromic, spy, even, jumping , sad
              3 is palindromic, spy, sunny, odd, jumping , sad
              4 is palindromic, spy, square, even, jumping , sad
              5 is palindromic, spy, odd, jumping , sad
              6 is palindromic, spy, even, jumping , sad
              7 is buzz, palindromic, spy, odd, jumping , happy
              8 is palindromic, spy, sunny, even, jumping , sad
              9 is palindromic, spy, square, odd, jumping , sad
             11 is palindromic, odd , sad

Enter a request: > > 1 10 GAPFUL

            100 is duck, gapful, square, even , happy
            105 is buzz, duck, gapful, odd , sad
            108 is duck, gapful, even , sad
            110 is duck, gapful, even , sad
            120 is duck, gapful, sunny, even , sad
            121 is palindromic, gapful, square, odd, jumping , sad
            130 is duck, gapful, even , happy
            132 is gapful, spy, even , sad
            135 is gapful, odd , sad
            140 is buzz, duck, gapful, even , sad

Enter a request: > > 1 10 SPY

              1 is palindromic, spy, square, odd, jumping , happy
              2 is palindromic, spy, even, jumping , sad
              3 is palindromic, spy, sunny, odd, jumping , sad
              4 is palindromic, spy, square, even, jumping , sad
              5 is palindromic, spy, odd, jumping , sad
              6 is palindromic, spy, even, jumping , sad
              7 is buzz, palindromic, spy, odd, jumping , happy
              8 is palindromic, spy, sunny, even, jumping , sad
              9 is palindromic, spy, square, odd, jumping , sad
             22 is palindromic, spy, even , sad

Enter a request: > > 1 10 SQUARE

              1 is palindromic, spy, square, odd, jumping , happy
              4 is palindromic, spy, square, even, jumping , sad
              9 is palindromic, spy, square, odd, jumping , sad
             16 is square, even , sad
             25 is square, odd , sad
             36 is square, even , sad
             49 is buzz, square, odd , happy
             64 is square, even , sad
             81 is square, odd , sad
            100 is duck, gapful, square, even , happy

Enter a request: > > 1 10 SUNNY

              3 is palindromic, spy, sunny, odd, jumping , sad
              8 is palindromic, spy, sunny, even, jumping , sad
             15 is sunny, odd , sad
             24 is sunny, even , sad
             35 is buzz, sunny, odd , sad
             48 is sunny, even , sad
             63 is buzz, sunny, odd , sad
             80 is duck, sunny, even , sad
             99 is palindromic, sunny, odd , sad
            120 is duck, gapful, sunny, even , sad

Enter a request: > > 1 10 JUMPING

              1 is palindromic, spy, square, odd, jumping , happy
              2 is palindromic, spy, even, jumping , sad
              3 is palindromic, spy, sunny, odd, jumping , sad
              4 is palindromic, spy, square, even, jumping , sad
              5 is palindromic, spy, odd, jumping , sad
              6 is palindromic, spy, even, jumping , sad
              7 is buzz, palindromic, spy, odd, jumping , happy
              8 is palindromic, spy, sunny, even, jumping , sad
              9 is palindromic, spy, square, odd, jumping , sad
             10 is duck, even, jumping , happy

Enter a request: > > 1 10 HAPPY

              1 is palindromic, spy, square, odd, jumping , happy
              7 is buzz, palindromic, spy, odd, jumping , happy
             10 is duck, even, jumping , happy
             13 is odd , happy
             19 is odd , happy
             23 is odd, jumping , happy
             28 is buzz, even , happy
             31 is odd , happy
             32 is even, jumping , happy
             44 is palindromic, even , happy

Enter a request: > > 1 10 SAD

              2 is palindromic, spy, even, jumping , sad
              3 is palindromic, spy, sunny, odd, jumping , sad
              4 is palindromic, spy, square, even, jumping , sad
              5 is palindromic, spy, odd, jumping , sad
              6 is palindromic, spy, even, jumping , sad
              8 is palindromic, spy, sunny, even, jumping , sad
              9 is palindromic, spy, square, odd, jumping , sad
             11 is palindromic, odd , sad
             12 is even, jumping , sad
             14 is buzz, even , sad

Enter a request: > > 0
?[1;31m
Start test 37?[0m
Welcome to Amazing Numbers!

Supported requests:
- enter a natural number to know its properties;
- enter two natural numbers to obtain the properties of the list:
  * the first parameter represents a starting number;
  * the second parameter shows how many consecutive numbers are to be printed;
- two natural numbers and properties to search for;
- a property preceded by minus must not be present in numbers;
- separate the parameters with one space;
- enter 0 to exit.

Enter a request: > > 26658 5 ODD

          26659 is odd , sad
          26661 is odd , sad
          26663 is buzz, odd , sad
          26665 is odd , sad
          26667 is buzz, odd , sad

Enter a request: > > 0
?[1;31m
Start test 38?[0m
Welcome to Amazing Numbers!

Supported requests:
- enter a natural number to know its properties;
- enter two natural numbers to obtain the properties of the list:
  * the first parameter represents a starting number;
  * the second parameter shows how many consecutive numbers are to be printed;
- two natural numbers and properties to search for;
- a property preceded by minus must not be present in numbers;
- separate the parameters with one space;
- enter 0 to exit.

Enter a request: > > 12936 7 HAPPY

          12939 is gapful, odd , happy
          12941 is odd , happy
          12959 is odd , happy
          12969 is odd , happy
          12972 is gapful, even , happy
          12990 is duck, gapful, even , happy
          12993 is odd , happy

Enter a request: > > 0
?[1;31m
Start test 39?[0m
Welcome to Amazing Numbers!

Supported requests:
- enter a natural number to know its properties;
- enter two natural numbers to obtain the properties of the list:
  * the first parameter represents a starting number;
  * the second parameter shows how many consecutive numbers are to be printed;
- two natural numbers and properties to search for;
- a property preceded by minus must not be present in numbers;
- separate the parameters with one space;
- enter 0 to exit.

Enter a request: > > 8736 8 JUMPING

           8765 is odd, jumping , sad
           8767 is buzz, odd, jumping , sad
           8787 is buzz, gapful, odd, jumping , happy
           8789 is odd, jumping , sad
           8987 is buzz, odd, jumping , sad
           8989 is gapful, odd, jumping , sad
           9876 is even, jumping , happy
           9878 is even, jumping , sad

Enter a request: > > 0
?[1;31m
Start test 40?[0m
Welcome to Amazing Numbers!

Supported requests:
- enter a natural number to know its properties;
- enter two natural numbers to obtain the properties of the list:
  * the first parameter represents a starting number;
  * the second parameter shows how many consecutive numbers are to be printed;
- two natural numbers and properties to search for;
- a property preceded by minus must not be present in numbers;
- separate the parameters with one space;
- enter 0 to exit.

Enter a request: > > 18627 2 GAPFUL

          18630 is duck, gapful, even , sad
          18634 is buzz, gapful, even , sad

Enter a request: > > 0
?[1;31m
Start test 41?[0m
Welcome to Amazing Numbers!

Supported requests:
- enter a natural number to know its properties;
- enter two natural numbers to obtain the properties of the list:
  * the first parameter represents a starting number;
  * the second parameter shows how many consecutive numbers are to be printed;
- two natural numbers and properties to search for;
- a property preceded by minus must not be present in numbers;
- separate the parameters with one space;
- enter 0 to exit.

Enter a request: > > 15932 12 GAPFUL

          15936 is gapful, even , sad
          15940 is duck, gapful, even , sad
          15945 is gapful, odd , sad
          15948 is gapful, even , sad
          15950 is duck, gapful, even , sad
          15960 is buzz, duck, gapful, even , sad
          15961 is gapful, odd , sad
          15970 is duck, gapful, even , sad
          15972 is gapful, even , sad
          15974 is buzz, gapful, even , sad
          15975 is gapful, odd , sad
          15979 is gapful, odd , sad

Enter a request: > > 0
?[1;31m
Start test 42?[0m
Welcome to Amazing Numbers!

Supported requests:
- enter a natural number to know its properties;
- enter two natural numbers to obtain the properties of the list:
  * the first parameter represents a starting number;
  * the second parameter shows how many consecutive numbers are to be printed;
- two natural numbers and properties to search for;
- a property preceded by minus must not be present in numbers;
- separate the parameters with one space;
- enter 0 to exit.

Enter a request: > > 20108 5 ODD

          20109 is duck, odd , happy
          20111 is buzz, duck, odd , happy
          20113 is duck, odd , sad
          20115 is duck, odd , happy
          20117 is buzz, duck, odd , sad

Enter a request: > > 0
?[1;31m
Start test 43?[0m
Welcome to Amazing Numbers!

Supported requests:
- enter a natural number to know its properties;
- enter two natural numbers to obtain the properties of the list:
  * the first parameter represents a starting number;
  * the second parameter shows how many consecutive numbers are to be printed;
- two natural numbers and properties to search for;
- a property preceded by minus must not be present in numbers;
- separate the parameters with one space;
- enter 0 to exit.

Enter a request: > > 26992 4 PALINDROMIC

          27072 is duck, palindromic, even , sad
          27172 is palindromic, even , sad
          27272 is buzz, palindromic, even , sad
          27372 is palindromic, even , sad

Enter a request: > > 0
?[1;31m
Start test 44?[0m
Welcome to Amazing Numbers!

Supported requests:
- enter a natural number to know its properties;
- enter two natural numbers to obtain the properties of the list:
  * the first parameter represents a starting number;
  * the second parameter shows how many consecutive numbers are to be printed;
- two natural numbers and properties to search for;
- a property preceded by minus must not be present in numbers;
- separate the parameters with one space;
- enter 0 to exit.

Enter a request: > > 13350 5 SUNNY

          13455 is gapful, sunny, odd , sad
          13688 is sunny, even , sad
          13923 is buzz, gapful, sunny, odd , sad
          14160 is duck, gapful, sunny, even , sad
          14399 is buzz, sunny, odd , happy

Enter a request: > > 0
?[1;31m
Start test 45?[0m
Welcome to Amazing Numbers!

Supported requests:
- enter a natural number to know its properties;
- enter two natural numbers to obtain the properties of the list:
  * the first parameter represents a starting number;
  * the second parameter shows how many consecutive numbers are to be printed;
- two natural numbers and properties to search for;
- a property preceded by minus must not be present in numbers;
- separate the parameters with one space;
- enter 0 to exit.

Enter a request: > > 6663 3 GAPFUL

           6666 is palindromic, gapful, even , sad
           6695 is gapful, odd , sad
           6720 is buzz, duck, gapful, even , sad

Enter a request: > > 0
?[1;31m
Start test 46?[0m
Welcome to Amazing Numbers!

Supported requests:
- enter a natural number to know its properties;
- enter two natural numbers to obtain the properties of the list:
  * the first parameter represents a starting number;
  * the second parameter shows how many consecutive numbers are to be printed;
- two natural numbers and properties to search for;
- a property preceded by minus must not be present in numbers;
- separate the parameters with one space;
- enter 0 to exit.

Enter a request: > > 23468 17 ODD

          23469 is odd , sad
          23471 is buzz, odd , happy
          23473 is odd , sad
          23475 is gapful, odd , happy
          23477 is buzz, odd , sad
          23479 is odd , sad
          23481 is odd , happy
          23483 is gapful, odd , sad
          23485 is buzz, odd , sad
          23487 is buzz, odd , sad
          23489 is odd , sad
          23491 is odd , sad
          23493 is odd , sad
          23495 is odd , sad
          23497 is buzz, odd , sad
          23499 is buzz, odd , sad
          23501 is duck, odd , sad

Enter a request: > > 0
?[1;31m
Start test 47?[0m
Welcome to Amazing Numbers!

Supported requests:
- enter a natural number to know its properties;
- enter two natural numbers to obtain the properties of the list:
  * the first parameter represents a starting number;
  * the second parameter shows how many consecutive numbers are to be printed;
- two natural numbers and properties to search for;
- a property preceded by minus must not be present in numbers;
- separate the parameters with one space;
- enter 0 to exit.

Enter a request: > > 1 10 odd girl

The property [girl] is wrong.
Available properties: [BUZZ, DUCK, PALINDROMIC, GAPFUL, SPY, SQUARE, SUNNY, EVEN, ODD, JUMPING, HAPPY, SAD]
              1 is palindromic, spy, square, odd, jumping , happy
              3 is palindromic, spy, sunny, odd, jumping , sad
              5 is palindromic, spy, odd, jumping , sad
              7 is buzz, palindromic, spy, odd, jumping , happy
              9 is palindromic, spy, square, odd, jumping , sad
             11 is palindromic, odd , sad
             13 is odd , happy
             15 is sunny, odd , sad
             17 is buzz, odd , sad
             19 is odd , happy

Enter a request: > > 0
?[1;31m
Start test 48?[0m
Welcome to Amazing Numbers!

Supported requests:
- enter a natural number to know its properties;
- enter two natural numbers to obtain the properties of the list:
  * the first parameter represents a starting number;
  * the second parameter shows how many consecutive numbers are to be printed;
- two natural numbers and properties to search for;
- a property preceded by minus must not be present in numbers;
- separate the parameters with one space;
- enter 0 to exit.

Enter a request: > > 40 2 even day

The property [day] is wrong.
Available properties: [BUZZ, DUCK, PALINDROMIC, GAPFUL, SPY, SQUARE, SUNNY, EVEN, ODD, JUMPING, HAPPY, SAD]
             40 is duck, even , sad
             42 is buzz, even , sad

Enter a request: > > 0
?[1;31m
Start test 49?[0m
Welcome to Amazing Numbers!

Supported requests:
- enter a natural number to know its properties;
- enter two natural numbers to obtain the properties of the list:
  * the first parameter represents a starting number;
  * the second parameter shows how many consecutive numbers are to be printed;
- two natural numbers and properties to search for;
- a property preceded by minus must not be present in numbers;
- separate the parameters with one space;
- enter 0 to exit.

Enter a request: > > 37 4 spy 89

The property [89] is wrong.
Available properties: [BUZZ, DUCK, PALINDROMIC, GAPFUL, SPY, SQUARE, SUNNY, EVEN, ODD, JUMPING, HAPPY, SAD]
            123 is spy, odd, jumping , sad
            132 is gapful, spy, even , sad
            213 is spy, odd , sad
            231 is buzz, gapful, spy, odd , sad

Enter a request: > > 0
?[1;31m
Start test 50?[0m
Welcome to Amazing Numbers!

Supported requests:
- enter a natural number to know its properties;
- enter two natural numbers to obtain the properties of the list:
  * the first parameter represents a starting number;
  * the second parameter shows how many consecutive numbers are to be printed;
- two natural numbers and properties to search for;
- a property preceded by minus must not be present in numbers;
- separate the parameters with one space;
- enter 0 to exit.

Enter a request: > > 67 2 DUCK +

The property [+] is wrong.
Available properties: [BUZZ, DUCK, PALINDROMIC, GAPFUL, SPY, SQUARE, SUNNY, EVEN, ODD, JUMPING, HAPPY, SAD]
             70 is buzz, duck, even , happy
             80 is duck, sunny, even , sad

Enter a request: > > 0
?[1;31m
Start test 51?[0m
Welcome to Amazing Numbers!

Supported requests:
- enter a natural number to know its properties;
- enter two natural numbers to obtain the properties of the list:
  * the first parameter represents a starting number;
  * the second parameter shows how many consecutive numbers are to be printed;
- two natural numbers and properties to search for;
- a property preceded by minus must not be present in numbers;
- separate the parameters with one space;
- enter 0 to exit.

Enter a request: > > 1 10 boy friend

The property [boy] is wrong.
Available properties: [BUZZ, DUCK, PALINDROMIC, GAPFUL, SPY, SQUARE, SUNNY, EVEN, ODD, JUMPING, HAPPY, SAD]
The property [friend] is wrong.
Available properties: [BUZZ, DUCK, PALINDROMIC, GAPFUL, SPY, SQUARE, SUNNY, EVEN, ODD, JUMPING, HAPPY, SAD]
              1 is palindromic, spy, square, odd, jumping , happy
              2 is palindromic, spy, even, jumping , sad
              3 is palindromic, spy, sunny, odd, jumping , sad
              4 is palindromic, spy, square, even, jumping , sad
              5 is palindromic, spy, odd, jumping , sad
              6 is palindromic, spy, even, jumping , sad
              7 is buzz, palindromic, spy, odd, jumping , happy
              8 is palindromic, spy, sunny, even, jumping , sad
              9 is palindromic, spy, square, odd, jumping , sad
             10 is duck, even, jumping , happy

Enter a request: > > 0
?[1;31m
Start test 52?[0m
Welcome to Amazing Numbers!

Supported requests:
- enter a natural number to know its properties;
- enter two natural numbers to obtain the properties of the list:
  * the first parameter represents a starting number;
  * the second parameter shows how many consecutive numbers are to be printed;
- two natural numbers and properties to search for;
- a property preceded by minus must not be present in numbers;
- separate the parameters with one space;
- enter 0 to exit.

Enter a request: > > 40 2 long day

The property [long] is wrong.
Available properties: [BUZZ, DUCK, PALINDROMIC, GAPFUL, SPY, SQUARE, SUNNY, EVEN, ODD, JUMPING, HAPPY, SAD]
The property [day] is wrong.
Available properties: [BUZZ, DUCK, PALINDROMIC, GAPFUL, SPY, SQUARE, SUNNY, EVEN, ODD, JUMPING, HAPPY, SAD]
             40 is duck, even , sad
             41 is odd , sad

Enter a request: > > 0
?[1;31m
Start test 53?[0m
Welcome to Amazing Numbers!

Supported requests:
- enter a natural number to know its properties;
- enter two natural numbers to obtain the properties of the list:
  * the first parameter represents a starting number;
  * the second parameter shows how many consecutive numbers are to be printed;
- two natural numbers and properties to search for;
- a property preceded by minus must not be present in numbers;
- separate the parameters with one space;
- enter 0 to exit.

Enter a request: > > 37 4 hot girl

The property [hot] is wrong.
Available properties: [BUZZ, DUCK, PALINDROMIC, GAPFUL, SPY, SQUARE, SUNNY, EVEN, ODD, JUMPING, HAPPY, SAD]
The property [girl] is wrong.
Available properties: [BUZZ, DUCK, PALINDROMIC, GAPFUL, SPY, SQUARE, SUNNY, EVEN, ODD, JUMPING, HAPPY, SAD]
             37 is buzz, odd , sad
             38 is even , sad
             39 is odd , sad
             40 is duck, even , sad

Enter a request: > > 0
?[1;31m
Start test 54?[0m
Welcome to Amazing Numbers!

Supported requests:
- enter a natural number to know its properties;
- enter two natural numbers to obtain the properties of the list:
  * the first parameter represents a starting number;
  * the second parameter shows how many consecutive numbers are to be printed;
- two natural numbers and properties to search for;
- a property preceded by minus must not be present in numbers;
- separate the parameters with one space;
- enter 0 to exit.

Enter a request: > > 67 2 strong drake

The property [strong] is wrong.
Available properties: [BUZZ, DUCK, PALINDROMIC, GAPFUL, SPY, SQUARE, SUNNY, EVEN, ODD, JUMPING, HAPPY, SAD]
The property [drake] is wrong.
Available properties: [BUZZ, DUCK, PALINDROMIC, GAPFUL, SPY, SQUARE, SUNNY, EVEN, ODD, JUMPING, HAPPY, SAD]
             67 is buzz, odd, jumping , sad
             68 is even , happy

Enter a request: > > 0
?[1;31m
Start test 55?[0m
Welcome to Amazing Numbers!

Supported requests:
- enter a natural number to know its properties;
- enter two natural numbers to obtain the properties of the list:
  * the first parameter represents a starting number;
  * the second parameter shows how many consecutive numbers are to be printed;
- two natural numbers and properties to search for;
- a property preceded by minus must not be present in numbers;
- separate the parameters with one space;
- enter 0 to exit.

Enter a request: > > 1 7 even spy

              2 is palindromic, spy, even, jumping , sad
              4 is palindromic, spy, square, even, jumping , sad
              6 is palindromic, spy, even, jumping , sad
              8 is palindromic, spy, sunny, even, jumping , sad
             22 is palindromic, spy, even , sad
            132 is gapful, spy, even , sad
            312 is spy, even , sad

Enter a request: > > 0
?[1;31m
Start test 56?[0m
Welcome to Amazing Numbers!

Supported requests:
- enter a natural number to know its properties;
- enter two natural numbers to obtain the properties of the list:
  * the first parameter represents a starting number;
  * the second parameter shows how many consecutive numbers are to be printed;
- two natural numbers and properties to search for;
- a property preceded by minus must not be present in numbers;
- separate the parameters with one space;
- enter 0 to exit.

Enter a request: > > 1 10 odd buzz

              7 is buzz, palindromic, spy, odd, jumping , happy
             17 is buzz, odd , sad
             21 is buzz, odd, jumping , sad
             27 is buzz, odd , sad
             35 is buzz, sunny, odd , sad
             37 is buzz, odd , sad
             47 is buzz, odd , sad
             49 is buzz, square, odd , happy
             57 is buzz, odd , sad
             63 is buzz, sunny, odd , sad

Enter a request: > > 0
?[1;31m
Start test 57?[0m
Welcome to Amazing Numbers!

Supported requests:
- enter a natural number to know its properties;
- enter two natural numbers to obtain the properties of the list:
  * the first parameter represents a starting number;
  * the second parameter shows how many consecutive numbers are to be printed;
- two natural numbers and properties to search for;
- a property preceded by minus must not be present in numbers;
- separate the parameters with one space;
- enter 0 to exit.

Enter a request: > > 1 9 buzz gapful

            105 is buzz, duck, gapful, odd , sad
            140 is buzz, duck, gapful, even , sad
            154 is buzz, gapful, even , sad
            187 is buzz, gapful, odd , sad
            231 is buzz, gapful, spy, odd , sad
            280 is buzz, duck, gapful, even , happy
            297 is buzz, gapful, odd , sad
            315 is buzz, gapful, odd , sad
            385 is buzz, gapful, odd , sad

Enter a request: > > 0
?[1;31m
Start test 58?[0m
Welcome to Amazing Numbers!

Supported requests:
- enter a natural number to know its properties;
- enter two natural numbers to obtain the properties of the list:
  * the first parameter represents a starting number;
  * the second parameter shows how many consecutive numbers are to be printed;
- two natural numbers and properties to search for;
- a property preceded by minus must not be present in numbers;
- separate the parameters with one space;
- enter 0 to exit.

Enter a request: > > 1 10 spy buzz

              7 is buzz, palindromic, spy, odd, jumping , happy
            231 is buzz, gapful, spy, odd , sad
           1421 is buzz, spy, odd , sad
           2114 is buzz, spy, even , sad
          15211 is buzz, spy, odd , happy
          21511 is buzz, spy, odd , happy
          22211 is buzz, spy, odd , sad
          31311 is buzz, spy, odd , sad
          51121 is buzz, spy, odd , happy
         111216 is buzz, gapful, spy, even , happy

Enter a request: > > 0
?[1;31m
Start test 59?[0m
Welcome to Amazing Numbers!

Supported requests:
- enter a natural number to know its properties;
- enter two natural numbers to obtain the properties of the list:
  * the first parameter represents a starting number;
  * the second parameter shows how many consecutive numbers are to be printed;
- two natural numbers and properties to search for;
- a property preceded by minus must not be present in numbers;
- separate the parameters with one space;
- enter 0 to exit.

Enter a request: > > 100000 2 even spy

         111126 is spy, even , happy
         111162 is spy, even , happy

Enter a request: > > 0
?[1;31m
Start test 60?[0m
Welcome to Amazing Numbers!

Supported requests:
- enter a natural number to know its properties;
- enter two natural numbers to obtain the properties of the list:
  * the first parameter represents a starting number;
  * the second parameter shows how many consecutive numbers are to be printed;
- two natural numbers and properties to search for;
- a property preceded by minus must not be present in numbers;
- separate the parameters with one space;
- enter 0 to exit.

Enter a request: > > 100 4 odd gapful

            105 is buzz, duck, gapful, odd , sad
            121 is palindromic, gapful, square, odd, jumping , sad
            135 is gapful, odd , sad
            143 is gapful, sunny, odd , sad

Enter a request: > > 0
?[1;31m
Start test 61?[0m
Welcome to Amazing Numbers!

Supported requests:
- enter a natural number to know its properties;
- enter two natural numbers to obtain the properties of the list:
  * the first parameter represents a starting number;
  * the second parameter shows how many consecutive numbers are to be printed;
- two natural numbers and properties to search for;
- a property preceded by minus must not be present in numbers;
- separate the parameters with one space;
- enter 0 to exit.

Enter a request: > > 2000 4 palindromic duck

           2002 is buzz, duck, palindromic, gapful, even , sad
           3003 is buzz, duck, palindromic, gapful, odd , sad
           4004 is buzz, duck, palindromic, gapful, even , happy
           5005 is buzz, duck, palindromic, gapful, odd , sad

Enter a request: > > 0
?[1;31m
Start test 62?[0m
Welcome to Amazing Numbers!

Supported requests:
- enter a natural number to know its properties;
- enter two natural numbers to obtain the properties of the list:
  * the first parameter represents a starting number;
  * the second parameter shows how many consecutive numbers are to be printed;
- two natural numbers and properties to search for;
- a property preceded by minus must not be present in numbers;
- separate the parameters with one space;
- enter 0 to exit.

Enter a request: > > 26534 3 buzz evens palindromic

The property [evens] is wrong.
Available properties: [BUZZ, DUCK, PALINDROMIC, GAPFUL, SPY, SQUARE, SUNNY, EVEN, ODD, JUMPING, HAPPY, SAD]
          27272 is buzz, palindromic, even , sad
          27972 is buzz, palindromic, even , sad
          28182 is buzz, palindromic, gapful, even , sad

Enter a request: > > 0
?[1;31m
Start test 63?[0m
Welcome to Amazing Numbers!

Supported requests:
- enter a natural number to know its properties;
- enter two natural numbers to obtain the properties of the list:
  * the first parameter represents a starting number;
  * the second parameter shows how many consecutive numbers are to be printed;
- two natural numbers and properties to search for;
- a property preceded by minus must not be present in numbers;
- separate the parameters with one space;
- enter 0 to exit.

Enter a request: > > 4384 2 odd -buzz -palindromic shiny gapful

The property [shiny] is wrong.
Available properties: [BUZZ, DUCK, PALINDROMIC, GAPFUL, SPY, SQUARE, SUNNY, EVEN, ODD, JUMPING, HAPPY, SAD]
           4455 is gapful, odd , happy
           4545 is gapful, odd, jumping , happy

Enter a request: > > 0
?[1;31m
Start test 64?[0m
Welcome to Amazing Numbers!

Supported requests:
- enter a natural number to know its properties;
- enter two natural numbers to obtain the properties of the list:
  * the first parameter represents a starting number;
  * the second parameter shows how many consecutive numbers are to be printed;
- two natural numbers and properties to search for;
- a property preceded by minus must not be present in numbers;
- separate the parameters with one space;
- enter 0 to exit.

Enter a request: > > 1 7 hot sunny odd odd -even

The property [hot] is wrong.
Available properties: [BUZZ, DUCK, PALINDROMIC, GAPFUL, SPY, SQUARE, SUNNY, EVEN, ODD, JUMPING, HAPPY, SAD]
              3 is palindromic, spy, sunny, odd, jumping , sad
             15 is sunny, odd , sad
             35 is buzz, sunny, odd , sad
             63 is buzz, sunny, odd , sad
             99 is palindromic, sunny, odd , sad
            143 is gapful, sunny, odd , sad
            195 is gapful, sunny, odd , sad

Enter a request: > > 0
?[1;31m
Start test 65?[0m
Welcome to Amazing Numbers!

Supported requests:
- enter a natural number to know its properties;
- enter two natural numbers to obtain the properties of the list:
  * the first parameter represents a starting number;
  * the second parameter shows how many consecutive numbers are to be printed;
- two natural numbers and properties to search for;
- a property preceded by minus must not be present in numbers;
- separate the parameters with one space;
- enter 0 to exit.

Enter a request: > > 78343 4 sunny -duck mac odd

The property [mac] is wrong.
Available properties: [BUZZ, DUCK, PALINDROMIC, GAPFUL, SPY, SQUARE, SUNNY, EVEN, ODD, JUMPING, HAPPY, SAD]
          78399 is sunny, odd , sad
          79523 is sunny, odd , sad
          81795 is buzz, sunny, odd , sad
          82943 is buzz, sunny, odd , sad

Enter a request: > > 0
?[1;31m
Start test 66?[0m
Welcome to Amazing Numbers!

Supported requests:
- enter a natural number to know its properties;
- enter two natural numbers to obtain the properties of the list:
  * the first parameter represents a starting number;
  * the second parameter shows how many consecutive numbers are to be printed;
- two natural numbers and properties to search for;
- a property preceded by minus must not be present in numbers;
- separate the parameters with one space;
- enter 0 to exit.

Enter a request: > > 3 4 -even -sunny -hot

The property [-hot] is wrong.
Available properties: [BUZZ, DUCK, PALINDROMIC, GAPFUL, SPY, SQUARE, SUNNY, EVEN, ODD, JUMPING, HAPPY, SAD]
              5 is palindromic, spy, odd, jumping , sad
              7 is buzz, palindromic, spy, odd, jumping , happy
              9 is palindromic, spy, square, odd, jumping , sad
             11 is palindromic, odd , sad

Enter a request: > > 0
?[1;31m
Start test 67?[0m
Welcome to Amazing Numbers!

Supported requests:
- enter a natural number to know its properties;
- enter two natural numbers to obtain the properties of the list:
  * the first parameter represents a starting number;
  * the second parameter shows how many consecutive numbers are to be printed;
- two natural numbers and properties to search for;
- a property preceded by minus must not be present in numbers;
- separate the parameters with one space;
- enter 0 to exit.

Enter a request: > > 1 7 odd spy palindromic

              1 is palindromic, spy, square, odd, jumping , happy
              3 is palindromic, spy, sunny, odd, jumping , sad
              5 is palindromic, spy, odd, jumping , sad
              7 is buzz, palindromic, spy, odd, jumping , happy
              9 is palindromic, spy, square, odd, jumping , sad
          12221 is palindromic, gapful, spy, odd , sad
          13131 is palindromic, spy, odd , sad

Enter a request: > > 0
?[1;31m
Start test 68?[0m
Welcome to Amazing Numbers!

Supported requests:
- enter a natural number to know its properties;
- enter two natural numbers to obtain the properties of the list:
  * the first parameter represents a starting number;
  * the second parameter shows how many consecutive numbers are to be printed;
- two natural numbers and properties to search for;
- a property preceded by minus must not be present in numbers;
- separate the parameters with one space;
- enter 0 to exit.

Enter a request: > > 1 10 even palindromic duck buzz

           2002 is buzz, duck, palindromic, gapful, even , sad
           4004 is buzz, duck, palindromic, gapful, even , happy
           6006 is buzz, duck, palindromic, gapful, even , sad
           8008 is buzz, duck, palindromic, gapful, even , sad
          20202 is buzz, duck, palindromic, even , sad
          20902 is buzz, duck, palindromic, even , sad
          22022 is buzz, duck, palindromic, gapful, even , sad
          29092 is buzz, duck, palindromic, even , sad
          40404 is buzz, duck, palindromic, even , sad
          44044 is buzz, duck, palindromic, gapful, even , sad

Enter a request: > > 0
?[1;31m
Start test 69?[0m
Welcome to Amazing Numbers!

Supported requests:
- enter a natural number to know its properties;
- enter two natural numbers to obtain the properties of the list:
  * the first parameter represents a starting number;
  * the second parameter shows how many consecutive numbers are to be printed;
- two natural numbers and properties to search for;
- a property preceded by minus must not be present in numbers;
- separate the parameters with one space;
- enter 0 to exit.

Enter a request: > > 1 9 even palindromic duck buzz gapful

           2002 is buzz, duck, palindromic, gapful, even , sad
           4004 is buzz, duck, palindromic, gapful, even , happy
           6006 is buzz, duck, palindromic, gapful, even , sad
           8008 is buzz, duck, palindromic, gapful, even , sad
          22022 is buzz, duck, palindromic, gapful, even , sad
          44044 is buzz, duck, palindromic, gapful, even , sad
          66066 is buzz, duck, palindromic, gapful, even , sad
          88088 is buzz, duck, palindromic, gapful, even , sad
         202202 is buzz, duck, palindromic, gapful, even , sad

Enter a request: > > 0
?[1;31m
Start test 70?[0m
Welcome to Amazing Numbers!

Supported requests:
- enter a natural number to know its properties;
- enter two natural numbers to obtain the properties of the list:
  * the first parameter represents a starting number;
  * the second parameter shows how many consecutive numbers are to be printed;
- two natural numbers and properties to search for;
- a property preceded by minus must not be present in numbers;
- separate the parameters with one space;
- enter 0 to exit.

Enter a request: > > 1 10 even sunny duck buzz gapful

           1680 is buzz, duck, gapful, sunny, even , sad
           4760 is buzz, duck, gapful, sunny, even , sad
           9408 is buzz, duck, gapful, sunny, even , sad
          12320 is buzz, duck, gapful, sunny, even , sad
          19320 is buzz, duck, gapful, sunny, even , sad
          19880 is buzz, duck, gapful, sunny, even , sad
          23408 is buzz, duck, gapful, sunny, even , sad
          24024 is buzz, duck, gapful, sunny, even , sad
          28560 is buzz, duck, gapful, sunny, even , happy
          32760 is buzz, duck, gapful, sunny, even , sad

Enter a request: > > 0
?[1;31m
Start test 71?[0m
Welcome to Amazing Numbers!

Supported requests:
- enter a natural number to know its properties;
- enter two natural numbers to obtain the properties of the list:
  * the first parameter represents a starting number;
  * the second parameter shows how many consecutive numbers are to be printed;
- two natural numbers and properties to search for;
- a property preceded by minus must not be present in numbers;
- separate the parameters with one space;
- enter 0 to exit.

Enter a request: > > 100000 2 even spy buzz gapful

         111216 is buzz, gapful, spy, even , happy
         161112 is buzz, gapful, spy, even , happy

Enter a request: > > 0
?[1;31m
Start test 72?[0m
Welcome to Amazing Numbers!

Supported requests:
- enter a natural number to know its properties;
- enter two natural numbers to obtain the properties of the list:
  * the first parameter represents a starting number;
  * the second parameter shows how many consecutive numbers are to be printed;
- two natural numbers and properties to search for;
- a property preceded by minus must not be present in numbers;
- separate the parameters with one space;
- enter 0 to exit.

Enter a request: > > 100 4 odd spy gapful

            231 is buzz, gapful, spy, odd , sad
          12221 is palindromic, gapful, spy, odd , sad
         216111 is buzz, gapful, spy, odd , happy
        1111341 is buzz, gapful, spy, odd , sad

Enter a request: > > 0
?[1;31m
Start test 73?[0m
Welcome to Amazing Numbers!

Supported requests:
- enter a natural number to know its properties;
- enter two natural numbers to obtain the properties of the list:
  * the first parameter represents a starting number;
  * the second parameter shows how many consecutive numbers are to be printed;
- two natural numbers and properties to search for;
- a property preceded by minus must not be present in numbers;
- separate the parameters with one space;
- enter 0 to exit.

Enter a request: > > 2000 4 even palindromic duck

           2002 is buzz, duck, palindromic, gapful, even , sad
           4004 is buzz, duck, palindromic, gapful, even , happy
           6006 is buzz, duck, palindromic, gapful, even , sad
           8008 is buzz, duck, palindromic, gapful, even , sad

Enter a request: > > 0
?[1;31m
Start test 74?[0m
Welcome to Amazing Numbers!

Supported requests:
- enter a natural number to know its properties;
- enter two natural numbers to obtain the properties of the list:
  * the first parameter represents a starting number;
  * the second parameter shows how many consecutive numbers are to be printed;
- two natural numbers and properties to search for;
- a property preceded by minus must not be present in numbers;
- separate the parameters with one space;
- enter 0 to exit.

Enter a request: > > 1 15 odd spy -duck spy buzz

              7 is buzz, palindromic, spy, odd, jumping , happy
            231 is buzz, gapful, spy, odd , sad
           1421 is buzz, spy, odd , sad
          15211 is buzz, spy, odd , happy
          21511 is buzz, spy, odd , happy
          22211 is buzz, spy, odd , sad
          31311 is buzz, spy, odd , sad
          51121 is buzz, spy, odd , happy
         112161 is buzz, spy, odd , happy
         121611 is buzz, spy, odd , happy
         216111 is buzz, gapful, spy, odd , happy
         611121 is buzz, spy, odd , happy
        1111127 is buzz, spy, odd , sad
        1111217 is buzz, spy, odd , sad
        1111271 is buzz, spy, odd , sad

Enter a request: > > 0
?[1;31m
Start test 75?[0m
Welcome to Amazing Numbers!

Supported requests:
- enter a natural number to know its properties;
- enter two natural numbers to obtain the properties of the list:
  * the first parameter represents a starting number;
  * the second parameter shows how many consecutive numbers are to be printed;
- two natural numbers and properties to search for;
- a property preceded by minus must not be present in numbers;
- separate the parameters with one space;
- enter 0 to exit.

Enter a request: > > 1 2 jumping happy -spy

             10 is duck, even, jumping , happy
             23 is odd, jumping , happy

Enter a request: > > 0
?[1;31m
Start test 76?[0m
Welcome to Amazing Numbers!

Supported requests:
- enter a natural number to know its properties;
- enter two natural numbers to obtain the properties of the list:
  * the first parameter represents a starting number;
  * the second parameter shows how many consecutive numbers are to be printed;
- two natural numbers and properties to search for;
- a property preceded by minus must not be present in numbers;
- separate the parameters with one space;
- enter 0 to exit.

Enter a request: > > 5 1 odd even

The request contains mutually exclusive properties: [ODD, EVEN], 
There are no numbers with these properties.

Enter a request: > > 0
?[1;31m
Start test 77?[0m
Welcome to Amazing Numbers!

Supported requests:
- enter a natural number to know its properties;
- enter two natural numbers to obtain the properties of the list:
  * the first parameter represents a starting number;
  * the second parameter shows how many consecutive numbers are to be printed;
- two natural numbers and properties to search for;
- a property preceded by minus must not be present in numbers;
- separate the parameters with one space;
- enter 0 to exit.

Enter a request: > > 4 3 even odd

The request contains mutually exclusive properties: [EVEN, ODD], 
There are no numbers with these properties.

Enter a request: > > 0
?[1;31m
Start test 78?[0m
Welcome to Amazing Numbers!

Supported requests:
- enter a natural number to know its properties;
- enter two natural numbers to obtain the properties of the list:
  * the first parameter represents a starting number;
  * the second parameter shows how many consecutive numbers are to be printed;
- two natural numbers and properties to search for;
- a property preceded by minus must not be present in numbers;
- separate the parameters with one space;
- enter 0 to exit.

Enter a request: > > 32 2 sunny square

The request contains mutually exclusive properties: [SUNNY, SQUARE], 
There are no numbers with these properties.

Enter a request: > > 0
?[1;31m
Start test 79?[0m
Welcome to Amazing Numbers!

Supported requests:
- enter a natural number to know its properties;
- enter two natural numbers to obtain the properties of the list:
  * the first parameter represents a starting number;
  * the second parameter shows how many consecutive numbers are to be printed;
- two natural numbers and properties to search for;
- a property preceded by minus must not be present in numbers;
- separate the parameters with one space;
- enter 0 to exit.

Enter a request: > > 3153 2 spy duck

The request contains mutually exclusive properties: [SPY, DUCK], 
There are no numbers with these properties.

Enter a request: > > 0
?[1;31m
Start test 80?[0m
Welcome to Amazing Numbers!

Supported requests:
- enter a natural number to know its properties;
- enter two natural numbers to obtain the properties of the list:
  * the first parameter represents a starting number;
  * the second parameter shows how many consecutive numbers are to be printed;
- two natural numbers and properties to search for;
- a property preceded by minus must not be present in numbers;
- separate the parameters with one space;
- enter 0 to exit.

Enter a request: > > 6 7 duck spy

The request contains mutually exclusive properties: [DUCK, SPY], 
There are no numbers with these properties.

Enter a request: > > 0
?[1;31m
Start test 81?[0m
Welcome to Amazing Numbers!

Supported requests:
- enter a natural number to know its properties;
- enter two natural numbers to obtain the properties of the list:
  * the first parameter represents a starting number;
  * the second parameter shows how many consecutive numbers are to be printed;
- two natural numbers and properties to search for;
- a property preceded by minus must not be present in numbers;
- separate the parameters with one space;
- enter 0 to exit.

Enter a request: > > 1 2 spy odd sunny even

The request contains mutually exclusive properties: [SPY, ODD, SUNNY, EVEN], 
There are no numbers with these properties.

Enter a request: > > 0
?[1;31m
Start test 82?[0m
Welcome to Amazing Numbers!

Supported requests:
- enter a natural number to know its properties;
- enter two natural numbers to obtain the properties of the list:
  * the first parameter represents a starting number;
  * the second parameter shows how many consecutive numbers are to be printed;
- two natural numbers and properties to search for;
- a property preceded by minus must not be present in numbers;
- separate the parameters with one space;
- enter 0 to exit.

Enter a request: > > 7 2 sunny even duck buzz square

The request contains mutually exclusive properties: [SUNNY, EVEN, DUCK, BUZZ, SQUARE], 
There are no numbers with these properties.

Enter a request: > > 0
?[1;31m
Start test 83?[0m
Welcome to Amazing Numbers!

Supported requests:
- enter a natural number to know its properties;
- enter two natural numbers to obtain the properties of the list:
  * the first parameter represents a starting number;
  * the second parameter shows how many consecutive numbers are to be printed;
- two natural numbers and properties to search for;
- a property preceded by minus must not be present in numbers;
- separate the parameters with one space;
- enter 0 to exit.

Enter a request: > > 9 5 even spy buzz duck

The request contains mutually exclusive properties: [EVEN, SPY, BUZZ, DUCK], 
There are no numbers with these properties.

Enter a request: > > 0
?[1;31m
Start test 84?[0m
Welcome to Amazing Numbers!

Supported requests:
- enter a natural number to know its properties;
- enter two natural numbers to obtain the properties of the list:
  * the first parameter represents a starting number;
  * the second parameter shows how many consecutive numbers are to be printed;
- two natural numbers and properties to search for;
- a property preceded by minus must not be present in numbers;
- separate the parameters with one space;
- enter 0 to exit.

Enter a request: > > 6 6 -odd -even

The request contains mutually exclusive properties: [-ODD, -EVEN]
There are no numbers with these properties.

Enter a request: > > 0
?[1;31m
Start test 85?[0m
Welcome to Amazing Numbers!

Supported requests:
- enter a natural number to know its properties;
- enter two natural numbers to obtain the properties of the list:
  * the first parameter represents a starting number;
  * the second parameter shows how many consecutive numbers are to be printed;
- two natural numbers and properties to search for;
- a property preceded by minus must not be present in numbers;
- separate the parameters with one space;
- enter 0 to exit.

Enter a request: > > 6 7 odd -odd

The request contains mutually exclusive properties: [ODD, -ODD]
There are no numbers with these properties.

Enter a request: > > 0
?[1;31m
Start test 86?[0m
Welcome to Amazing Numbers!

Supported requests:
- enter a natural number to know its properties;
- enter two natural numbers to obtain the properties of the list:
  * the first parameter represents a starting number;
  * the second parameter shows how many consecutive numbers are to be printed;
- two natural numbers and properties to search for;
- a property preceded by minus must not be present in numbers;
- separate the parameters with one space;
- enter 0 to exit.

Enter a request: > > 8 1 -even even

The request contains mutually exclusive properties: [EVEN, -EVEN]
There are no numbers with these properties.

Enter a request: > > 0
?[1;31m
Start test 87?[0m
Welcome to Amazing Numbers!

Supported requests:
- enter a natural number to know its properties;
- enter two natural numbers to obtain the properties of the list:
  * the first parameter represents a starting number;
  * the second parameter shows how many consecutive numbers are to be printed;
- two natural numbers and properties to search for;
- a property preceded by minus must not be present in numbers;
- separate the parameters with one space;
- enter 0 to exit.

Enter a request: > > 3 5 odd duck buzz -duck sunny

The request contains mutually exclusive properties: [DUCK, -DUCK]
There are no numbers with these properties.

Enter a request: > > 0
?[1;31m
Start test 88?[0m
Welcome to Amazing Numbers!

Supported requests:
- enter a natural number to know its properties;
- enter two natural numbers to obtain the properties of the list:
  * the first parameter represents a starting number;
  * the second parameter shows how many consecutive numbers are to be printed;
- two natural numbers and properties to search for;
- a property preceded by minus must not be present in numbers;
- separate the parameters with one space;
- enter 0 to exit.

Enter a request: > > 1 15 -EVEN

              1 is palindromic, spy, square, odd, jumping , happy
              3 is palindromic, spy, sunny, odd, jumping , sad
              5 is palindromic, spy, odd, jumping , sad
              7 is buzz, palindromic, spy, odd, jumping , happy
              9 is palindromic, spy, square, odd, jumping , sad
             11 is palindromic, odd , sad
             13 is odd , happy
             15 is sunny, odd , sad
             17 is buzz, odd , sad
             19 is odd , happy
             21 is buzz, odd, jumping , sad
             23 is odd, jumping , happy
             25 is square, odd , sad
             27 is buzz, odd , sad
             29 is odd , sad

Enter a request: > > 1 15 -ODD

              2 is palindromic, spy, even, jumping , sad
              4 is palindromic, spy, square, even, jumping , sad
              6 is palindromic, spy, even, jumping , sad
              8 is palindromic, spy, sunny, even, jumping , sad
             10 is duck, even, jumping , happy
             12 is even, jumping , sad
             14 is buzz, even , sad
             16 is square, even , sad
             18 is even , sad
             20 is duck, even , sad
             22 is palindromic, spy, even , sad
             24 is sunny, even , sad
             26 is even , sad
             28 is buzz, even , happy
             30 is duck, even , sad

Enter a request: > > 1 15 -BUZZ

              1 is palindromic, spy, square, odd, jumping , happy
              2 is palindromic, spy, even, jumping , sad
              3 is palindromic, spy, sunny, odd, jumping , sad
              4 is palindromic, spy, square, even, jumping , sad
              5 is palindromic, spy, odd, jumping , sad
              6 is palindromic, spy, even, jumping , sad
              8 is palindromic, spy, sunny, even, jumping , sad
              9 is palindromic, spy, square, odd, jumping , sad
             10 is duck, even, jumping , happy
             11 is palindromic, odd , sad
             12 is even, jumping , sad
             13 is odd , happy
             15 is sunny, odd , sad
             16 is square, even , sad
             18 is even , sad

Enter a request: > > 1 15 -DUCK

              1 is palindromic, spy, square, odd, jumping , happy
              2 is palindromic, spy, even, jumping , sad
              3 is palindromic, spy, sunny, odd, jumping , sad
              4 is palindromic, spy, square, even, jumping , sad
              5 is palindromic, spy, odd, jumping , sad
              6 is palindromic, spy, even, jumping , sad
              7 is buzz, palindromic, spy, odd, jumping , happy
              8 is palindromic, spy, sunny, even, jumping , sad
              9 is palindromic, spy, square, odd, jumping , sad
             11 is palindromic, odd , sad
             12 is even, jumping , sad
             13 is odd , happy
             14 is buzz, even , sad
             15 is sunny, odd , sad
             16 is square, even , sad

Enter a request: > > 1 15 -PALINDROMIC

             10 is duck, even, jumping , happy
             12 is even, jumping , sad
             13 is odd , happy
             14 is buzz, even , sad
             15 is sunny, odd , sad
             16 is square, even , sad
             17 is buzz, odd , sad
             18 is even , sad
             19 is odd , happy
             20 is duck, even , sad
             21 is buzz, odd, jumping , sad
             23 is odd, jumping , happy
             24 is sunny, even , sad
             25 is square, odd , sad
             26 is even , sad

Enter a request: > > 1 15 -GAPFUL

              1 is palindromic, spy, square, odd, jumping , happy
              2 is palindromic, spy, even, jumping , sad
              3 is palindromic, spy, sunny, odd, jumping , sad
              4 is palindromic, spy, square, even, jumping , sad
              5 is palindromic, spy, odd, jumping , sad
              6 is palindromic, spy, even, jumping , sad
              7 is buzz, palindromic, spy, odd, jumping , happy
              8 is palindromic, spy, sunny, even, jumping , sad
              9 is palindromic, spy, square, odd, jumping , sad
             10 is duck, even, jumping , happy
             11 is palindromic, odd , sad
             12 is even, jumping , sad
             13 is odd , happy
             14 is buzz, even , sad
             15 is sunny, odd , sad

Enter a request: > > 1 15 -SPY

             10 is duck, even, jumping , happy
             11 is palindromic, odd , sad
             12 is even, jumping , sad
             13 is odd , happy
             14 is buzz, even , sad
             15 is sunny, odd , sad
             16 is square, even , sad
             17 is buzz, odd , sad
             18 is even , sad
             19 is odd , happy
             20 is duck, even , sad
             21 is buzz, odd, jumping , sad
             23 is odd, jumping , happy
             24 is sunny, even , sad
             25 is square, odd , sad

Enter a request: > > 1 15 -SQUARE

              2 is palindromic, spy, even, jumping , sad
              3 is palindromic, spy, sunny, odd, jumping , sad
              5 is palindromic, spy, odd, jumping , sad
              6 is palindromic, spy, even, jumping , sad
              7 is buzz, palindromic, spy, odd, jumping , happy
              8 is palindromic, spy, sunny, even, jumping , sad
             10 is duck, even, jumping , happy
             11 is palindromic, odd , sad
             12 is even, jumping , sad
             13 is odd , happy
             14 is buzz, even , sad
             15 is sunny, odd , sad
             17 is buzz, odd , sad
             18 is even , sad
             19 is odd , happy

Enter a request: > > 1 15 -SUNNY

              1 is palindromic, spy, square, odd, jumping , happy
              2 is palindromic, spy, even, jumping , sad
              4 is palindromic, spy, square, even, jumping , sad
              5 is palindromic, spy, odd, jumping , sad
              6 is palindromic, spy, even, jumping , sad
              7 is buzz, palindromic, spy, odd, jumping , happy
              9 is palindromic, spy, square, odd, jumping , sad
             10 is duck, even, jumping , happy
             11 is palindromic, odd , sad
             12 is even, jumping , sad
             13 is odd , happy
             14 is buzz, even , sad
             16 is square, even , sad
             17 is buzz, odd , sad
             18 is even , sad

Enter a request: > > 1 15 -JUMPING

             11 is palindromic, odd , sad
             13 is odd , happy
             14 is buzz, even , sad
             15 is sunny, odd , sad
             16 is square, even , sad
             17 is buzz, odd , sad
             18 is even , sad
             19 is odd , happy
             20 is duck, even , sad
             22 is palindromic, spy, even , sad
             24 is sunny, even , sad
             25 is square, odd , sad
             26 is even , sad
             27 is buzz, odd , sad
             28 is buzz, even , happy

Enter a request: > > 1 15 -HAPPY

              2 is palindromic, spy, even, jumping , sad
              3 is palindromic, spy, sunny, odd, jumping , sad
              4 is palindromic, spy, square, even, jumping , sad
              5 is palindromic, spy, odd, jumping , sad
              6 is palindromic, spy, even, jumping , sad
              8 is palindromic, spy, sunny, even, jumping , sad
              9 is palindromic, spy, square, odd, jumping , sad
             11 is palindromic, odd , sad
             12 is even, jumping , sad
             14 is buzz, even , sad
             15 is sunny, odd , sad
             16 is square, even , sad
             17 is buzz, odd , sad
             18 is even , sad
             20 is duck, even , sad

Enter a request: > > 1 15 -SAD

              1 is palindromic, spy, square, odd, jumping , happy
              7 is buzz, palindromic, spy, odd, jumping , happy
             10 is duck, even, jumping , happy
             13 is odd , happy
             19 is odd , happy
             23 is odd, jumping , happy
             28 is buzz, even , happy
             31 is odd , happy
             32 is even, jumping , happy
             44 is palindromic, even , happy
             49 is buzz, square, odd , happy
             68 is even , happy
             70 is buzz, duck, even , happy
             79 is odd , happy
             82 is even , happy

Enter a request: > > 0
]]></system-out>
  <system-err><![CDATA[]]></system-err>
</testsuite>
