<?xml version="1.0" encoding="UTF-8"?>
<testsuite name="NumbersTest" tests="1" skipped="0" failures="0" errors="0" timestamp="2023-09-23T14:44:42" hostname="macbook-pro-uzivatela-cuninka.home" time="5.776">
  <properties/>
  <testcase name="start" classname="NumbersTest" time="5.776"/>
  <system-out><![CDATA[?[1;31m
Start test 1?[0m
Welcome to Amazing Numbers!

Supported requests:
- enter a natural number to know its properties;
- enter two natural numbers to obtain the properties of the list:
  * the first parameter represents a starting number;
  * the second parameter shows how many consecutive numbers are to be printed;
- two natural numbers and properties to search for;
- separate the parameters with one space;
- enter 0 to exit.

Enter a request: > > 0
?[1;31m
Start test 2?[0m
Welcome to Amazing Numbers!

Supported requests:
- enter a natural number to know its properties;
- enter two natural numbers to obtain the properties of the list:
  * the first parameter represents a starting number;
  * the second parameter shows how many consecutive numbers are to be printed;
- two natural numbers and properties to search for;
- separate the parameters with one space;
- enter 0 to exit.

Enter a request: > > -27

The first parameter should be a natural number or zero.

Enter a request: > > 0
?[1;31m
Start test 3?[0m
Welcome to Amazing Numbers!

Supported requests:
- enter a natural number to know its properties;
- enter two natural numbers to obtain the properties of the list:
  * the first parameter represents a starting number;
  * the second parameter shows how many consecutive numbers are to be printed;
- two natural numbers and properties to search for;
- separate the parameters with one space;
- enter 0 to exit.

Enter a request: > > -44

The first parameter should be a natural number or zero.

Enter a request: > > 0
?[1;31m
Start test 4?[0m
Welcome to Amazing Numbers!

Supported requests:
- enter a natural number to know its properties;
- enter two natural numbers to obtain the properties of the list:
  * the first parameter represents a starting number;
  * the second parameter shows how many consecutive numbers are to be printed;
- two natural numbers and properties to search for;
- separate the parameters with one space;
- enter 0 to exit.

Enter a request: > > -3

The first parameter should be a natural number or zero.

Enter a request: > > 0
?[1;31m
Start test 5?[0m
Welcome to Amazing Numbers!

Supported requests:
- enter a natural number to know its properties;
- enter two natural numbers to obtain the properties of the list:
  * the first parameter represents a starting number;
  * the second parameter shows how many consecutive numbers are to be printed;
- two natural numbers and properties to search for;
- separate the parameters with one space;
- enter 0 to exit.

Enter a request: > > -52

The first parameter should be a natural number or zero.

Enter a request: > > 0
?[1;31m
Start test 6?[0m
Welcome to Amazing Numbers!

Supported requests:
- enter a natural number to know its properties;
- enter two natural numbers to obtain the properties of the list:
  * the first parameter represents a starting number;
  * the second parameter shows how many consecutive numbers are to be printed;
- two natural numbers and properties to search for;
- separate the parameters with one space;
- enter 0 to exit.

Enter a request: > > -8

The first parameter should be a natural number or zero.

Enter a request: > > 0
?[1;31m
Start test 7?[0m
Welcome to Amazing Numbers!

Supported requests:
- enter a natural number to know its properties;
- enter two natural numbers to obtain the properties of the list:
  * the first parameter represents a starting number;
  * the second parameter shows how many consecutive numbers are to be printed;
- two natural numbers and properties to search for;
- separate the parameters with one space;
- enter 0 to exit.

Enter a request: > > 19095 -18303

The second parameter should be a natural number or zero.

Enter a request: > > 0
?[1;31m
Start test 8?[0m
Welcome to Amazing Numbers!

Supported requests:
- enter a natural number to know its properties;
- enter two natural numbers to obtain the properties of the list:
  * the first parameter represents a starting number;
  * the second parameter shows how many consecutive numbers are to be printed;
- two natural numbers and properties to search for;
- separate the parameters with one space;
- enter 0 to exit.

Enter a request: > > 31005 -16810

The second parameter should be a natural number or zero.

Enter a request: > > 0
?[1;31m
Start test 9?[0m
Welcome to Amazing Numbers!

Supported requests:
- enter a natural number to know its properties;
- enter two natural numbers to obtain the properties of the list:
  * the first parameter represents a starting number;
  * the second parameter shows how many consecutive numbers are to be printed;
- two natural numbers and properties to search for;
- separate the parameters with one space;
- enter 0 to exit.

Enter a request: > > 14176 -28808

The second parameter should be a natural number or zero.

Enter a request: > > 0
?[1;31m
Start test 10?[0m
Welcome to Amazing Numbers!

Supported requests:
- enter a natural number to know its properties;
- enter two natural numbers to obtain the properties of the list:
  * the first parameter represents a starting number;
  * the second parameter shows how many consecutive numbers are to be printed;
- two natural numbers and properties to search for;
- separate the parameters with one space;
- enter 0 to exit.

Enter a request: > > 11268 -12009

The second parameter should be a natural number or zero.

Enter a request: > > 0
?[1;31m
Start test 11?[0m
Welcome to Amazing Numbers!

Supported requests:
- enter a natural number to know its properties;
- enter two natural numbers to obtain the properties of the list:
  * the first parameter represents a starting number;
  * the second parameter shows how many consecutive numbers are to be printed;
- two natural numbers and properties to search for;
- separate the parameters with one space;
- enter 0 to exit.

Enter a request: > > 31182 -27072

The second parameter should be a natural number or zero.

Enter a request: > > 0
?[1;31m
Start test 12?[0m
Welcome to Amazing Numbers!

Supported requests:
- enter a natural number to know its properties;
- enter two natural numbers to obtain the properties of the list:
  * the first parameter represents a starting number;
  * the second parameter shows how many consecutive numbers are to be printed;
- two natural numbers and properties to search for;
- separate the parameters with one space;
- enter 0 to exit.

Enter a request: > > 32076 -31241

The second parameter should be a natural number or zero.

Enter a request: > > 0
?[1;31m
Start test 13?[0m
Welcome to Amazing Numbers!

Supported requests:
- enter a natural number to know its properties;
- enter two natural numbers to obtain the properties of the list:
  * the first parameter represents a starting number;
  * the second parameter shows how many consecutive numbers are to be printed;
- two natural numbers and properties to search for;
- separate the parameters with one space;
- enter 0 to exit.

Enter a request: > > 7777 -26905

The second parameter should be a natural number or zero.

Enter a request: > > 0
?[1;31m
Start test 14?[0m
Welcome to Amazing Numbers!

Supported requests:
- enter a natural number to know its properties;
- enter two natural numbers to obtain the properties of the list:
  * the first parameter represents a starting number;
  * the second parameter shows how many consecutive numbers are to be printed;
- two natural numbers and properties to search for;
- separate the parameters with one space;
- enter 0 to exit.

Enter a request: > > 8124 -843

The second parameter should be a natural number or zero.

Enter a request: > > 0
?[1;31m
Start test 15?[0m
Welcome to Amazing Numbers!

Supported requests:
- enter a natural number to know its properties;
- enter two natural numbers to obtain the properties of the list:
  * the first parameter represents a starting number;
  * the second parameter shows how many consecutive numbers are to be printed;
- two natural numbers and properties to search for;
- separate the parameters with one space;
- enter 0 to exit.

Enter a request: > > 14718 -1691

The second parameter should be a natural number or zero.

Enter a request: > > 0
?[1;31m
Start test 16?[0m
Welcome to Amazing Numbers!

Supported requests:
- enter a natural number to know its properties;
- enter two natural numbers to obtain the properties of the list:
  * the first parameter represents a starting number;
  * the second parameter shows how many consecutive numbers are to be printed;
- two natural numbers and properties to search for;
- separate the parameters with one space;
- enter 0 to exit.

Enter a request: > > 31472 -17029

The second parameter should be a natural number or zero.

Enter a request: > > 0
?[1;31m
Start test 17?[0m
Welcome to Amazing Numbers!

Supported requests:
- enter a natural number to know its properties;
- enter two natural numbers to obtain the properties of the list:
  * the first parameter represents a starting number;
  * the second parameter shows how many consecutive numbers are to be printed;
- two natural numbers and properties to search for;
- separate the parameters with one space;
- enter 0 to exit.

Enter a request: > > 1

Properties of 1
        buzz: false
        duck: false
 palindromic: true
      gapful: false
         spy: true
      square: true
       sunny: false
        even: false
         odd: true
     jumping: true

Enter a request: > > 2

Properties of 2
        buzz: false
        duck: false
 palindromic: true
      gapful: false
         spy: true
      square: false
       sunny: false
        even: true
         odd: false
     jumping: true

Enter a request: > > 3

Properties of 3
        buzz: false
        duck: false
 palindromic: true
      gapful: false
         spy: true
      square: false
       sunny: true
        even: false
         odd: true
     jumping: true

Enter a request: > > 4

Properties of 4
        buzz: false
        duck: false
 palindromic: true
      gapful: false
         spy: true
      square: true
       sunny: false
        even: true
         odd: false
     jumping: true

Enter a request: > > 5

Properties of 5
        buzz: false
        duck: false
 palindromic: true
      gapful: false
         spy: true
      square: false
       sunny: false
        even: false
         odd: true
     jumping: true

Enter a request: > > 6

Properties of 6
        buzz: false
        duck: false
 palindromic: true
      gapful: false
         spy: true
      square: false
       sunny: false
        even: true
         odd: false
     jumping: true

Enter a request: > > 7

Properties of 7
        buzz: true
        duck: false
 palindromic: true
      gapful: false
         spy: true
      square: false
       sunny: false
        even: false
         odd: true
     jumping: true

Enter a request: > > 8

Properties of 8
        buzz: false
        duck: false
 palindromic: true
      gapful: false
         spy: true
      square: false
       sunny: true
        even: true
         odd: false
     jumping: true

Enter a request: > > 9

Properties of 9
        buzz: false
        duck: false
 palindromic: true
      gapful: false
         spy: true
      square: true
       sunny: false
        even: false
         odd: true
     jumping: true

Enter a request: > > 10

Properties of 10
        buzz: false
        duck: true
 palindromic: false
      gapful: false
         spy: false
      square: false
       sunny: false
        even: true
         odd: false
     jumping: true

Enter a request: > > 11

Properties of 11
        buzz: false
        duck: false
 palindromic: true
      gapful: false
         spy: false
      square: false
       sunny: false
        even: false
         odd: true
     jumping: false

Enter a request: > > 12

Properties of 12
        buzz: false
        duck: false
 palindromic: false
      gapful: false
         spy: false
      square: false
       sunny: false
        even: true
         odd: false
     jumping: true

Enter a request: > > 13

Properties of 13
        buzz: false
        duck: false
 palindromic: false
      gapful: false
         spy: false
      square: false
       sunny: false
        even: false
         odd: true
     jumping: false

Enter a request: > > 14

Properties of 14
        buzz: true
        duck: false
 palindromic: false
      gapful: false
         spy: false
      square: false
       sunny: false
        even: true
         odd: false
     jumping: false

Enter a request: > > 5070591707468006641

Properties of 5070591707468006641
        buzz: false
        duck: true
 palindromic: false
      gapful: false
         spy: false
      square: false
       sunny: false
        even: false
         odd: true
     jumping: false

Enter a request: > > 4408408947969075072

Properties of 4408408947969075072
        buzz: false
        duck: true
 palindromic: false
      gapful: false
         spy: false
      square: false
       sunny: false
        even: true
         odd: false
     jumping: false

Enter a request: > > 8074025092506415284

Properties of 8074025092506415284
        buzz: false
        duck: true
 palindromic: false
      gapful: false
         spy: false
      square: false
       sunny: false
        even: true
         odd: false
     jumping: false

Enter a request: > > 2977169312394860353

Properties of 2977169312394860353
        buzz: false
        duck: true
 palindromic: false
      gapful: false
         spy: false
      square: false
       sunny: false
        even: false
         odd: true
     jumping: false

Enter a request: > > 9039568937027955957

Properties of 9039568937027955957
        buzz: true
        duck: true
 palindromic: false
      gapful: false
         spy: false
      square: false
       sunny: false
        even: false
         odd: true
     jumping: false

Enter a request: > > 787914009607529710

Properties of 787914009607529710
        buzz: false
        duck: true
 palindromic: false
      gapful: false
         spy: false
      square: false
       sunny: false
        even: true
         odd: false
     jumping: false

Enter a request: > > 4436150921263427981

Properties of 4436150921263427981
        buzz: false
        duck: true
 palindromic: false
      gapful: false
         spy: false
      square: false
       sunny: false
        even: false
         odd: true
     jumping: false

Enter a request: > > 4643533442408541044

Properties of 4643533442408541044
        buzz: true
        duck: true
 palindromic: false
      gapful: false
         spy: false
      square: false
       sunny: false
        even: true
         odd: false
     jumping: false

Enter a request: > > 7471507942205018694

Properties of 7471507942205018694
        buzz: false
        duck: true
 palindromic: false
      gapful: false
         spy: false
      square: false
       sunny: false
        even: true
         odd: false
     jumping: false

Enter a request: > > 8237948039867644858

Properties of 8237948039867644858
        buzz: false
        duck: true
 palindromic: false
      gapful: false
         spy: false
      square: false
       sunny: false
        even: true
         odd: false
     jumping: false

Enter a request: > > 0
?[1;31m
Start test 18?[0m
Welcome to Amazing Numbers!

Supported requests:
- enter a natural number to know its properties;
- enter two natural numbers to obtain the properties of the list:
  * the first parameter represents a starting number;
  * the second parameter shows how many consecutive numbers are to be printed;
- two natural numbers and properties to search for;
- separate the parameters with one space;
- enter 0 to exit.

Enter a request: > > 1 15

1 is palindromic, spy, square, odd, jumping
2 is palindromic, spy, even, jumping
3 is palindromic, spy, sunny, odd, jumping
4 is palindromic, spy, square, even, jumping
5 is palindromic, spy, odd, jumping
6 is palindromic, spy, even, jumping
7 is buzz, palindromic, spy, odd, jumping
8 is palindromic, spy, sunny, even, jumping
9 is palindromic, spy, square, odd, jumping
10 is duck, even, jumping
11 is palindromic, odd
12 is even, jumping
13 is odd
14 is buzz, even
15 is sunny, odd

Enter a request: > > 0
?[1;31m
Start test 19?[0m
Welcome to Amazing Numbers!

Supported requests:
- enter a natural number to know its properties;
- enter two natural numbers to obtain the properties of the list:
  * the first parameter represents a starting number;
  * the second parameter shows how many consecutive numbers are to be printed;
- two natural numbers and properties to search for;
- separate the parameters with one space;
- enter 0 to exit.

Enter a request: > > 3617265936896867296 20

3617265936896867296 is even
3617265936896867297 is buzz, odd
3617265936896867298 is even
3617265936896867299 is odd
3617265936896867300 is duck, even
3617265936896867301 is duck, odd
3617265936896867302 is duck, even
3617265936896867303 is duck, odd
3617265936896867304 is buzz, duck, even
3617265936896867305 is duck, odd
3617265936896867306 is duck, even
3617265936896867307 is buzz, duck, odd
3617265936896867308 is duck, even
3617265936896867309 is duck, odd
3617265936896867310 is duck, gapful, even
3617265936896867311 is buzz, odd
3617265936896867312 is even
3617265936896867313 is odd
3617265936896867314 is even
3617265936896867315 is odd

Enter a request: > > 0
?[1;31m
Start test 20?[0m
Welcome to Amazing Numbers!

Supported requests:
- enter a natural number to know its properties;
- enter two natural numbers to obtain the properties of the list:
  * the first parameter represents a starting number;
  * the second parameter shows how many consecutive numbers are to be printed;
- two natural numbers and properties to search for;
- separate the parameters with one space;
- enter 0 to exit.

Enter a request: > > 5003039530935266638 14

5003039530935266638 is duck, even
5003039530935266639 is buzz, duck, odd
5003039530935266640 is duck, even
5003039530935266641 is duck, odd
5003039530935266642 is duck, even
5003039530935266643 is duck, odd
5003039530935266644 is duck, even
5003039530935266645 is duck, gapful, odd
5003039530935266646 is buzz, duck, even
5003039530935266647 is buzz, duck, odd
5003039530935266648 is duck, even
5003039530935266649 is duck, odd
5003039530935266650 is duck, gapful, even
5003039530935266651 is duck, odd

Enter a request: > > 0
?[1;31m
Start test 21?[0m
Welcome to Amazing Numbers!

Supported requests:
- enter a natural number to know its properties;
- enter two natural numbers to obtain the properties of the list:
  * the first parameter represents a starting number;
  * the second parameter shows how many consecutive numbers are to be printed;
- two natural numbers and properties to search for;
- separate the parameters with one space;
- enter 0 to exit.

Enter a request: > > 2420654955072898932 10

2420654955072898932 is duck, even
2420654955072898933 is duck, gapful, odd
2420654955072898934 is duck, even
2420654955072898935 is duck, odd
2420654955072898936 is buzz, duck, even
2420654955072898937 is buzz, duck, odd
2420654955072898938 is duck, even
2420654955072898939 is duck, odd
2420654955072898940 is duck, gapful, even
2420654955072898941 is duck, odd

Enter a request: > > 0
?[1;31m
Start test 22?[0m
Welcome to Amazing Numbers!

Supported requests:
- enter a natural number to know its properties;
- enter two natural numbers to obtain the properties of the list:
  * the first parameter represents a starting number;
  * the second parameter shows how many consecutive numbers are to be printed;
- two natural numbers and properties to search for;
- separate the parameters with one space;
- enter 0 to exit.

Enter a request: > > 6247826619826656595 19

6247826619826656595 is odd
6247826619826656596 is even
6247826619826656597 is buzz, odd
6247826619826656598 is even
6247826619826656599 is buzz, odd
6247826619826656600 is duck, gapful, even
6247826619826656601 is duck, odd
6247826619826656602 is duck, even
6247826619826656603 is duck, odd
6247826619826656604 is duck, even
6247826619826656605 is duck, gapful, odd
6247826619826656606 is buzz, duck, even
6247826619826656607 is buzz, duck, odd
6247826619826656608 is duck, even
6247826619826656609 is duck, odd
6247826619826656610 is duck, even
6247826619826656611 is odd
6247826619826656612 is even
6247826619826656613 is buzz, odd

Enter a request: > > 0
?[1;31m
Start test 23?[0m
Welcome to Amazing Numbers!

Supported requests:
- enter a natural number to know its properties;
- enter two natural numbers to obtain the properties of the list:
  * the first parameter represents a starting number;
  * the second parameter shows how many consecutive numbers are to be printed;
- two natural numbers and properties to search for;
- separate the parameters with one space;
- enter 0 to exit.

Enter a request: > > 5336835855431197089 5

5336835855431197089 is buzz, duck, odd
5336835855431197090 is duck, even
5336835855431197091 is duck, odd
5336835855431197092 is duck, even
5336835855431197093 is duck, odd

Enter a request: > > 0
?[1;31m
Start test 24?[0m
Welcome to Amazing Numbers!

Supported requests:
- enter a natural number to know its properties;
- enter two natural numbers to obtain the properties of the list:
  * the first parameter represents a starting number;
  * the second parameter shows how many consecutive numbers are to be printed;
- two natural numbers and properties to search for;
- separate the parameters with one space;
- enter 0 to exit.

Enter a request: > > 532209139784770673 20

532209139784770673 is duck, odd
532209139784770674 is duck, even
532209139784770675 is duck, odd
532209139784770676 is duck, even
532209139784770677 is buzz, duck, odd
532209139784770678 is duck, even
532209139784770679 is buzz, duck, odd
532209139784770680 is duck, even
532209139784770681 is duck, odd
532209139784770682 is duck, even
532209139784770683 is duck, odd
532209139784770684 is duck, even
532209139784770685 is duck, odd
532209139784770686 is buzz, duck, even
532209139784770687 is buzz, duck, odd
532209139784770688 is duck, even
532209139784770689 is duck, odd
532209139784770690 is duck, even
532209139784770691 is duck, odd
532209139784770692 is duck, even

Enter a request: > > 0
?[1;31m
Start test 25?[0m
Welcome to Amazing Numbers!

Supported requests:
- enter a natural number to know its properties;
- enter two natural numbers to obtain the properties of the list:
  * the first parameter represents a starting number;
  * the second parameter shows how many consecutive numbers are to be printed;
- two natural numbers and properties to search for;
- separate the parameters with one space;
- enter 0 to exit.

Enter a request: > > 144837190934840477 1

144837190934840477 is buzz, duck, odd

Enter a request: > > 0
?[1;31m
Start test 26?[0m
Welcome to Amazing Numbers!

Supported requests:
- enter a natural number to know its properties;
- enter two natural numbers to obtain the properties of the list:
  * the first parameter represents a starting number;
  * the second parameter shows how many consecutive numbers are to be printed;
- two natural numbers and properties to search for;
- separate the parameters with one space;
- enter 0 to exit.

Enter a request: > > 3947679488021632893 2

3947679488021632893 is duck, odd
3947679488021632894 is duck, even

Enter a request: > > 0
?[1;31m
Start test 27?[0m
Welcome to Amazing Numbers!

Supported requests:
- enter a natural number to know its properties;
- enter two natural numbers to obtain the properties of the list:
  * the first parameter represents a starting number;
  * the second parameter shows how many consecutive numbers are to be printed;
- two natural numbers and properties to search for;
- separate the parameters with one space;
- enter 0 to exit.

Enter a request: > > 987077117346355940 5

987077117346355940 is duck, even
987077117346355941 is duck, odd
987077117346355942 is duck, even
987077117346355943 is duck, odd
987077117346355944 is duck, even

Enter a request: > > 0
?[1;31m
Start test 28?[0m
Welcome to Amazing Numbers!

Supported requests:
- enter a natural number to know its properties;
- enter two natural numbers to obtain the properties of the list:
  * the first parameter represents a starting number;
  * the second parameter shows how many consecutive numbers are to be printed;
- two natural numbers and properties to search for;
- separate the parameters with one space;
- enter 0 to exit.

Enter a request: > > 9068669417966803428 2

9068669417966803428 is buzz, duck, gapful, even
9068669417966803429 is duck, odd

Enter a request: > > 0
?[1;31m
Start test 29?[0m
Welcome to Amazing Numbers!

Supported requests:
- enter a natural number to know its properties;
- enter two natural numbers to obtain the properties of the list:
  * the first parameter represents a starting number;
  * the second parameter shows how many consecutive numbers are to be printed;
- two natural numbers and properties to search for;
- separate the parameters with one space;
- enter 0 to exit.

Enter a request: > > 1 10 May

The property [MAY] is wrong.
Available properties: [BUZZ, DUCK, PALINDROMIC, GAPFUL, SPY, SQUARE, SUNNY, EVEN, ODD, JUMPING]

Enter a request: > > 0
?[1;31m
Start test 30?[0m
Welcome to Amazing Numbers!

Supported requests:
- enter a natural number to know its properties;
- enter two natural numbers to obtain the properties of the list:
  * the first parameter represents a starting number;
  * the second parameter shows how many consecutive numbers are to be printed;
- two natural numbers and properties to search for;
- separate the parameters with one space;
- enter 0 to exit.

Enter a request: > > 40 2 bay

The property [BAY] is wrong.
Available properties: [BUZZ, DUCK, PALINDROMIC, GAPFUL, SPY, SQUARE, SUNNY, EVEN, ODD, JUMPING]

Enter a request: > > 0
?[1;31m
Start test 31?[0m
Welcome to Amazing Numbers!

Supported requests:
- enter a natural number to know its properties;
- enter two natural numbers to obtain the properties of the list:
  * the first parameter represents a starting number;
  * the second parameter shows how many consecutive numbers are to be printed;
- two natural numbers and properties to search for;
- separate the parameters with one space;
- enter 0 to exit.

Enter a request: > > 37 4 8

The property [8] is wrong.
Available properties: [BUZZ, DUCK, PALINDROMIC, GAPFUL, SPY, SQUARE, SUNNY, EVEN, ODD, JUMPING]

Enter a request: > > 0
?[1;31m
Start test 32?[0m
Welcome to Amazing Numbers!

Supported requests:
- enter a natural number to know its properties;
- enter two natural numbers to obtain the properties of the list:
  * the first parameter represents a starting number;
  * the second parameter shows how many consecutive numbers are to be printed;
- two natural numbers and properties to search for;
- separate the parameters with one space;
- enter 0 to exit.

Enter a request: > > 67 2 day

The property [DAY] is wrong.
Available properties: [BUZZ, DUCK, PALINDROMIC, GAPFUL, SPY, SQUARE, SUNNY, EVEN, ODD, JUMPING]

Enter a request: > > 0
?[1;31m
Start test 33?[0m
Welcome to Amazing Numbers!

Supported requests:
- enter a natural number to know its properties;
- enter two natural numbers to obtain the properties of the list:
  * the first parameter represents a starting number;
  * the second parameter shows how many consecutive numbers are to be printed;
- two natural numbers and properties to search for;
- separate the parameters with one space;
- enter 0 to exit.

Enter a request: > > 2 54 Prime

The property [PRIME] is wrong.
Available properties: [BUZZ, DUCK, PALINDROMIC, GAPFUL, SPY, SQUARE, SUNNY, EVEN, ODD, JUMPING]

Enter a request: > > 0
?[1;31m
Start test 34?[0m
Welcome to Amazing Numbers!

Supported requests:
- enter a natural number to know its properties;
- enter two natural numbers to obtain the properties of the list:
  * the first parameter represents a starting number;
  * the second parameter shows how many consecutive numbers are to be printed;
- two natural numbers and properties to search for;
- separate the parameters with one space;
- enter 0 to exit.

Enter a request: > > 6 8 ...

The property [...] is wrong.
Available properties: [BUZZ, DUCK, PALINDROMIC, GAPFUL, SPY, SQUARE, SUNNY, EVEN, ODD, JUMPING]

Enter a request: > > 0
?[1;31m
Start test 35?[0m
Welcome to Amazing Numbers!

Supported requests:
- enter a natural number to know its properties;
- enter two natural numbers to obtain the properties of the list:
  * the first parameter represents a starting number;
  * the second parameter shows how many consecutive numbers are to be printed;
- two natural numbers and properties to search for;
- separate the parameters with one space;
- enter 0 to exit.

Enter a request: > > 5 9 none

The property [NONE] is wrong.
Available properties: [BUZZ, DUCK, PALINDROMIC, GAPFUL, SPY, SQUARE, SUNNY, EVEN, ODD, JUMPING]

Enter a request: > > 0
?[1;31m
Start test 36?[0m
Welcome to Amazing Numbers!

Supported requests:
- enter a natural number to know its properties;
- enter two natural numbers to obtain the properties of the list:
  * the first parameter represents a starting number;
  * the second parameter shows how many consecutive numbers are to be printed;
- two natural numbers and properties to search for;
- separate the parameters with one space;
- enter 0 to exit.

Enter a request: > > 1 10 BUZZ

7 is buzz, palindromic, spy, odd, jumping
14 is buzz, even
17 is buzz, odd
21 is buzz, odd, jumping
27 is buzz, odd
28 is buzz, even
35 is buzz, sunny, odd
37 is buzz, odd
42 is buzz, even
47 is buzz, odd

Enter a request: > > 1 10 DUCK

10 is duck, even, jumping
20 is duck, even
30 is duck, even
40 is duck, even
50 is duck, even
60 is duck, even
70 is buzz, duck, even
80 is duck, sunny, even
90 is duck, even
100 is duck, gapful, square, even

Enter a request: > > 1 10 PALINDROMIC

1 is palindromic, spy, square, odd, jumping
2 is palindromic, spy, even, jumping
3 is palindromic, spy, sunny, odd, jumping
4 is palindromic, spy, square, even, jumping
5 is palindromic, spy, odd, jumping
6 is palindromic, spy, even, jumping
7 is buzz, palindromic, spy, odd, jumping
8 is palindromic, spy, sunny, even, jumping
9 is palindromic, spy, square, odd, jumping
11 is palindromic, odd

Enter a request: > > 1 10 GAPFUL

100 is duck, gapful, square, even
105 is buzz, duck, gapful, odd
108 is duck, gapful, even
110 is duck, gapful, even
120 is duck, gapful, sunny, even
121 is palindromic, gapful, square, odd, jumping
130 is duck, gapful, even
132 is gapful, spy, even
135 is gapful, odd
140 is buzz, duck, gapful, even

Enter a request: > > 1 10 SPY

1 is palindromic, spy, square, odd, jumping
2 is palindromic, spy, even, jumping
3 is palindromic, spy, sunny, odd, jumping
4 is palindromic, spy, square, even, jumping
5 is palindromic, spy, odd, jumping
6 is palindromic, spy, even, jumping
7 is buzz, palindromic, spy, odd, jumping
8 is palindromic, spy, sunny, even, jumping
9 is palindromic, spy, square, odd, jumping
22 is palindromic, spy, even

Enter a request: > > 1 10 SQUARE

1 is palindromic, spy, square, odd, jumping
4 is palindromic, spy, square, even, jumping
9 is palindromic, spy, square, odd, jumping
16 is square, even
25 is square, odd
36 is square, even
49 is buzz, square, odd
64 is square, even
81 is square, odd
100 is duck, gapful, square, even

Enter a request: > > 1 10 SUNNY

3 is palindromic, spy, sunny, odd, jumping
8 is palindromic, spy, sunny, even, jumping
15 is sunny, odd
24 is sunny, even
35 is buzz, sunny, odd
48 is sunny, even
63 is buzz, sunny, odd
80 is duck, sunny, even
99 is palindromic, sunny, odd
120 is duck, gapful, sunny, even

Enter a request: > > 1 10 JUMPING

1 is palindromic, spy, square, odd, jumping
2 is palindromic, spy, even, jumping
3 is palindromic, spy, sunny, odd, jumping
4 is palindromic, spy, square, even, jumping
5 is palindromic, spy, odd, jumping
6 is palindromic, spy, even, jumping
7 is buzz, palindromic, spy, odd, jumping
8 is palindromic, spy, sunny, even, jumping
9 is palindromic, spy, square, odd, jumping
10 is duck, even, jumping

Enter a request: > > 1 10 EVEN

2 is palindromic, spy, even, jumping
4 is palindromic, spy, square, even, jumping
6 is palindromic, spy, even, jumping
8 is palindromic, spy, sunny, even, jumping
10 is duck, even, jumping
12 is even, jumping
14 is buzz, even
16 is square, even
18 is even
20 is duck, even

Enter a request: > > 1 10 ODD

1 is palindromic, spy, square, odd, jumping
3 is palindromic, spy, sunny, odd, jumping
5 is palindromic, spy, odd, jumping
7 is buzz, palindromic, spy, odd, jumping
9 is palindromic, spy, square, odd, jumping
11 is palindromic, odd
13 is odd
15 is sunny, odd
17 is buzz, odd
19 is odd

Enter a request: > > 0
?[1;31m
Start test 37?[0m
Welcome to Amazing Numbers!

Supported requests:
- enter a natural number to know its properties;
- enter two natural numbers to obtain the properties of the list:
  * the first parameter represents a starting number;
  * the second parameter shows how many consecutive numbers are to be printed;
- two natural numbers and properties to search for;
- separate the parameters with one space;
- enter 0 to exit.

Enter a request: > > 15250 13 GAPFUL

15250 is duck, gapful, even
15252 is gapful, even
15255 is gapful, odd
15260 is buzz, duck, gapful, even
15270 is duck, gapful, even
15274 is buzz, gapful, even
15280 is duck, gapful, even
15285 is gapful, odd
15290 is duck, gapful, even
15296 is gapful, even
15300 is duck, gapful, even
15301 is duck, gapful, odd
15310 is duck, gapful, even

Enter a request: > > 0
?[1;31m
Start test 38?[0m
Welcome to Amazing Numbers!

Supported requests:
- enter a natural number to know its properties;
- enter two natural numbers to obtain the properties of the list:
  * the first parameter represents a starting number;
  * the second parameter shows how many consecutive numbers are to be printed;
- two natural numbers and properties to search for;
- separate the parameters with one space;
- enter 0 to exit.

Enter a request: > > 27894 8 ODD

27895 is buzz, odd
27897 is buzz, odd
27899 is odd
27901 is duck, odd
27903 is duck, odd
27905 is duck, odd
27907 is buzz, duck, odd
27909 is buzz, duck, odd

Enter a request: > > 0
?[1;31m
Start test 39?[0m
Welcome to Amazing Numbers!

Supported requests:
- enter a natural number to know its properties;
- enter two natural numbers to obtain the properties of the list:
  * the first parameter represents a starting number;
  * the second parameter shows how many consecutive numbers are to be printed;
- two natural numbers and properties to search for;
- separate the parameters with one space;
- enter 0 to exit.

Enter a request: > > 16988 1 EVEN

16988 is even

Enter a request: > > 0
?[1;31m
Start test 40?[0m
Welcome to Amazing Numbers!

Supported requests:
- enter a natural number to know its properties;
- enter two natural numbers to obtain the properties of the list:
  * the first parameter represents a starting number;
  * the second parameter shows how many consecutive numbers are to be printed;
- two natural numbers and properties to search for;
- separate the parameters with one space;
- enter 0 to exit.

Enter a request: > > 9873 20 GAPFUL

9898 is buzz, gapful, even, jumping
9900 is duck, gapful, even
9964 is gapful, even
9975 is buzz, gapful, odd
9990 is duck, gapful, even
9999 is palindromic, gapful, sunny, odd
10000 is duck, gapful, square, even
10005 is duck, gapful, odd
10008 is duck, gapful, even
10010 is buzz, duck, gapful, even
10016 is duck, gapful, even
10020 is duck, gapful, even
10021 is duck, gapful, odd
10023 is duck, gapful, odd
10024 is buzz, duck, gapful, even
10030 is duck, gapful, even
10032 is duck, gapful, even
10035 is duck, gapful, odd
10040 is duck, gapful, even
10047 is buzz, duck, gapful, odd

Enter a request: > > 0
?[1;31m
Start test 41?[0m
Welcome to Amazing Numbers!

Supported requests:
- enter a natural number to know its properties;
- enter two natural numbers to obtain the properties of the list:
  * the first parameter represents a starting number;
  * the second parameter shows how many consecutive numbers are to be printed;
- two natural numbers and properties to search for;
- separate the parameters with one space;
- enter 0 to exit.

Enter a request: > > 15837 10 ODD

15837 is buzz, odd
15839 is odd
15841 is buzz, odd
15843 is odd
15845 is odd
15847 is buzz, odd
15849 is odd
15851 is palindromic, gapful, odd
15853 is odd
15855 is buzz, gapful, odd

Enter a request: > > 0
?[1;31m
Start test 42?[0m
Welcome to Amazing Numbers!

Supported requests:
- enter a natural number to know its properties;
- enter two natural numbers to obtain the properties of the list:
  * the first parameter represents a starting number;
  * the second parameter shows how many consecutive numbers are to be printed;
- two natural numbers and properties to search for;
- separate the parameters with one space;
- enter 0 to exit.

Enter a request: > > 32424 14 DUCK

32430 is duck, gapful, even
32440 is duck, even
32450 is duck, even
32460 is duck, gapful, even
32470 is duck, even
32480 is buzz, duck, even
32490 is duck, gapful, even
32500 is duck, even
32501 is buzz, duck, odd
32502 is duck, even
32503 is duck, odd
32504 is duck, gapful, even
32505 is duck, odd
32506 is duck, even

Enter a request: > > 0
?[1;31m
Start test 43?[0m
Welcome to Amazing Numbers!

Supported requests:
- enter a natural number to know its properties;
- enter two natural numbers to obtain the properties of the list:
  * the first parameter represents a starting number;
  * the second parameter shows how many consecutive numbers are to be printed;
- two natural numbers and properties to search for;
- separate the parameters with one space;
- enter 0 to exit.

Enter a request: > > 18814 1 DUCK

18820 is duck, gapful, even

Enter a request: > > 0
?[1;31m
Start test 44?[0m
Welcome to Amazing Numbers!

Supported requests:
- enter a natural number to know its properties;
- enter two natural numbers to obtain the properties of the list:
  * the first parameter represents a starting number;
  * the second parameter shows how many consecutive numbers are to be printed;
- two natural numbers and properties to search for;
- separate the parameters with one space;
- enter 0 to exit.

Enter a request: > > 11998 10 JUMPING

12101 is duck, odd, jumping
12121 is palindromic, odd, jumping
12123 is odd, jumping
12321 is palindromic, square, odd, jumping
12323 is odd, jumping
12343 is odd, jumping
12345 is gapful, odd, jumping
21010 is duck, even, jumping
21012 is duck, palindromic, even, jumping
21210 is buzz, duck, even, jumping

Enter a request: > > 0
?[1;31m
Start test 45?[0m
Welcome to Amazing Numbers!

Supported requests:
- enter a natural number to know its properties;
- enter two natural numbers to obtain the properties of the list:
  * the first parameter represents a starting number;
  * the second parameter shows how many consecutive numbers are to be printed;
- two natural numbers and properties to search for;
- separate the parameters with one space;
- enter 0 to exit.

Enter a request: > > 28781 9 ODD

28781 is odd
28783 is odd
28785 is odd
28787 is buzz, odd
28789 is odd
28791 is buzz, gapful, odd
28793 is odd
28795 is odd
28797 is buzz, odd

Enter a request: > > 0
?[1;31m
Start test 46?[0m
Welcome to Amazing Numbers!

Supported requests:
- enter a natural number to know its properties;
- enter two natural numbers to obtain the properties of the list:
  * the first parameter represents a starting number;
  * the second parameter shows how many consecutive numbers are to be printed;
- two natural numbers and properties to search for;
- separate the parameters with one space;
- enter 0 to exit.

Enter a request: > > 14237 8 ODD

14237 is buzz, odd
14239 is odd
14241 is palindromic, odd
14243 is odd
14245 is buzz, odd
14247 is buzz, odd
14249 is odd
14251 is odd

Enter a request: > > 0
?[1;31m
Start test 47?[0m
Welcome to Amazing Numbers!

Supported requests:
- enter a natural number to know its properties;
- enter two natural numbers to obtain the properties of the list:
  * the first parameter represents a starting number;
  * the second parameter shows how many consecutive numbers are to be printed;
- two natural numbers and properties to search for;
- separate the parameters with one space;
- enter 0 to exit.

Enter a request: > > 1 10 odd girl

The property [GIRL] is wrong.
Available properties: [BUZZ, DUCK, PALINDROMIC, GAPFUL, SPY, SQUARE, SUNNY, EVEN, ODD, JUMPING]

Enter a request: > > 0
?[1;31m
Start test 48?[0m
Welcome to Amazing Numbers!

Supported requests:
- enter a natural number to know its properties;
- enter two natural numbers to obtain the properties of the list:
  * the first parameter represents a starting number;
  * the second parameter shows how many consecutive numbers are to be printed;
- two natural numbers and properties to search for;
- separate the parameters with one space;
- enter 0 to exit.

Enter a request: > > 40 2 even day

The property [DAY] is wrong.
Available properties: [BUZZ, DUCK, PALINDROMIC, GAPFUL, SPY, SQUARE, SUNNY, EVEN, ODD, JUMPING]

Enter a request: > > 0
?[1;31m
Start test 49?[0m
Welcome to Amazing Numbers!

Supported requests:
- enter a natural number to know its properties;
- enter two natural numbers to obtain the properties of the list:
  * the first parameter represents a starting number;
  * the second parameter shows how many consecutive numbers are to be printed;
- two natural numbers and properties to search for;
- separate the parameters with one space;
- enter 0 to exit.

Enter a request: > > 37 4 spy 89

The property [89] is wrong.
Available properties: [BUZZ, DUCK, PALINDROMIC, GAPFUL, SPY, SQUARE, SUNNY, EVEN, ODD, JUMPING]

Enter a request: > > 0
?[1;31m
Start test 50?[0m
Welcome to Amazing Numbers!

Supported requests:
- enter a natural number to know its properties;
- enter two natural numbers to obtain the properties of the list:
  * the first parameter represents a starting number;
  * the second parameter shows how many consecutive numbers are to be printed;
- two natural numbers and properties to search for;
- separate the parameters with one space;
- enter 0 to exit.

Enter a request: > > 67 2 DUCK +

The property [+] is wrong.
Available properties: [BUZZ, DUCK, PALINDROMIC, GAPFUL, SPY, SQUARE, SUNNY, EVEN, ODD, JUMPING]

Enter a request: > > 0
?[1;31m
Start test 51?[0m
Welcome to Amazing Numbers!

Supported requests:
- enter a natural number to know its properties;
- enter two natural numbers to obtain the properties of the list:
  * the first parameter represents a starting number;
  * the second parameter shows how many consecutive numbers are to be printed;
- two natural numbers and properties to search for;
- separate the parameters with one space;
- enter 0 to exit.

Enter a request: > > 1 10 boy friend

The properties [BOY, FRIEND] are wrong.
Available properties: [BUZZ, DUCK, PALINDROMIC, GAPFUL, SPY, SQUARE, SUNNY, EVEN, ODD, JUMPING]

Enter a request: > > 0
?[1;31m
Start test 52?[0m
Welcome to Amazing Numbers!

Supported requests:
- enter a natural number to know its properties;
- enter two natural numbers to obtain the properties of the list:
  * the first parameter represents a starting number;
  * the second parameter shows how many consecutive numbers are to be printed;
- two natural numbers and properties to search for;
- separate the parameters with one space;
- enter 0 to exit.

Enter a request: > > 40 2 long day

The properties [LONG, DAY] are wrong.
Available properties: [BUZZ, DUCK, PALINDROMIC, GAPFUL, SPY, SQUARE, SUNNY, EVEN, ODD, JUMPING]

Enter a request: > > 0
?[1;31m
Start test 53?[0m
Welcome to Amazing Numbers!

Supported requests:
- enter a natural number to know its properties;
- enter two natural numbers to obtain the properties of the list:
  * the first parameter represents a starting number;
  * the second parameter shows how many consecutive numbers are to be printed;
- two natural numbers and properties to search for;
- separate the parameters with one space;
- enter 0 to exit.

Enter a request: > > 37 4 hot girl

The properties [HOT, GIRL] are wrong.
Available properties: [BUZZ, DUCK, PALINDROMIC, GAPFUL, SPY, SQUARE, SUNNY, EVEN, ODD, JUMPING]

Enter a request: > > 0
?[1;31m
Start test 54?[0m
Welcome to Amazing Numbers!

Supported requests:
- enter a natural number to know its properties;
- enter two natural numbers to obtain the properties of the list:
  * the first parameter represents a starting number;
  * the second parameter shows how many consecutive numbers are to be printed;
- two natural numbers and properties to search for;
- separate the parameters with one space;
- enter 0 to exit.

Enter a request: > > 67 2 strong drake

The properties [STRONG, DRAKE] are wrong.
Available properties: [BUZZ, DUCK, PALINDROMIC, GAPFUL, SPY, SQUARE, SUNNY, EVEN, ODD, JUMPING]

Enter a request: > > 0
?[1;31m
Start test 55?[0m
Welcome to Amazing Numbers!

Supported requests:
- enter a natural number to know its properties;
- enter two natural numbers to obtain the properties of the list:
  * the first parameter represents a starting number;
  * the second parameter shows how many consecutive numbers are to be printed;
- two natural numbers and properties to search for;
- separate the parameters with one space;
- enter 0 to exit.

Enter a request: > > 1 7 odd spy palindromic

1 is palindromic, spy, square, odd, jumping
3 is palindromic, spy, sunny, odd, jumping
5 is palindromic, spy, odd, jumping
7 is buzz, palindromic, spy, odd, jumping
9 is palindromic, spy, square, odd, jumping
12221 is palindromic, gapful, spy, odd
13131 is palindromic, spy, odd

Enter a request: > > 0
?[1;31m
Start test 56?[0m
Welcome to Amazing Numbers!

Supported requests:
- enter a natural number to know its properties;
- enter two natural numbers to obtain the properties of the list:
  * the first parameter represents a starting number;
  * the second parameter shows how many consecutive numbers are to be printed;
- two natural numbers and properties to search for;
- separate the parameters with one space;
- enter 0 to exit.

Enter a request: > > 1 10 even palindromic duck buzz

2002 is buzz, duck, palindromic, gapful, even
4004 is buzz, duck, palindromic, gapful, even
6006 is buzz, duck, palindromic, gapful, even
8008 is buzz, duck, palindromic, gapful, even
20202 is buzz, duck, palindromic, even
20902 is buzz, duck, palindromic, even
22022 is buzz, duck, palindromic, gapful, even
29092 is buzz, duck, palindromic, even
40404 is buzz, duck, palindromic, even
44044 is buzz, duck, palindromic, gapful, even

Enter a request: > > 0
?[1;31m
Start test 57?[0m
Welcome to Amazing Numbers!

Supported requests:
- enter a natural number to know its properties;
- enter two natural numbers to obtain the properties of the list:
  * the first parameter represents a starting number;
  * the second parameter shows how many consecutive numbers are to be printed;
- two natural numbers and properties to search for;
- separate the parameters with one space;
- enter 0 to exit.

Enter a request: > > 1 9 even palindromic duck buzz gapful

2002 is buzz, duck, palindromic, gapful, even
4004 is buzz, duck, palindromic, gapful, even
6006 is buzz, duck, palindromic, gapful, even
8008 is buzz, duck, palindromic, gapful, even
22022 is buzz, duck, palindromic, gapful, even
44044 is buzz, duck, palindromic, gapful, even
66066 is buzz, duck, palindromic, gapful, even
88088 is buzz, duck, palindromic, gapful, even
202202 is buzz, duck, palindromic, gapful, even

Enter a request: > > 0
?[1;31m
Start test 58?[0m
Welcome to Amazing Numbers!

Supported requests:
- enter a natural number to know its properties;
- enter two natural numbers to obtain the properties of the list:
  * the first parameter represents a starting number;
  * the second parameter shows how many consecutive numbers are to be printed;
- two natural numbers and properties to search for;
- separate the parameters with one space;
- enter 0 to exit.

Enter a request: > > 1 10 even sunny duck buzz gapful

1680 is buzz, duck, gapful, sunny, even
4760 is buzz, duck, gapful, sunny, even
9408 is buzz, duck, gapful, sunny, even
12320 is buzz, duck, gapful, sunny, even
19320 is buzz, duck, gapful, sunny, even
19880 is buzz, duck, gapful, sunny, even
23408 is buzz, duck, gapful, sunny, even
24024 is buzz, duck, gapful, sunny, even
28560 is buzz, duck, gapful, sunny, even
32760 is buzz, duck, gapful, sunny, even

Enter a request: > > 0
?[1;31m
Start test 59?[0m
Welcome to Amazing Numbers!

Supported requests:
- enter a natural number to know its properties;
- enter two natural numbers to obtain the properties of the list:
  * the first parameter represents a starting number;
  * the second parameter shows how many consecutive numbers are to be printed;
- two natural numbers and properties to search for;
- separate the parameters with one space;
- enter 0 to exit.

Enter a request: > > 100000 2 even spy buzz gapful

111216 is buzz, gapful, spy, even
161112 is buzz, gapful, spy, even

Enter a request: > > 0
?[1;31m
Start test 60?[0m
Welcome to Amazing Numbers!

Supported requests:
- enter a natural number to know its properties;
- enter two natural numbers to obtain the properties of the list:
  * the first parameter represents a starting number;
  * the second parameter shows how many consecutive numbers are to be printed;
- two natural numbers and properties to search for;
- separate the parameters with one space;
- enter 0 to exit.

Enter a request: > > 100 4 odd spy gapful

231 is buzz, gapful, spy, odd
12221 is palindromic, gapful, spy, odd
216111 is buzz, gapful, spy, odd
1111341 is buzz, gapful, spy, odd

Enter a request: > > 0
?[1;31m
Start test 61?[0m
Welcome to Amazing Numbers!

Supported requests:
- enter a natural number to know its properties;
- enter two natural numbers to obtain the properties of the list:
  * the first parameter represents a starting number;
  * the second parameter shows how many consecutive numbers are to be printed;
- two natural numbers and properties to search for;
- separate the parameters with one space;
- enter 0 to exit.

Enter a request: > > 2000 4 even palindromic duck

2002 is buzz, duck, palindromic, gapful, even
4004 is buzz, duck, palindromic, gapful, even
6006 is buzz, duck, palindromic, gapful, even
8008 is buzz, duck, palindromic, gapful, even

Enter a request: > > 0
?[1;31m
Start test 62?[0m
Welcome to Amazing Numbers!

Supported requests:
- enter a natural number to know its properties;
- enter two natural numbers to obtain the properties of the list:
  * the first parameter represents a starting number;
  * the second parameter shows how many consecutive numbers are to be printed;
- two natural numbers and properties to search for;
- separate the parameters with one space;
- enter 0 to exit.

Enter a request: > > 1 7 even spy

2 is palindromic, spy, even, jumping
4 is palindromic, spy, square, even, jumping
6 is palindromic, spy, even, jumping
8 is palindromic, spy, sunny, even, jumping
22 is palindromic, spy, even
132 is gapful, spy, even
312 is spy, even

Enter a request: > > 0
?[1;31m
Start test 63?[0m
Welcome to Amazing Numbers!

Supported requests:
- enter a natural number to know its properties;
- enter two natural numbers to obtain the properties of the list:
  * the first parameter represents a starting number;
  * the second parameter shows how many consecutive numbers are to be printed;
- two natural numbers and properties to search for;
- separate the parameters with one space;
- enter 0 to exit.

Enter a request: > > 1 10 odd buzz

7 is buzz, palindromic, spy, odd, jumping
17 is buzz, odd
21 is buzz, odd, jumping
27 is buzz, odd
35 is buzz, sunny, odd
37 is buzz, odd
47 is buzz, odd
49 is buzz, square, odd
57 is buzz, odd
63 is buzz, sunny, odd

Enter a request: > > 0
?[1;31m
Start test 64?[0m
Welcome to Amazing Numbers!

Supported requests:
- enter a natural number to know its properties;
- enter two natural numbers to obtain the properties of the list:
  * the first parameter represents a starting number;
  * the second parameter shows how many consecutive numbers are to be printed;
- two natural numbers and properties to search for;
- separate the parameters with one space;
- enter 0 to exit.

Enter a request: > > 1 9 buzz gapful

105 is buzz, duck, gapful, odd
140 is buzz, duck, gapful, even
154 is buzz, gapful, even
187 is buzz, gapful, odd
231 is buzz, gapful, spy, odd
280 is buzz, duck, gapful, even
297 is buzz, gapful, odd
315 is buzz, gapful, odd
385 is buzz, gapful, odd

Enter a request: > > 0
?[1;31m
Start test 65?[0m
Welcome to Amazing Numbers!

Supported requests:
- enter a natural number to know its properties;
- enter two natural numbers to obtain the properties of the list:
  * the first parameter represents a starting number;
  * the second parameter shows how many consecutive numbers are to be printed;
- two natural numbers and properties to search for;
- separate the parameters with one space;
- enter 0 to exit.

Enter a request: > > 1 10 spy buzz

7 is buzz, palindromic, spy, odd, jumping
231 is buzz, gapful, spy, odd
1421 is buzz, spy, odd
2114 is buzz, spy, even
15211 is buzz, spy, odd
21511 is buzz, spy, odd
22211 is buzz, spy, odd
31311 is buzz, spy, odd
51121 is buzz, spy, odd
111216 is buzz, gapful, spy, even

Enter a request: > > 0
?[1;31m
Start test 66?[0m
Welcome to Amazing Numbers!

Supported requests:
- enter a natural number to know its properties;
- enter two natural numbers to obtain the properties of the list:
  * the first parameter represents a starting number;
  * the second parameter shows how many consecutive numbers are to be printed;
- two natural numbers and properties to search for;
- separate the parameters with one space;
- enter 0 to exit.

Enter a request: > > 100000 2 even spy

111126 is spy, even
111162 is spy, even

Enter a request: > > 0
?[1;31m
Start test 67?[0m
Welcome to Amazing Numbers!

Supported requests:
- enter a natural number to know its properties;
- enter two natural numbers to obtain the properties of the list:
  * the first parameter represents a starting number;
  * the second parameter shows how many consecutive numbers are to be printed;
- two natural numbers and properties to search for;
- separate the parameters with one space;
- enter 0 to exit.

Enter a request: > > 100 4 odd gapful

105 is buzz, duck, gapful, odd
121 is palindromic, gapful, square, odd, jumping
135 is gapful, odd
143 is gapful, sunny, odd

Enter a request: > > 0
?[1;31m
Start test 68?[0m
Welcome to Amazing Numbers!

Supported requests:
- enter a natural number to know its properties;
- enter two natural numbers to obtain the properties of the list:
  * the first parameter represents a starting number;
  * the second parameter shows how many consecutive numbers are to be printed;
- two natural numbers and properties to search for;
- separate the parameters with one space;
- enter 0 to exit.

Enter a request: > > 2000 4 palindromic duck

2002 is buzz, duck, palindromic, gapful, even
3003 is buzz, duck, palindromic, gapful, odd
4004 is buzz, duck, palindromic, gapful, even
5005 is buzz, duck, palindromic, gapful, odd

Enter a request: > > 0
?[1;31m
Start test 69?[0m
Welcome to Amazing Numbers!

Supported requests:
- enter a natural number to know its properties;
- enter two natural numbers to obtain the properties of the list:
  * the first parameter represents a starting number;
  * the second parameter shows how many consecutive numbers are to be printed;
- two natural numbers and properties to search for;
- separate the parameters with one space;
- enter 0 to exit.

Enter a request: > > 8188 7 drake

The property [DRAKE] is wrong.
Available properties: [BUZZ, DUCK, PALINDROMIC, GAPFUL, SPY, SQUARE, SUNNY, EVEN, ODD, JUMPING]

Enter a request: > > 0
?[1;31m
Start test 70?[0m
Welcome to Amazing Numbers!

Supported requests:
- enter a natural number to know its properties;
- enter two natural numbers to obtain the properties of the list:
  * the first parameter represents a starting number;
  * the second parameter shows how many consecutive numbers are to be printed;
- two natural numbers and properties to search for;
- separate the parameters with one space;
- enter 0 to exit.

Enter a request: > > 26575 13 PALINDROMIC EVEN GAPFUL JUMPING ~~

The property [~~] is wrong.
Available properties: [BUZZ, DUCK, PALINDROMIC, GAPFUL, SPY, SQUARE, SUNNY, EVEN, ODD, JUMPING]

Enter a request: > > 0
?[1;31m
Start test 71?[0m
Welcome to Amazing Numbers!

Supported requests:
- enter a natural number to know its properties;
- enter two natural numbers to obtain the properties of the list:
  * the first parameter represents a starting number;
  * the second parameter shows how many consecutive numbers are to be printed;
- two natural numbers and properties to search for;
- separate the parameters with one space;
- enter 0 to exit.

Enter a request: > > 11766 15 SQUARE BUZZ buzzz

The property [BUZZZ] is wrong.
Available properties: [BUZZ, DUCK, PALINDROMIC, GAPFUL, SPY, SQUARE, SUNNY, EVEN, ODD, JUMPING]

Enter a request: > > 0
?[1;31m
Start test 72?[0m
Welcome to Amazing Numbers!

Supported requests:
- enter a natural number to know its properties;
- enter two natural numbers to obtain the properties of the list:
  * the first parameter represents a starting number;
  * the second parameter shows how many consecutive numbers are to be printed;
- two natural numbers and properties to search for;
- separate the parameters with one space;
- enter 0 to exit.

Enter a request: > > 10528 15 _odd_ SPY EVEN

The property [_ODD_] is wrong.
Available properties: [BUZZ, DUCK, PALINDROMIC, GAPFUL, SPY, SQUARE, SUNNY, EVEN, ODD, JUMPING]

Enter a request: > > 0
?[1;31m
Start test 73?[0m
Welcome to Amazing Numbers!

Supported requests:
- enter a natural number to know its properties;
- enter two natural numbers to obtain the properties of the list:
  * the first parameter represents a starting number;
  * the second parameter shows how many consecutive numbers are to be printed;
- two natural numbers and properties to search for;
- separate the parameters with one space;
- enter 0 to exit.

Enter a request: > > 14439 16 SUNNY 242 JUMPING BUZZ PALINDROMIC

The property [242] is wrong.
Available properties: [BUZZ, DUCK, PALINDROMIC, GAPFUL, SPY, SQUARE, SUNNY, EVEN, ODD, JUMPING]

Enter a request: > > 0
?[1;31m
Start test 74?[0m
Welcome to Amazing Numbers!

Supported requests:
- enter a natural number to know its properties;
- enter two natural numbers to obtain the properties of the list:
  * the first parameter represents a starting number;
  * the second parameter shows how many consecutive numbers are to be printed;
- two natural numbers and properties to search for;
- separate the parameters with one space;
- enter 0 to exit.

Enter a request: > > 13484 9 reverse ODD SPY EVEN

The property [REVERSE] is wrong.
Available properties: [BUZZ, DUCK, PALINDROMIC, GAPFUL, SPY, SQUARE, SUNNY, EVEN, ODD, JUMPING]

Enter a request: > > 0
?[1;31m
Start test 75?[0m
Welcome to Amazing Numbers!

Supported requests:
- enter a natural number to know its properties;
- enter two natural numbers to obtain the properties of the list:
  * the first parameter represents a starting number;
  * the second parameter shows how many consecutive numbers are to be printed;
- two natural numbers and properties to search for;
- separate the parameters with one space;
- enter 0 to exit.

Enter a request: > > 24182 8 SUNNY JUMPING _odd_ BUZZ GAPFUL

The property [_ODD_] is wrong.
Available properties: [BUZZ, DUCK, PALINDROMIC, GAPFUL, SPY, SQUARE, SUNNY, EVEN, ODD, JUMPING]

Enter a request: > > 0
?[1;31m
Start test 76?[0m
Welcome to Amazing Numbers!

Supported requests:
- enter a natural number to know its properties;
- enter two natural numbers to obtain the properties of the list:
  * the first parameter represents a starting number;
  * the second parameter shows how many consecutive numbers are to be printed;
- two natural numbers and properties to search for;
- separate the parameters with one space;
- enter 0 to exit.

Enter a request: > > 21531 16 evens

The property [EVENS] is wrong.
Available properties: [BUZZ, DUCK, PALINDROMIC, GAPFUL, SPY, SQUARE, SUNNY, EVEN, ODD, JUMPING]

Enter a request: > > 0
?[1;31m
Start test 77?[0m
Welcome to Amazing Numbers!

Supported requests:
- enter a natural number to know its properties;
- enter two natural numbers to obtain the properties of the list:
  * the first parameter represents a starting number;
  * the second parameter shows how many consecutive numbers are to be printed;
- two natural numbers and properties to search for;
- separate the parameters with one space;
- enter 0 to exit.

Enter a request: > > 28300 8 EVEN 242 ODD JUMPING

The property [242] is wrong.
Available properties: [BUZZ, DUCK, PALINDROMIC, GAPFUL, SPY, SQUARE, SUNNY, EVEN, ODD, JUMPING]

Enter a request: > > 0
?[1;31m
Start test 78?[0m
Welcome to Amazing Numbers!

Supported requests:
- enter a natural number to know its properties;
- enter two natural numbers to obtain the properties of the list:
  * the first parameter represents a starting number;
  * the second parameter shows how many consecutive numbers are to be printed;
- two natural numbers and properties to search for;
- separate the parameters with one space;
- enter 0 to exit.

Enter a request: > > 28592 5 Boy

The property [BOY] is wrong.
Available properties: [BUZZ, DUCK, PALINDROMIC, GAPFUL, SPY, SQUARE, SUNNY, EVEN, ODD, JUMPING]

Enter a request: > > 0
?[1;31m
Start test 79?[0m
Welcome to Amazing Numbers!

Supported requests:
- enter a natural number to know its properties;
- enter two natural numbers to obtain the properties of the list:
  * the first parameter represents a starting number;
  * the second parameter shows how many consecutive numbers are to be printed;
- two natural numbers and properties to search for;
- separate the parameters with one space;
- enter 0 to exit.

Enter a request: > > 5 1 odd even

The request contains mutually exclusive properties: [ODD, EVEN]
There are no numbers with these properties.

Enter a request: > > 0
?[1;31m
Start test 80?[0m
Welcome to Amazing Numbers!

Supported requests:
- enter a natural number to know its properties;
- enter two natural numbers to obtain the properties of the list:
  * the first parameter represents a starting number;
  * the second parameter shows how many consecutive numbers are to be printed;
- two natural numbers and properties to search for;
- separate the parameters with one space;
- enter 0 to exit.

Enter a request: > > 4 3 even odd

The request contains mutually exclusive properties: [EVEN, ODD]
There are no numbers with these properties.

Enter a request: > > 0
?[1;31m
Start test 81?[0m
Welcome to Amazing Numbers!

Supported requests:
- enter a natural number to know its properties;
- enter two natural numbers to obtain the properties of the list:
  * the first parameter represents a starting number;
  * the second parameter shows how many consecutive numbers are to be printed;
- two natural numbers and properties to search for;
- separate the parameters with one space;
- enter 0 to exit.

Enter a request: > > 32 2 sunny square

The request contains mutually exclusive properties: [SUNNY, SQUARE]
There are no numbers with these properties.

Enter a request: > > 0
?[1;31m
Start test 82?[0m
Welcome to Amazing Numbers!

Supported requests:
- enter a natural number to know its properties;
- enter two natural numbers to obtain the properties of the list:
  * the first parameter represents a starting number;
  * the second parameter shows how many consecutive numbers are to be printed;
- two natural numbers and properties to search for;
- separate the parameters with one space;
- enter 0 to exit.

Enter a request: > > 3153 2 spy duck

The request contains mutually exclusive properties: [SPY, DUCK]
There are no numbers with these properties.

Enter a request: > > 0
?[1;31m
Start test 83?[0m
Welcome to Amazing Numbers!

Supported requests:
- enter a natural number to know its properties;
- enter two natural numbers to obtain the properties of the list:
  * the first parameter represents a starting number;
  * the second parameter shows how many consecutive numbers are to be printed;
- two natural numbers and properties to search for;
- separate the parameters with one space;
- enter 0 to exit.

Enter a request: > > 6 7 duck spy

The request contains mutually exclusive properties: [DUCK, SPY]
There are no numbers with these properties.

Enter a request: > > 0
?[1;31m
Start test 84?[0m
Welcome to Amazing Numbers!

Supported requests:
- enter a natural number to know its properties;
- enter two natural numbers to obtain the properties of the list:
  * the first parameter represents a starting number;
  * the second parameter shows how many consecutive numbers are to be printed;
- two natural numbers and properties to search for;
- separate the parameters with one space;
- enter 0 to exit.

Enter a request: > > 1 2 spy odd sunny even

The request contains mutually exclusive properties: [SPY, ODD, SUNNY, EVEN]
There are no numbers with these properties.

Enter a request: > > 0
?[1;31m
Start test 85?[0m
Welcome to Amazing Numbers!

Supported requests:
- enter a natural number to know its properties;
- enter two natural numbers to obtain the properties of the list:
  * the first parameter represents a starting number;
  * the second parameter shows how many consecutive numbers are to be printed;
- two natural numbers and properties to search for;
- separate the parameters with one space;
- enter 0 to exit.

Enter a request: > > 7 2 sunny even duck buzz square

The request contains mutually exclusive properties: [SUNNY, EVEN, DUCK, BUZZ, SQUARE]
There are no numbers with these properties.

Enter a request: > > 0
?[1;31m
Start test 86?[0m
Welcome to Amazing Numbers!

Supported requests:
- enter a natural number to know its properties;
- enter two natural numbers to obtain the properties of the list:
  * the first parameter represents a starting number;
  * the second parameter shows how many consecutive numbers are to be printed;
- two natural numbers and properties to search for;
- separate the parameters with one space;
- enter 0 to exit.

Enter a request: > > 9 5 even spy buzz duck

The request contains mutually exclusive properties: [EVEN, SPY, BUZZ, DUCK]
There are no numbers with these properties.

Enter a request: > > 0
]]></system-out>
  <system-err><![CDATA[]]></system-err>
</testsuite>
